[0.010s] Invoking command in '/ws/build/battery_manager': CMAKE_PREFIX_PATH=/opt/ros/humble /usr/bin/cmake --build /ws/build/battery_manager -- -j8 -l8
[0.050s] [  2%] Built target battery_manager__cpp
[0.050s] [ 12%] Built target battery_manager__rosidl_generator_c
[0.059s] [ 12%] Built target ament_cmake_python_copy_battery_manager
[0.086s] [ 23%] Built target battery_manager__rosidl_typesupport_fastrtps_cpp
[0.089s] [ 33%] Built target battery_manager__rosidl_typesupport_cpp
[0.096s] [ 43%] Built target battery_manager__rosidl_typesupport_introspection_c
[0.097s] [ 53%] Built target battery_manager__rosidl_typesupport_introspection_cpp
[0.102s] [ 64%] Built target battery_manager__rosidl_typesupport_fastrtps_c
[0.104s] [ 74%] Built target battery_manager__rosidl_typesupport_c
[0.123s] [ 74%] Built target battery_manager
[0.144s] [ 76%] Built target battery_manager__py
[0.163s] [ 84%] Built target battery_manager__rosidl_generator_py
[0.186s] [ 89%] Built target battery_manager__rosidl_typesupport_fastrtps_c__pyext
[0.188s] [ 94%] Built target battery_manager__rosidl_typesupport_introspection_c__pyext
[0.189s] [100%] Built target battery_manager__rosidl_typesupport_c__pyext
[0.274s] running egg_info
[0.274s] writing battery_manager.egg-info/PKG-INFO
[0.275s] writing dependency_links to battery_manager.egg-info/dependency_links.txt
[0.275s] writing top-level names to battery_manager.egg-info/top_level.txt
[0.277s] reading manifest file 'battery_manager.egg-info/SOURCES.txt'
[0.277s] writing manifest file 'battery_manager.egg-info/SOURCES.txt'
[0.302s] [100%] Built target ament_cmake_python_build_battery_manager_egg
[0.312s] Invoked command in '/ws/build/battery_manager' returned '0': CMAKE_PREFIX_PATH=/opt/ros/humble /usr/bin/cmake --build /ws/build/battery_manager -- -j8 -l8
[0.374s] Invoking command in '/ws/build/battery_manager': CMAKE_PREFIX_PATH=/opt/ros/humble /usr/bin/cmake --install /ws/build/battery_manager
[0.380s] -- Install configuration: ""
[0.380s] -- Up-to-date: /ws/install/battery_manager/share/ament_index/resource_index/rosidl_interfaces/battery_manager
[0.380s] -- Up-to-date: /ws/install/battery_manager/include/battery_manager/battery_manager
[0.380s] -- Up-to-date: /ws/install/battery_manager/include/battery_manager/battery_manager/srv
[0.380s] -- Up-to-date: /ws/install/battery_manager/include/battery_manager/battery_manager/srv/detail
[0.380s] -- Up-to-date: /ws/install/battery_manager/include/battery_manager/battery_manager/srv/detail/set_led__struct.h
[0.380s] -- Up-to-date: /ws/install/battery_manager/include/battery_manager/battery_manager/srv/detail/set_led__type_support.h
[0.380s] -- Up-to-date: /ws/install/battery_manager/include/battery_manager/battery_manager/srv/detail/set_led__functions.h
[0.380s] -- Up-to-date: /ws/install/battery_manager/include/battery_manager/battery_manager/srv/detail/set_led__functions.c
[0.380s] -- Up-to-date: /ws/install/battery_manager/include/battery_manager/battery_manager/srv/set_led.h
[0.380s] -- Up-to-date: /ws/install/battery_manager/include/battery_manager/battery_manager/msg
[0.380s] -- Up-to-date: /ws/install/battery_manager/include/battery_manager/battery_manager/msg/detail
[0.380s] -- Up-to-date: /ws/install/battery_manager/include/battery_manager/battery_manager/msg/detail/led_states__struct.h
[0.380s] -- Up-to-date: /ws/install/battery_manager/include/battery_manager/battery_manager/msg/detail/led_states__functions.c
[0.381s] -- Up-to-date: /ws/install/battery_manager/include/battery_manager/battery_manager/msg/detail/led_states__type_support.h
[0.381s] -- Up-to-date: /ws/install/battery_manager/include/battery_manager/battery_manager/msg/detail/led_states__functions.h
[0.381s] -- Up-to-date: /ws/install/battery_manager/include/battery_manager/battery_manager/msg/rosidl_generator_c__visibility_control.h
[0.381s] -- Up-to-date: /ws/install/battery_manager/include/battery_manager/battery_manager/msg/led_states.h
[0.381s] -- Up-to-date: /ws/install/battery_manager/share/battery_manager/environment/library_path.sh
[0.381s] -- Up-to-date: /ws/install/battery_manager/share/battery_manager/environment/library_path.dsv
[0.381s] -- Up-to-date: /ws/install/battery_manager/lib/libbattery_manager__rosidl_generator_c.so
[0.381s] -- Up-to-date: /ws/install/battery_manager/include/battery_manager/battery_manager
[0.381s] -- Up-to-date: /ws/install/battery_manager/include/battery_manager/battery_manager/srv
[0.381s] -- Up-to-date: /ws/install/battery_manager/include/battery_manager/battery_manager/srv/detail
[0.381s] -- Up-to-date: /ws/install/battery_manager/include/battery_manager/battery_manager/srv/detail/set_led__rosidl_typesupport_fastrtps_c.h
[0.381s] -- Up-to-date: /ws/install/battery_manager/include/battery_manager/battery_manager/msg
[0.381s] -- Up-to-date: /ws/install/battery_manager/include/battery_manager/battery_manager/msg/detail
[0.382s] -- Up-to-date: /ws/install/battery_manager/include/battery_manager/battery_manager/msg/detail/led_states__rosidl_typesupport_fastrtps_c.h
[0.382s] -- Up-to-date: /ws/install/battery_manager/include/battery_manager/battery_manager/msg/rosidl_typesupport_fastrtps_c__visibility_control.h
[0.382s] -- Up-to-date: /ws/install/battery_manager/lib/libbattery_manager__rosidl_typesupport_fastrtps_c.so
[0.382s] -- Up-to-date: /ws/install/battery_manager/include/battery_manager/battery_manager
[0.382s] -- Up-to-date: /ws/install/battery_manager/include/battery_manager/battery_manager/srv
[0.382s] -- Up-to-date: /ws/install/battery_manager/include/battery_manager/battery_manager/srv/detail
[0.382s] -- Up-to-date: /ws/install/battery_manager/include/battery_manager/battery_manager/srv/detail/set_led__type_support.c
[0.382s] -- Up-to-date: /ws/install/battery_manager/include/battery_manager/battery_manager/srv/detail/set_led__rosidl_typesupport_introspection_c.h
[0.382s] -- Up-to-date: /ws/install/battery_manager/include/battery_manager/battery_manager/msg
[0.382s] -- Up-to-date: /ws/install/battery_manager/include/battery_manager/battery_manager/msg/detail
[0.383s] -- Up-to-date: /ws/install/battery_manager/include/battery_manager/battery_manager/msg/detail/led_states__type_support.c
[0.383s] -- Up-to-date: /ws/install/battery_manager/include/battery_manager/battery_manager/msg/detail/led_states__rosidl_typesupport_introspection_c.h
[0.383s] -- Up-to-date: /ws/install/battery_manager/include/battery_manager/battery_manager/msg/rosidl_typesupport_introspection_c__visibility_control.h
[0.383s] -- Up-to-date: /ws/install/battery_manager/lib/libbattery_manager__rosidl_typesupport_introspection_c.so
[0.383s] -- Up-to-date: /ws/install/battery_manager/lib/libbattery_manager__rosidl_typesupport_c.so
[0.384s] -- Up-to-date: /ws/install/battery_manager/include/battery_manager/battery_manager
[0.384s] -- Up-to-date: /ws/install/battery_manager/include/battery_manager/battery_manager/srv
[0.384s] -- Up-to-date: /ws/install/battery_manager/include/battery_manager/battery_manager/srv/detail
[0.385s] -- Up-to-date: /ws/install/battery_manager/include/battery_manager/battery_manager/srv/detail/set_led__struct.hpp
[0.385s] -- Up-to-date: /ws/install/battery_manager/include/battery_manager/battery_manager/srv/detail/set_led__traits.hpp
[0.385s] -- Up-to-date: /ws/install/battery_manager/include/battery_manager/battery_manager/srv/detail/set_led__builder.hpp
[0.385s] -- Up-to-date: /ws/install/battery_manager/include/battery_manager/battery_manager/srv/set_led.hpp
[0.385s] -- Up-to-date: /ws/install/battery_manager/include/battery_manager/battery_manager/msg
[0.386s] -- Up-to-date: /ws/install/battery_manager/include/battery_manager/battery_manager/msg/detail
[0.386s] -- Up-to-date: /ws/install/battery_manager/include/battery_manager/battery_manager/msg/detail/led_states__traits.hpp
[0.386s] -- Up-to-date: /ws/install/battery_manager/include/battery_manager/battery_manager/msg/detail/led_states__struct.hpp
[0.386s] -- Up-to-date: /ws/install/battery_manager/include/battery_manager/battery_manager/msg/detail/led_states__builder.hpp
[0.386s] -- Up-to-date: /ws/install/battery_manager/include/battery_manager/battery_manager/msg/led_states.hpp
[0.386s] -- Up-to-date: /ws/install/battery_manager/include/battery_manager/battery_manager
[0.386s] -- Up-to-date: /ws/install/battery_manager/include/battery_manager/battery_manager/srv
[0.386s] -- Up-to-date: /ws/install/battery_manager/include/battery_manager/battery_manager/srv/detail
[0.386s] -- Up-to-date: /ws/install/battery_manager/include/battery_manager/battery_manager/srv/detail/set_led__rosidl_typesupport_fastrtps_cpp.hpp
[0.386s] -- Up-to-date: /ws/install/battery_manager/include/battery_manager/battery_manager/srv/detail/dds_fastrtps
[0.386s] -- Up-to-date: /ws/install/battery_manager/include/battery_manager/battery_manager/msg
[0.387s] -- Up-to-date: /ws/install/battery_manager/include/battery_manager/battery_manager/msg/detail
[0.387s] -- Up-to-date: /ws/install/battery_manager/include/battery_manager/battery_manager/msg/detail/led_states__rosidl_typesupport_fastrtps_cpp.hpp
[0.387s] -- Up-to-date: /ws/install/battery_manager/include/battery_manager/battery_manager/msg/detail/dds_fastrtps
[0.387s] -- Up-to-date: /ws/install/battery_manager/include/battery_manager/battery_manager/msg/rosidl_typesupport_fastrtps_cpp__visibility_control.h
[0.387s] -- Up-to-date: /ws/install/battery_manager/lib/libbattery_manager__rosidl_typesupport_fastrtps_cpp.so
[0.387s] -- Up-to-date: /ws/install/battery_manager/include/battery_manager/battery_manager
[0.387s] -- Up-to-date: /ws/install/battery_manager/include/battery_manager/battery_manager/srv
[0.387s] -- Up-to-date: /ws/install/battery_manager/include/battery_manager/battery_manager/srv/detail
[0.387s] -- Up-to-date: /ws/install/battery_manager/include/battery_manager/battery_manager/srv/detail/set_led__type_support.cpp
[0.387s] -- Up-to-date: /ws/install/battery_manager/include/battery_manager/battery_manager/srv/detail/set_led__rosidl_typesupport_introspection_cpp.hpp
[0.387s] -- Up-to-date: /ws/install/battery_manager/include/battery_manager/battery_manager/msg
[0.387s] -- Up-to-date: /ws/install/battery_manager/include/battery_manager/battery_manager/msg/detail
[0.387s] -- Up-to-date: /ws/install/battery_manager/include/battery_manager/battery_manager/msg/detail/led_states__rosidl_typesupport_introspection_cpp.hpp
[0.387s] -- Up-to-date: /ws/install/battery_manager/include/battery_manager/battery_manager/msg/detail/led_states__type_support.cpp
[0.388s] -- Up-to-date: /ws/install/battery_manager/lib/libbattery_manager__rosidl_typesupport_introspection_cpp.so
[0.389s] -- Up-to-date: /ws/install/battery_manager/lib/libbattery_manager__rosidl_typesupport_cpp.so
[0.389s] -- Up-to-date: /ws/install/battery_manager/share/battery_manager/environment/pythonpath.sh
[0.389s] -- Up-to-date: /ws/install/battery_manager/share/battery_manager/environment/pythonpath.dsv
[0.389s] -- Up-to-date: /ws/install/battery_manager/local/lib/python3.10/dist-packages/battery_manager-0.0.0-py3.10.egg-info
[0.389s] -- Installing: /ws/install/battery_manager/local/lib/python3.10/dist-packages/battery_manager-0.0.0-py3.10.egg-info/top_level.txt
[0.390s] -- Installing: /ws/install/battery_manager/local/lib/python3.10/dist-packages/battery_manager-0.0.0-py3.10.egg-info/SOURCES.txt
[0.390s] -- Installing: /ws/install/battery_manager/local/lib/python3.10/dist-packages/battery_manager-0.0.0-py3.10.egg-info/PKG-INFO
[0.390s] -- Installing: /ws/install/battery_manager/local/lib/python3.10/dist-packages/battery_manager-0.0.0-py3.10.egg-info/dependency_links.txt
[0.390s] -- Up-to-date: /ws/install/battery_manager/local/lib/python3.10/dist-packages/battery_manager
[0.391s] -- Up-to-date: /ws/install/battery_manager/local/lib/python3.10/dist-packages/battery_manager/__init__.py
[0.391s] -- Up-to-date: /ws/install/battery_manager/local/lib/python3.10/dist-packages/battery_manager/_battery_manager_s.ep.rosidl_typesupport_introspection_c.c
[0.391s] -- Up-to-date: /ws/install/battery_manager/local/lib/python3.10/dist-packages/battery_manager/srv
[0.391s] -- Up-to-date: /ws/install/battery_manager/local/lib/python3.10/dist-packages/battery_manager/srv/__init__.py
[0.391s] -- Up-to-date: /ws/install/battery_manager/local/lib/python3.10/dist-packages/battery_manager/srv/_set_led.py
[0.391s] -- Up-to-date: /ws/install/battery_manager/local/lib/python3.10/dist-packages/battery_manager/srv/_set_led_s.c
[0.391s] -- Up-to-date: /ws/install/battery_manager/local/lib/python3.10/dist-packages/battery_manager/libbattery_manager__rosidl_generator_py.so
[0.391s] -- Up-to-date: /ws/install/battery_manager/local/lib/python3.10/dist-packages/battery_manager/_battery_manager_s.ep.rosidl_typesupport_fastrtps_c.c
[0.392s] -- Up-to-date: /ws/install/battery_manager/local/lib/python3.10/dist-packages/battery_manager/msg
[0.392s] -- Up-to-date: /ws/install/battery_manager/local/lib/python3.10/dist-packages/battery_manager/msg/__init__.py
[0.392s] -- Up-to-date: /ws/install/battery_manager/local/lib/python3.10/dist-packages/battery_manager/msg/_led_states_s.c
[0.392s] -- Up-to-date: /ws/install/battery_manager/local/lib/python3.10/dist-packages/battery_manager/msg/_led_states.py
[0.392s] -- Up-to-date: /ws/install/battery_manager/local/lib/python3.10/dist-packages/battery_manager/battery_manager_s__rosidl_typesupport_c.cpython-310-x86_64-linux-gnu.so
[0.392s] -- Up-to-date: /ws/install/battery_manager/local/lib/python3.10/dist-packages/battery_manager/battery_manager_s__rosidl_typesupport_introspection_c.cpython-310-x86_64-linux-gnu.so
[0.392s] -- Up-to-date: /ws/install/battery_manager/local/lib/python3.10/dist-packages/battery_manager/_battery_manager_s.ep.rosidl_typesupport_c.c
[0.392s] -- Up-to-date: /ws/install/battery_manager/local/lib/python3.10/dist-packages/battery_manager/battery_manager_s__rosidl_typesupport_fastrtps_c.cpython-310-x86_64-linux-gnu.so
[0.408s] Listing '/ws/install/battery_manager/local/lib/python3.10/dist-packages/battery_manager'...
[0.408s] Listing '/ws/install/battery_manager/local/lib/python3.10/dist-packages/battery_manager/msg'...
[0.408s] Listing '/ws/install/battery_manager/local/lib/python3.10/dist-packages/battery_manager/srv'...
[0.411s] -- Up-to-date: /ws/install/battery_manager/local/lib/python3.10/dist-packages/battery_manager/battery_manager_s__rosidl_typesupport_fastrtps_c.cpython-310-x86_64-linux-gnu.so
[0.412s] -- Up-to-date: /ws/install/battery_manager/local/lib/python3.10/dist-packages/battery_manager/battery_manager_s__rosidl_typesupport_introspection_c.cpython-310-x86_64-linux-gnu.so
[0.412s] -- Up-to-date: /ws/install/battery_manager/local/lib/python3.10/dist-packages/battery_manager/battery_manager_s__rosidl_typesupport_c.cpython-310-x86_64-linux-gnu.so
[0.412s] -- Up-to-date: /ws/install/battery_manager/lib/libbattery_manager__rosidl_generator_py.so
[0.412s] -- Up-to-date: /ws/install/battery_manager/share/battery_manager/msg/LedStates.idl
[0.412s] -- Up-to-date: /ws/install/battery_manager/share/battery_manager/srv/SetLed.idl
[0.412s] -- Up-to-date: /ws/install/battery_manager/share/battery_manager/msg/LedStates.msg
[0.412s] -- Up-to-date: /ws/install/battery_manager/share/battery_manager/srv/SetLed.srv
[0.412s] -- Up-to-date: /ws/install/battery_manager/share/battery_manager/srv/SetLed_Request.msg
[0.413s] -- Up-to-date: /ws/install/battery_manager/share/battery_manager/srv/SetLed_Response.msg
[0.413s] -- Up-to-date: /ws/install/battery_manager/share/ament_index/resource_index/package_run_dependencies/battery_manager
[0.413s] -- Up-to-date: /ws/install/battery_manager/share/ament_index/resource_index/parent_prefix_path/battery_manager
[0.413s] -- Up-to-date: /ws/install/battery_manager/share/battery_manager/environment/ament_prefix_path.sh
[0.413s] -- Up-to-date: /ws/install/battery_manager/share/battery_manager/environment/ament_prefix_path.dsv
[0.413s] -- Up-to-date: /ws/install/battery_manager/share/battery_manager/environment/path.sh
[0.413s] -- Up-to-date: /ws/install/battery_manager/share/battery_manager/environment/path.dsv
[0.413s] -- Up-to-date: /ws/install/battery_manager/share/battery_manager/local_setup.bash
[0.413s] -- Up-to-date: /ws/install/battery_manager/share/battery_manager/local_setup.sh
[0.413s] -- Up-to-date: /ws/install/battery_manager/share/battery_manager/local_setup.zsh
[0.413s] -- Up-to-date: /ws/install/battery_manager/share/battery_manager/local_setup.dsv
[0.414s] -- Installing: /ws/install/battery_manager/share/battery_manager/package.dsv
[0.414s] -- Up-to-date: /ws/install/battery_manager/share/ament_index/resource_index/packages/battery_manager
[0.414s] -- Up-to-date: /ws/install/battery_manager/share/battery_manager/cmake/export_battery_manager__rosidl_generator_cExport.cmake
[0.414s] -- Up-to-date: /ws/install/battery_manager/share/battery_manager/cmake/export_battery_manager__rosidl_generator_cExport-noconfig.cmake
[0.414s] -- Up-to-date: /ws/install/battery_manager/share/battery_manager/cmake/export_battery_manager__rosidl_typesupport_fastrtps_cExport.cmake
[0.414s] -- Up-to-date: /ws/install/battery_manager/share/battery_manager/cmake/export_battery_manager__rosidl_typesupport_fastrtps_cExport-noconfig.cmake
[0.414s] -- Up-to-date: /ws/install/battery_manager/share/battery_manager/cmake/battery_manager__rosidl_typesupport_introspection_cExport.cmake
[0.414s] -- Up-to-date: /ws/install/battery_manager/share/battery_manager/cmake/battery_manager__rosidl_typesupport_introspection_cExport-noconfig.cmake
[0.414s] -- Up-to-date: /ws/install/battery_manager/share/battery_manager/cmake/battery_manager__rosidl_typesupport_cExport.cmake
[0.414s] -- Up-to-date: /ws/install/battery_manager/share/battery_manager/cmake/battery_manager__rosidl_typesupport_cExport-noconfig.cmake
[0.414s] -- Up-to-date: /ws/install/battery_manager/share/battery_manager/cmake/export_battery_manager__rosidl_generator_cppExport.cmake
[0.414s] -- Up-to-date: /ws/install/battery_manager/share/battery_manager/cmake/export_battery_manager__rosidl_typesupport_fastrtps_cppExport.cmake
[0.414s] -- Up-to-date: /ws/install/battery_manager/share/battery_manager/cmake/export_battery_manager__rosidl_typesupport_fastrtps_cppExport-noconfig.cmake
[0.415s] -- Up-to-date: /ws/install/battery_manager/share/battery_manager/cmake/battery_manager__rosidl_typesupport_introspection_cppExport.cmake
[0.415s] -- Up-to-date: /ws/install/battery_manager/share/battery_manager/cmake/battery_manager__rosidl_typesupport_introspection_cppExport-noconfig.cmake
[0.415s] -- Up-to-date: /ws/install/battery_manager/share/battery_manager/cmake/battery_manager__rosidl_typesupport_cppExport.cmake
[0.415s] -- Up-to-date: /ws/install/battery_manager/share/battery_manager/cmake/battery_manager__rosidl_typesupport_cppExport-noconfig.cmake
[0.415s] -- Up-to-date: /ws/install/battery_manager/share/battery_manager/cmake/export_battery_manager__rosidl_generator_pyExport.cmake
[0.415s] -- Up-to-date: /ws/install/battery_manager/share/battery_manager/cmake/export_battery_manager__rosidl_generator_pyExport-noconfig.cmake
[0.415s] -- Up-to-date: /ws/install/battery_manager/share/battery_manager/cmake/rosidl_cmake-extras.cmake
[0.415s] -- Up-to-date: /ws/install/battery_manager/share/battery_manager/cmake/ament_cmake_export_include_directories-extras.cmake
[0.415s] -- Up-to-date: /ws/install/battery_manager/share/battery_manager/cmake/ament_cmake_export_libraries-extras.cmake
[0.415s] -- Up-to-date: /ws/install/battery_manager/share/battery_manager/cmake/ament_cmake_export_targets-extras.cmake
[0.415s] -- Up-to-date: /ws/install/battery_manager/share/battery_manager/cmake/rosidl_cmake_export_typesupport_targets-extras.cmake
[0.415s] -- Up-to-date: /ws/install/battery_manager/share/battery_manager/cmake/ament_cmake_export_dependencies-extras.cmake
[0.415s] -- Up-to-date: /ws/install/battery_manager/share/battery_manager/cmake/rosidl_cmake_export_typesupport_libraries-extras.cmake
[0.416s] -- Up-to-date: /ws/install/battery_manager/share/battery_manager/cmake/battery_managerConfig.cmake
[0.416s] -- Up-to-date: /ws/install/battery_manager/share/battery_manager/cmake/battery_managerConfig-version.cmake
[0.416s] -- Up-to-date: /ws/install/battery_manager/share/battery_manager/package.xml
[0.416s] Invoked command in '/ws/build/battery_manager' returned '0': CMAKE_PREFIX_PATH=/opt/ros/humble /usr/bin/cmake --install /ws/build/battery_manager
