[0.008s] Invoking command in '/ws/build/battery_manager': CMAKE_PREFIX_PATH=/opt/ros/humble /usr/bin/cmake /ws/src/battery_manager -DCMAKE_INSTALL_PREFIX=/ws/install/battery_manager
[0.017s] -- Found ament_cmake: 1.3.10 (/opt/ros/humble/share/ament_cmake/cmake)
[0.135s] -- Found rosidl_default_generators: 1.2.0 (/opt/ros/humble/share/rosidl_default_generators/cmake)
[0.139s] -- Using all available rosidl_typesupport_c: rosidl_typesupport_fastrtps_c;rosidl_typesupport_introspection_c
[0.148s] -- Found rosidl_adapter: 3.1.5 (/opt/ros/humble/share/rosidl_adapter/cmake)
[0.185s] -- Using all available rosidl_typesupport_cpp: rosidl_typesupport_fastrtps_cpp;rosidl_typesupport_introspection_cpp
[0.304s] [31mCMake Error at /opt/ros/humble/share/rosidl_adapter/cmake/rosidl_adapt_interfaces.cmake:59 (message):
[0.304s]   execute_process(/usr/bin/python3 -m rosidl_adapter --package-name
[0.304s]   battery_manager --arguments-file
[0.304s]   /ws/build/battery_manager/rosidl_adapter__arguments__battery_manager.json
[0.304s]   --output-dir /ws/build/battery_manager/rosidl_adapter/battery_manager
[0.304s]   --output-file
[0.304s]   /ws/build/battery_manager/rosidl_adapter/battery_manager.idls) returned
[0.305s]   error code 1:
[0.305s] 
[0.305s]   Traceback (most recent call last):
[0.305s] 
[0.305s]     File "/usr/lib/python3.10/runpy.py", line 196, in _run_module_as_main
[0.305s]       return _run_code(code, main_globals, None,
[0.305s]     File "/usr/lib/python3.10/runpy.py", line 86, in _run_code
[0.305s]       exec(code, run_globals)
[0.305s]     File "/opt/ros/humble/local/lib/python3.10/dist-packages/rosidl_adapter/__main__.py", line 19, in <module>
[0.305s]       sys.exit(main())
[0.305s]     File "/opt/ros/humble/local/lib/python3.10/dist-packages/rosidl_adapter/main.py", line 53, in main
[0.305s]       abs_idl_file = convert_to_idl(
[0.305s]     File "/opt/ros/humble/local/lib/python3.10/dist-packages/rosidl_adapter/__init__.py", line 24, in convert_to_idl
[0.305s]       return convert_srv_to_idl(
[0.306s]     File "/opt/ros/humble/local/lib/python3.10/dist-packages/rosidl_adapter/srv/__init__.py", line 28, in convert_srv_to_idl
[0.306s]       srv = parse_service_string(package_name, input_file.stem, content)
[0.306s]     File "/opt/ros/humble/local/lib/python3.10/dist-packages/rosidl_adapter/parser.py", line 850, in parse_service_string
[0.306s]       raise InvalidServiceSpecification(
[0.306s] 
[0.306s]   rosidl_adapter.parser.InvalidServiceSpecification: Could not find separator
[0.306s]   '---' between request and response
[0.306s] 
[0.306s] Call Stack (most recent call first):
[0.306s]   /opt/ros/humble/share/rosidl_cmake/cmake/rosidl_generate_interfaces.cmake:130 (rosidl_adapt_interfaces)
[0.306s]   CMakeLists.txt:12 (rosidl_generate_interfaces)
[0.306s] 
[0.307s] [0m
[0.307s] -- Configuring incomplete, errors occurred!
[0.307s] See also "/ws/build/battery_manager/CMakeFiles/CMakeOutput.log".
[0.308s] Invoked command in '/ws/build/battery_manager' returned '1': CMAKE_PREFIX_PATH=/opt/ros/humble /usr/bin/cmake /ws/src/battery_manager -DCMAKE_INSTALL_PREFIX=/ws/install/battery_manager
