[0.993s] Invoking command in '/ws/src/my_py_pkg': PYTHONPATH=/ws/build/my_py_pkg/prefix_override:/usr/lib/python3/dist-packages/colcon_core/task/python/colcon_distutils_commands:/ws/install/my_py_pkg/lib/python3.10/site-packages:${PYTHONPATH} /usr/bin/python3 -W ignore:setup.py install is deprecated setup.py egg_info --egg-base ../../build/my_py_pkg build --build-base /ws/build/my_py_pkg/build install --record /ws/build/my_py_pkg/install.log --single-version-externally-managed install_data
[1.375s] running egg_info
[1.376s] writing ../../build/my_py_pkg/my_py_pkg.egg-info/PKG-INFO
[1.377s] writing dependency_links to ../../build/my_py_pkg/my_py_pkg.egg-info/dependency_links.txt
[1.377s] writing entry points to ../../build/my_py_pkg/my_py_pkg.egg-info/entry_points.txt
[1.378s] writing requirements to ../../build/my_py_pkg/my_py_pkg.egg-info/requires.txt
[1.378s] writing top-level names to ../../build/my_py_pkg/my_py_pkg.egg-info/top_level.txt
[1.381s] reading manifest file '../../build/my_py_pkg/my_py_pkg.egg-info/SOURCES.txt'
[1.383s] writing manifest file '../../build/my_py_pkg/my_py_pkg.egg-info/SOURCES.txt'
[1.383s] running build
[1.383s] running build_py
[1.384s] copying my_py_pkg/number_counter.py -> /ws/build/my_py_pkg/build/lib/my_py_pkg
[1.384s] running install
[1.385s] running install_lib
[1.387s] copying /ws/build/my_py_pkg/build/lib/my_py_pkg/number_counter.py -> /ws/install/my_py_pkg/lib/python3.10/site-packages/my_py_pkg
[1.388s] byte-compiling /ws/install/my_py_pkg/lib/python3.10/site-packages/my_py_pkg/number_counter.py to number_counter.cpython-310.pyc
[1.389s] running install_data
[1.389s] running install_egg_info
[1.392s] removing '/ws/install/my_py_pkg/lib/python3.10/site-packages/my_py_pkg-0.0.0-py3.10.egg-info' (and everything under it)
[1.393s] Copying ../../build/my_py_pkg/my_py_pkg.egg-info to /ws/install/my_py_pkg/lib/python3.10/site-packages/my_py_pkg-0.0.0-py3.10.egg-info
[1.394s] running install_scripts
[1.433s] Installing number_counter script to /ws/install/my_py_pkg/lib/my_py_pkg
[1.433s] Installing number_publisher script to /ws/install/my_py_pkg/lib/my_py_pkg
[1.433s] Installing py_node script to /ws/install/my_py_pkg/lib/my_py_pkg
[1.433s] Installing robot_news_station script to /ws/install/my_py_pkg/lib/my_py_pkg
[1.434s] Installing smartphone script to /ws/install/my_py_pkg/lib/my_py_pkg
[1.434s] writing list of installed files to '/ws/build/my_py_pkg/install.log'
[1.477s] Invoked command in '/ws/src/my_py_pkg' returned '0': PYTHONPATH=/ws/build/my_py_pkg/prefix_override:/usr/lib/python3/dist-packages/colcon_core/task/python/colcon_distutils_commands:/ws/install/my_py_pkg/lib/python3.10/site-packages:${PYTHONPATH} /usr/bin/python3 -W ignore:setup.py install is deprecated setup.py egg_info --egg-base ../../build/my_py_pkg build --build-base /ws/build/my_py_pkg/build install --record /ws/build/my_py_pkg/install.log --single-version-externally-managed install_data
