[0.014s] Invoking command in '/ws/build/my_robot_description': CMAKE_PREFIX_PATH=${CMAKE_PREFIX_PATH}:/opt/ros/humble /usr/bin/cmake --build /ws/build/my_robot_description -- -j8 -l8
[0.040s] -- Found ament_cmake: 1.3.10 (/opt/ros/humble/share/ament_cmake/cmake)
[0.205s] -- Configuring done
[0.209s] -- Generating done
[0.209s] -- Build files have been written to: /ws/build/my_robot_description
[0.227s] Invoked command in '/ws/build/my_robot_description' returned '0': CMAKE_PREFIX_PATH=${CMAKE_PREFIX_PATH}:/opt/ros/humble /usr/bin/cmake --build /ws/build/my_robot_description -- -j8 -l8
[0.253s] Invoking command in '/ws/build/my_robot_description': CMAKE_PREFIX_PATH=${CMAKE_PREFIX_PATH}:/opt/ros/humble /usr/bin/cmake --install /ws/build/my_robot_description
[0.259s] -- Install configuration: ""
[0.260s] -- Up-to-date: /ws/install/my_robot_description/share/my_robot_description//urdf
[0.260s] -- Up-to-date: /ws/install/my_robot_description/share/my_robot_description//urdf/my_robot.urdf
[0.260s] -- Up-to-date: /ws/install/my_robot_description/share/my_robot_description//launch
[0.260s] -- Up-to-date: /ws/install/my_robot_description/share/my_robot_description//launch/display.launch.xml
[0.260s] -- Up-to-date: /ws/install/my_robot_description/share/my_robot_description//launch/display.launch.py
[0.260s] -- Installing: /ws/install/my_robot_description/share/my_robot_description//rviz
[0.260s] -- Installing: /ws/install/my_robot_description/share/my_robot_description//rviz/config.rviz
[0.260s] -- Up-to-date: /ws/install/my_robot_description/share/ament_index/resource_index/package_run_dependencies/my_robot_description
[0.260s] -- Installing: /ws/install/my_robot_description/share/ament_index/resource_index/parent_prefix_path/my_robot_description
[0.260s] -- Up-to-date: /ws/install/my_robot_description/share/my_robot_description/environment/ament_prefix_path.sh
[0.260s] -- Installing: /ws/install/my_robot_description/share/my_robot_description/environment/ament_prefix_path.dsv
[0.260s] -- Up-to-date: /ws/install/my_robot_description/share/my_robot_description/environment/path.sh
[0.260s] -- Installing: /ws/install/my_robot_description/share/my_robot_description/environment/path.dsv
[0.260s] -- Up-to-date: /ws/install/my_robot_description/share/my_robot_description/local_setup.bash
[0.260s] -- Up-to-date: /ws/install/my_robot_description/share/my_robot_description/local_setup.sh
[0.260s] -- Up-to-date: /ws/install/my_robot_description/share/my_robot_description/local_setup.zsh
[0.260s] -- Installing: /ws/install/my_robot_description/share/my_robot_description/local_setup.dsv
[0.260s] -- Installing: /ws/install/my_robot_description/share/my_robot_description/package.dsv
[0.261s] -- Up-to-date: /ws/install/my_robot_description/share/ament_index/resource_index/packages/my_robot_description
[0.261s] -- Up-to-date: /ws/install/my_robot_description/share/my_robot_description/cmake/my_robot_descriptionConfig.cmake
[0.261s] -- Up-to-date: /ws/install/my_robot_description/share/my_robot_description/cmake/my_robot_descriptionConfig-version.cmake
[0.261s] -- Up-to-date: /ws/install/my_robot_description/share/my_robot_description/package.xml
[0.262s] Invoked command in '/ws/build/my_robot_description' returned '0': CMAKE_PREFIX_PATH=${CMAKE_PREFIX_PATH}:/opt/ros/humble /usr/bin/cmake --install /ws/build/my_robot_description
