[1.019s] Invoking command in '/ws/src/my_py_pkg': PYTHONPATH=/ws/build/my_py_pkg/prefix_override:/usr/lib/python3/dist-packages/colcon_core/task/python/colcon_distutils_commands:/ws/install/my_py_pkg/lib/python3.10/site-packages:${PYTHONPATH} /usr/bin/python3 -W ignore:setup.py install is deprecated setup.py egg_info --egg-base ../../build/my_py_pkg build --build-base /ws/build/my_py_pkg/build install --record /ws/build/my_py_pkg/install.log --single-version-externally-managed install_data
[1.429s] running egg_info
[1.431s] writing ../../build/my_py_pkg/my_py_pkg.egg-info/PKG-INFO
[1.431s] writing dependency_links to ../../build/my_py_pkg/my_py_pkg.egg-info/dependency_links.txt
[1.432s] writing entry points to ../../build/my_py_pkg/my_py_pkg.egg-info/entry_points.txt
[1.432s] writing requirements to ../../build/my_py_pkg/my_py_pkg.egg-info/requires.txt
[1.432s] writing top-level names to ../../build/my_py_pkg/my_py_pkg.egg-info/top_level.txt
[1.438s] reading manifest file '../../build/my_py_pkg/my_py_pkg.egg-info/SOURCES.txt'
[1.440s] writing manifest file '../../build/my_py_pkg/my_py_pkg.egg-info/SOURCES.txt'
[1.441s] running build
[1.441s] running build_py
[1.442s] copying my_py_pkg/number_counter.py -> /ws/build/my_py_pkg/build/lib/my_py_pkg
[1.442s] running install
[1.443s] running install_lib
[1.447s] copying /ws/build/my_py_pkg/build/lib/my_py_pkg/number_counter.py -> /ws/install/my_py_pkg/lib/python3.10/site-packages/my_py_pkg
[1.448s] byte-compiling /ws/install/my_py_pkg/lib/python3.10/site-packages/my_py_pkg/number_counter.py to number_counter.cpython-310.pyc
[1.449s] running install_data
[1.450s] running install_egg_info
[1.455s] removing '/ws/install/my_py_pkg/lib/python3.10/site-packages/my_py_pkg-0.0.0-py3.10.egg-info' (and everything under it)
[1.455s] Copying ../../build/my_py_pkg/my_py_pkg.egg-info to /ws/install/my_py_pkg/lib/python3.10/site-packages/my_py_pkg-0.0.0-py3.10.egg-info
[1.457s] running install_scripts
[1.501s] Installing number_counter script to /ws/install/my_py_pkg/lib/my_py_pkg
[1.502s] Installing number_publisher script to /ws/install/my_py_pkg/lib/my_py_pkg
[1.502s] Installing py_node script to /ws/install/my_py_pkg/lib/my_py_pkg
[1.502s] Installing robot_news_station script to /ws/install/my_py_pkg/lib/my_py_pkg
[1.502s] Installing smartphone script to /ws/install/my_py_pkg/lib/my_py_pkg
[1.503s] writing list of installed files to '/ws/build/my_py_pkg/install.log'
[1.551s] Invoked command in '/ws/src/my_py_pkg' returned '0': PYTHONPATH=/ws/build/my_py_pkg/prefix_override:/usr/lib/python3/dist-packages/colcon_core/task/python/colcon_distutils_commands:/ws/install/my_py_pkg/lib/python3.10/site-packages:${PYTHONPATH} /usr/bin/python3 -W ignore:setup.py install is deprecated setup.py egg_info --egg-base ../../build/my_py_pkg build --build-base /ws/build/my_py_pkg/build install --record /ws/build/my_py_pkg/install.log --single-version-externally-managed install_data
