[1.114s] Invoking command in '/ws/src/my_py_pkg': PYTHONPATH=/ws/build/my_py_pkg/prefix_override:/usr/lib/python3/dist-packages/colcon_core/task/python/colcon_distutils_commands:/ws/install/my_py_pkg/lib/python3.10/site-packages:${PYTHONPATH} /usr/bin/python3 -W ignore:setup.py install is deprecated setup.py egg_info --egg-base ../../build/my_py_pkg build --build-base /ws/build/my_py_pkg/build install --record /ws/build/my_py_pkg/install.log --single-version-externally-managed install_data
[1.500s] running egg_info
[1.502s] writing ../../build/my_py_pkg/my_py_pkg.egg-info/PKG-INFO
[1.502s] writing dependency_links to ../../build/my_py_pkg/my_py_pkg.egg-info/dependency_links.txt
[1.502s] writing entry points to ../../build/my_py_pkg/my_py_pkg.egg-info/entry_points.txt
[1.502s] writing requirements to ../../build/my_py_pkg/my_py_pkg.egg-info/requires.txt
[1.503s] writing top-level names to ../../build/my_py_pkg/my_py_pkg.egg-info/top_level.txt
[1.507s] reading manifest file '../../build/my_py_pkg/my_py_pkg.egg-info/SOURCES.txt'
[1.510s] writing manifest file '../../build/my_py_pkg/my_py_pkg.egg-info/SOURCES.txt'
[1.510s] running build
[1.510s] running build_py
[1.510s] copying my_py_pkg/my_first_node.py -> /ws/build/my_py_pkg/build/lib/my_py_pkg
[1.511s] running install
[1.512s] running install_lib
[1.514s] copying /ws/build/my_py_pkg/build/lib/my_py_pkg/my_first_node.py -> /ws/install/my_py_pkg/lib/python3.10/site-packages/my_py_pkg
[1.515s] byte-compiling /ws/install/my_py_pkg/lib/python3.10/site-packages/my_py_pkg/my_first_node.py to my_first_node.cpython-310.pyc
[1.516s] running install_data
[1.516s] running install_egg_info
[1.521s] removing '/ws/install/my_py_pkg/lib/python3.10/site-packages/my_py_pkg-0.0.0-py3.10.egg-info' (and everything under it)
[1.521s] Copying ../../build/my_py_pkg/my_py_pkg.egg-info to /ws/install/my_py_pkg/lib/python3.10/site-packages/my_py_pkg-0.0.0-py3.10.egg-info
[1.523s] running install_scripts
[1.566s] Installing py_node script to /ws/install/my_py_pkg/lib/my_py_pkg
[1.567s] writing list of installed files to '/ws/build/my_py_pkg/install.log'
[1.606s] Invoked command in '/ws/src/my_py_pkg' returned '0': PYTHONPATH=/ws/build/my_py_pkg/prefix_override:/usr/lib/python3/dist-packages/colcon_core/task/python/colcon_distutils_commands:/ws/install/my_py_pkg/lib/python3.10/site-packages:${PYTHONPATH} /usr/bin/python3 -W ignore:setup.py install is deprecated setup.py egg_info --egg-base ../../build/my_py_pkg build --build-base /ws/build/my_py_pkg/build install --record /ws/build/my_py_pkg/install.log --single-version-externally-managed install_data
