[0.011s] Invoking command in '/ws/build/my_robot_interfaces': CMAKE_PREFIX_PATH=/opt/ros/humble /usr/bin/cmake --build /ws/build/my_robot_interfaces -- -j8 -l8
[0.045s] [35m[1mConsolidate compiler generated dependencies of target my_robot_interfaces__rosidl_generator_c[0m
[0.053s] [  2%] Built target my_robot_interfaces__cpp
[0.056s] [ 12%] Built target my_robot_interfaces__rosidl_generator_c
[0.065s] [35m[1mConsolidate compiler generated dependencies of target my_robot_interfaces__rosidl_typesupport_cpp[0m
[0.066s] [35m[1mConsolidate compiler generated dependencies of target my_robot_interfaces__rosidl_typesupport_fastrtps_cpp[0m
[0.066s] [35m[1mConsolidate compiler generated dependencies of target my_robot_interfaces__rosidl_typesupport_introspection_cpp[0m
[0.068s] [35m[1mConsolidate compiler generated dependencies of target my_robot_interfaces__rosidl_typesupport_introspection_c[0m
[0.068s] [35m[1mConsolidate compiler generated dependencies of target my_robot_interfaces__rosidl_typesupport_fastrtps_c[0m
[0.074s] [ 12%] Built target ament_cmake_python_copy_my_robot_interfaces
[0.078s] [35m[1mConsolidate compiler generated dependencies of target my_robot_interfaces__rosidl_typesupport_c[0m
[0.082s] [ 23%] Built target my_robot_interfaces__rosidl_typesupport_cpp
[0.083s] [ 33%] Built target my_robot_interfaces__rosidl_typesupport_introspection_c
[0.084s] [ 43%] Built target my_robot_interfaces__rosidl_typesupport_fastrtps_cpp
[0.088s] [ 53%] Built target my_robot_interfaces__rosidl_typesupport_introspection_cpp
[0.092s] [ 74%] Built target my_robot_interfaces__rosidl_typesupport_fastrtps_c
[0.092s] [ 74%] Built target my_robot_interfaces__rosidl_typesupport_c
[0.109s] [ 74%] Built target my_robot_interfaces
[0.127s] [ 76%] Built target my_robot_interfaces__py
[0.137s] [35m[1mConsolidate compiler generated dependencies of target my_robot_interfaces__rosidl_generator_py[0m
[0.149s] [ 84%] Built target my_robot_interfaces__rosidl_generator_py
[0.158s] [35m[1mConsolidate compiler generated dependencies of target my_robot_interfaces__rosidl_typesupport_fastrtps_c__pyext[0m
[0.160s] [35m[1mConsolidate compiler generated dependencies of target my_robot_interfaces__rosidl_typesupport_c__pyext[0m
[0.160s] [35m[1mConsolidate compiler generated dependencies of target my_robot_interfaces__rosidl_typesupport_introspection_c__pyext[0m
[0.169s] [ 89%] Built target my_robot_interfaces__rosidl_typesupport_fastrtps_c__pyext
[0.172s] [ 94%] Built target my_robot_interfaces__rosidl_typesupport_c__pyext
[0.175s] [100%] Built target my_robot_interfaces__rosidl_typesupport_introspection_c__pyext
[0.282s] running egg_info
[0.282s] writing my_robot_interfaces.egg-info/PKG-INFO
[0.282s] writing dependency_links to my_robot_interfaces.egg-info/dependency_links.txt
[0.282s] writing top-level names to my_robot_interfaces.egg-info/top_level.txt
[0.285s] reading manifest file 'my_robot_interfaces.egg-info/SOURCES.txt'
[0.285s] writing manifest file 'my_robot_interfaces.egg-info/SOURCES.txt'
[0.306s] [100%] Built target ament_cmake_python_build_my_robot_interfaces_egg
