[0.010s] Invoking command in '/ws/build/my_robot_interfaces': CMAKE_PREFIX_PATH=/opt/ros/humble /usr/bin/cmake --build /ws/build/my_robot_interfaces -- -j8 -l8
[0.052s] [  2%] Built target my_robot_interfaces__cpp
[0.053s] [ 12%] Built target my_robot_interfaces__rosidl_generator_c
[0.060s] [ 12%] Built target ament_cmake_python_copy_my_robot_interfaces
[0.078s] [ 23%] Built target my_robot_interfaces__rosidl_typesupport_cpp
[0.079s] [ 33%] Built target my_robot_interfaces__rosidl_typesupport_introspection_c
[0.079s] [ 43%] Built target my_robot_interfaces__rosidl_typesupport_introspection_cpp
[0.083s] [ 53%] Built target my_robot_interfaces__rosidl_typesupport_fastrtps_c
[0.086s] [ 64%] Built target my_robot_interfaces__rosidl_typesupport_fastrtps_cpp
[0.086s] [ 74%] Built target my_robot_interfaces__rosidl_typesupport_c
[0.103s] [ 74%] Built target my_robot_interfaces
[0.121s] [ 76%] Built target my_robot_interfaces__py
[0.140s] [ 84%] Built target my_robot_interfaces__rosidl_generator_py
[0.158s] [ 89%] Built target my_robot_interfaces__rosidl_typesupport_introspection_c__pyext
[0.160s] [ 94%] Built target my_robot_interfaces__rosidl_typesupport_c__pyext
[0.161s] [100%] Built target my_robot_interfaces__rosidl_typesupport_fastrtps_c__pyext
[0.242s] running egg_info
[0.242s] writing my_robot_interfaces.egg-info/PKG-INFO
[0.242s] writing dependency_links to my_robot_interfaces.egg-info/dependency_links.txt
[0.242s] writing top-level names to my_robot_interfaces.egg-info/top_level.txt
[0.245s] reading manifest file 'my_robot_interfaces.egg-info/SOURCES.txt'
[0.246s] writing manifest file 'my_robot_interfaces.egg-info/SOURCES.txt'
[0.268s] [100%] Built target ament_cmake_python_build_my_robot_interfaces_egg
[0.277s] Invoked command in '/ws/build/my_robot_interfaces' returned '0': CMAKE_PREFIX_PATH=/opt/ros/humble /usr/bin/cmake --build /ws/build/my_robot_interfaces -- -j8 -l8
