[0.164s] Invoking command in '/ws/build/my_robot_interfaces': CMAKE_PREFIX_PATH=/ws/install/my_py_pkg:/opt/ros/humble /usr/bin/cmake /ws/src/my_robot_interfaces -DCMAKE_INSTALL_PREFIX=/ws/install/my_robot_interfaces
[0.392s] -- The C compiler identification is GNU 11.4.0
[0.501s] -- The CXX compiler identification is GNU 11.4.0
[0.510s] -- Detecting C compiler ABI info
[0.574s] -- Detecting C compiler ABI info - done
[0.578s] -- Check for working C compiler: /usr/bin/cc - skipped
[0.579s] -- Detecting C compile features
[0.579s] -- Detecting C compile features - done
[0.582s] -- Detecting CXX compiler ABI info
[0.646s] -- Detecting CXX compiler ABI info - done
[0.651s] -- Check for working CXX compiler: /usr/bin/c++ - skipped
[0.651s] -- Detecting CXX compile features
[0.651s] -- Detecting CXX compile features - done
[0.659s] -- Found ament_cmake: 1.3.9 (/opt/ros/humble/share/ament_cmake/cmake)
[0.769s] -- Found Python3: /usr/bin/python3 (found version "3.10.12") found components: Interpreter 
[0.859s] -- Found rosidl_default_generators: 1.2.0 (/opt/ros/humble/share/rosidl_default_generators/cmake)
[0.865s] -- Using all available rosidl_typesupport_c: rosidl_typesupport_fastrtps_c;rosidl_typesupport_introspection_c
[0.874s] -- Found rosidl_adapter: 3.1.5 (/opt/ros/humble/share/rosidl_adapter/cmake)
[0.928s] -- Using all available rosidl_typesupport_cpp: rosidl_typesupport_fastrtps_cpp;rosidl_typesupport_introspection_cpp
[1.139s] -- Found ament_cmake_ros: 0.10.0 (/opt/ros/humble/share/ament_cmake_ros/cmake)
[1.270s] -- Using all available rosidl_typesupport_c: rosidl_typesupport_fastrtps_c;rosidl_typesupport_introspection_c
[1.431s] -- Using all available rosidl_typesupport_cpp: rosidl_typesupport_fastrtps_cpp;rosidl_typesupport_introspection_cpp
[1.448s] -- Found PythonInterp: /usr/bin/python3 (found suitable version "3.10.12", minimum required is "3.6") 
[1.450s] -- Found python_cmake_module: 0.10.0 (/opt/ros/humble/share/python_cmake_module/cmake)
[1.471s] -- Found PythonLibs: /usr/lib/x86_64-linux-gnu/libpython3.10.so (found suitable version "3.10.12", minimum required is "3.5") 
[1.471s] -- Using PYTHON_EXECUTABLE: /usr/bin/python3
[1.471s] -- Using PYTHON_INCLUDE_DIRS: /usr/include/python3.10
[1.471s] -- Using PYTHON_LIBRARIES: /usr/lib/x86_64-linux-gnu/libpython3.10.so
[1.485s] -- Found PythonExtra: .so  
[1.511s] -- Found ament_lint_auto: 0.12.11 (/opt/ros/humble/share/ament_lint_auto/cmake)
[1.538s] -- Added test 'lint_cmake' to check CMake code style
[1.539s] -- Added test 'xmllint' to check XML markup files
[1.542s] -- Configuring done
[1.566s] -- Generating done
[1.568s] -- Build files have been written to: /ws/build/my_robot_interfaces
[1.573s] Invoked command in '/ws/build/my_robot_interfaces' returned '0': CMAKE_PREFIX_PATH=/ws/install/my_py_pkg:/opt/ros/humble /usr/bin/cmake /ws/src/my_robot_interfaces -DCMAKE_INSTALL_PREFIX=/ws/install/my_robot_interfaces
[1.574s] Invoking command in '/ws/build/my_robot_interfaces': CMAKE_PREFIX_PATH=/ws/install/my_py_pkg:/opt/ros/humble /usr/bin/cmake --build /ws/build/my_robot_interfaces -- -j16 -l16
[1.606s] [  3%] [34m[1mGenerating C code for ROS interfaces[0m
[1.614s] [  6%] [34m[1mGenerating C++ code for ROS interfaces[0m
[1.620s] [  6%] Built target ament_cmake_python_copy_my_robot_interfaces
[1.765s] [  6%] Built target my_robot_interfaces__cpp
[1.770s] [  9%] [32mBuilding C object CMakeFiles/my_robot_interfaces__rosidl_generator_c.dir/rosidl_generator_c/my_robot_interfaces/msg/detail/hardware_status__functions.c.o[0m
[1.773s] [ 12%] [34m[1mGenerating C++ type support dispatch for ROS interfaces[0m
[1.773s] running egg_info
[1.773s] [ 19%] [34m[1mGenerating C++ introspection for ROS interfaces[0m
[1.774s] [ 19%] [34m[1mGenerating C++ type support for eProsima Fast-RTPS[0m
[1.774s] creating my_robot_interfaces.egg-info
[1.774s] writing my_robot_interfaces.egg-info/PKG-INFO
[1.774s] writing dependency_links to my_robot_interfaces.egg-info/dependency_links.txt
[1.774s] writing top-level names to my_robot_interfaces.egg-info/top_level.txt
[1.774s] writing manifest file 'my_robot_interfaces.egg-info/SOURCES.txt'
[1.776s] reading manifest file 'my_robot_interfaces.egg-info/SOURCES.txt'
[1.776s] writing manifest file 'my_robot_interfaces.egg-info/SOURCES.txt'
[1.796s] [ 19%] Built target ament_cmake_python_build_my_robot_interfaces_egg
[1.826s] [ 22%] [32m[1mLinking C shared library libmy_robot_interfaces__rosidl_generator_c.so[0m
[1.853s] [ 22%] Built target my_robot_interfaces__rosidl_generator_c
[1.861s] [ 25%] [34m[1mGenerating C type support for eProsima Fast-RTPS[0m
[1.861s] [ 29%] [34m[1mGenerating C introspection for ROS interfaces[0m
[1.861s] [ 32%] [34m[1mGenerating C type support dispatch for ROS interfaces[0m
[1.914s] [ 35%] [32mBuilding CXX object CMakeFiles/my_robot_interfaces__rosidl_typesupport_cpp.dir/rosidl_typesupport_cpp/my_robot_interfaces/msg/hardware_status__type_support.cpp.o[0m
[1.924s] [ 38%] [32mBuilding CXX object CMakeFiles/my_robot_interfaces__rosidl_typesupport_introspection_cpp.dir/rosidl_typesupport_introspection_cpp/my_robot_interfaces/msg/detail/hardware_status__type_support.cpp.o[0m
[1.928s] [ 41%] [32mBuilding CXX object CMakeFiles/my_robot_interfaces__rosidl_typesupport_fastrtps_cpp.dir/rosidl_typesupport_fastrtps_cpp/my_robot_interfaces/msg/detail/dds_fastrtps/hardware_status__type_support.cpp.o[0m
[2.002s] [ 45%] [32mBuilding CXX object CMakeFiles/my_robot_interfaces__rosidl_typesupport_c.dir/rosidl_typesupport_c/my_robot_interfaces/msg/hardware_status__type_support.cpp.o[0m
[2.017s] [ 48%] [32mBuilding CXX object CMakeFiles/my_robot_interfaces__rosidl_typesupport_fastrtps_c.dir/rosidl_typesupport_fastrtps_c/my_robot_interfaces/msg/detail/hardware_status__type_support_c.cpp.o[0m
[2.030s] [ 51%] [32m[1mLinking CXX shared library libmy_robot_interfaces__rosidl_typesupport_c.so[0m
[2.046s] [ 54%] [32mBuilding C object CMakeFiles/my_robot_interfaces__rosidl_typesupport_introspection_c.dir/rosidl_typesupport_introspection_c/my_robot_interfaces/msg/detail/hardware_status__type_support.c.o[0m
[2.061s] [ 54%] Built target my_robot_interfaces__rosidl_typesupport_c
[2.073s] [ 58%] [32m[1mLinking C shared library libmy_robot_interfaces__rosidl_typesupport_introspection_c.so[0m
[2.098s] [ 58%] Built target my_robot_interfaces__rosidl_typesupport_introspection_c
[2.133s] [ 61%] [32m[1mLinking CXX shared library libmy_robot_interfaces__rosidl_typesupport_cpp.so[0m
[2.166s] [ 61%] Built target my_robot_interfaces__rosidl_typesupport_cpp
[2.192s] [ 64%] [32m[1mLinking CXX shared library libmy_robot_interfaces__rosidl_typesupport_introspection_cpp.so[0m
[2.213s] [ 67%] [32m[1mLinking CXX shared library libmy_robot_interfaces__rosidl_typesupport_fastrtps_cpp.so[0m
[2.237s] [ 67%] Built target my_robot_interfaces__rosidl_typesupport_introspection_cpp
[2.242s] [ 70%] [32m[1mLinking CXX shared library libmy_robot_interfaces__rosidl_typesupport_fastrtps_c.so[0m
[2.263s] [ 70%] Built target my_robot_interfaces__rosidl_typesupport_fastrtps_cpp
[2.293s] [ 70%] Built target my_robot_interfaces__rosidl_typesupport_fastrtps_c
[2.309s] [ 70%] Built target my_robot_interfaces
[2.324s] [ 74%] [34m[1mGenerating Python code for ROS interfaces[0m
[2.502s] [ 74%] Built target my_robot_interfaces__py
[2.517s] [ 77%] [32mBuilding C object CMakeFiles/my_robot_interfaces__rosidl_generator_py.dir/rosidl_generator_py/my_robot_interfaces/msg/_hardware_status_s.c.o[0m
[2.614s] [ 80%] [32m[1mLinking C shared library rosidl_generator_py/my_robot_interfaces/libmy_robot_interfaces__rosidl_generator_py.so[0m
[2.644s] [ 80%] Built target my_robot_interfaces__rosidl_generator_py
[2.660s] [ 90%] [32mBuilding C object CMakeFiles/my_robot_interfaces__rosidl_typesupport_fastrtps_c__pyext.dir/rosidl_generator_py/my_robot_interfaces/_my_robot_interfaces_s.ep.rosidl_typesupport_fastrtps_c.c.o[0m
[2.660s] [ 90%] [32mBuilding C object CMakeFiles/my_robot_interfaces__rosidl_typesupport_introspection_c__pyext.dir/rosidl_generator_py/my_robot_interfaces/_my_robot_interfaces_s.ep.rosidl_typesupport_introspection_c.c.o[0m
[2.660s] [ 90%] [32mBuilding C object CMakeFiles/my_robot_interfaces__rosidl_typesupport_c__pyext.dir/rosidl_generator_py/my_robot_interfaces/_my_robot_interfaces_s.ep.rosidl_typesupport_c.c.o[0m
[2.725s] [ 96%] [32m[1mLinking C shared library rosidl_generator_py/my_robot_interfaces/my_robot_interfaces_s__rosidl_typesupport_c.cpython-310-x86_64-linux-gnu.so[0m
[2.725s] [ 96%] [32m[1mLinking C shared library rosidl_generator_py/my_robot_interfaces/my_robot_interfaces_s__rosidl_typesupport_introspection_c.cpython-310-x86_64-linux-gnu.so[0m
[2.730s] [100%] [32m[1mLinking C shared library rosidl_generator_py/my_robot_interfaces/my_robot_interfaces_s__rosidl_typesupport_fastrtps_c.cpython-310-x86_64-linux-gnu.so[0m
[2.751s] [100%] Built target my_robot_interfaces__rosidl_typesupport_introspection_c__pyext
[2.751s] [100%] Built target my_robot_interfaces__rosidl_typesupport_c__pyext
[2.755s] [100%] Built target my_robot_interfaces__rosidl_typesupport_fastrtps_c__pyext
[2.764s] Invoked command in '/ws/build/my_robot_interfaces' returned '0': CMAKE_PREFIX_PATH=/ws/install/my_py_pkg:/opt/ros/humble /usr/bin/cmake --build /ws/build/my_robot_interfaces -- -j16 -l16
[2.823s] Invoking command in '/ws/build/my_robot_interfaces': CMAKE_PREFIX_PATH=/ws/install/my_py_pkg:/opt/ros/humble /usr/bin/cmake --install /ws/build/my_robot_interfaces
[2.829s] -- Install configuration: ""
[2.829s] -- Installing: /ws/install/my_robot_interfaces/share/ament_index/resource_index/rosidl_interfaces/my_robot_interfaces
[2.829s] -- Installing: /ws/install/my_robot_interfaces/include/my_robot_interfaces/my_robot_interfaces
[2.829s] -- Installing: /ws/install/my_robot_interfaces/include/my_robot_interfaces/my_robot_interfaces/msg
[2.829s] -- Installing: /ws/install/my_robot_interfaces/include/my_robot_interfaces/my_robot_interfaces/msg/rosidl_generator_c__visibility_control.h
[2.830s] -- Installing: /ws/install/my_robot_interfaces/include/my_robot_interfaces/my_robot_interfaces/msg/detail
[2.830s] -- Installing: /ws/install/my_robot_interfaces/include/my_robot_interfaces/my_robot_interfaces/msg/detail/hardware_status__struct.h
[2.830s] -- Installing: /ws/install/my_robot_interfaces/include/my_robot_interfaces/my_robot_interfaces/msg/detail/hardware_status__functions.h
[2.830s] -- Installing: /ws/install/my_robot_interfaces/include/my_robot_interfaces/my_robot_interfaces/msg/detail/hardware_status__functions.c
[2.830s] -- Installing: /ws/install/my_robot_interfaces/include/my_robot_interfaces/my_robot_interfaces/msg/detail/hardware_status__type_support.h
[2.830s] -- Installing: /ws/install/my_robot_interfaces/include/my_robot_interfaces/my_robot_interfaces/msg/hardware_status.h
[2.830s] -- Installing: /ws/install/my_robot_interfaces/share/my_robot_interfaces/environment/library_path.sh
[2.830s] -- Installing: /ws/install/my_robot_interfaces/share/my_robot_interfaces/environment/library_path.dsv
[2.831s] -- Installing: /ws/install/my_robot_interfaces/lib/libmy_robot_interfaces__rosidl_generator_c.so
[2.831s] -- Set runtime path of "/ws/install/my_robot_interfaces/lib/libmy_robot_interfaces__rosidl_generator_c.so" to ""
[2.831s] -- Up-to-date: /ws/install/my_robot_interfaces/include/my_robot_interfaces/my_robot_interfaces
[2.831s] -- Up-to-date: /ws/install/my_robot_interfaces/include/my_robot_interfaces/my_robot_interfaces/msg
[2.831s] -- Up-to-date: /ws/install/my_robot_interfaces/include/my_robot_interfaces/my_robot_interfaces/msg/detail
[2.831s] -- Installing: /ws/install/my_robot_interfaces/include/my_robot_interfaces/my_robot_interfaces/msg/detail/hardware_status__rosidl_typesupport_fastrtps_c.h
[2.831s] -- Installing: /ws/install/my_robot_interfaces/include/my_robot_interfaces/my_robot_interfaces/msg/rosidl_typesupport_fastrtps_c__visibility_control.h
[2.831s] -- Installing: /ws/install/my_robot_interfaces/lib/libmy_robot_interfaces__rosidl_typesupport_fastrtps_c.so
[2.832s] -- Set runtime path of "/ws/install/my_robot_interfaces/lib/libmy_robot_interfaces__rosidl_typesupport_fastrtps_c.so" to ""
[2.832s] -- Up-to-date: /ws/install/my_robot_interfaces/include/my_robot_interfaces/my_robot_interfaces
[2.832s] -- Up-to-date: /ws/install/my_robot_interfaces/include/my_robot_interfaces/my_robot_interfaces/msg
[2.832s] -- Up-to-date: /ws/install/my_robot_interfaces/include/my_robot_interfaces/my_robot_interfaces/msg/detail
[2.832s] -- Installing: /ws/install/my_robot_interfaces/include/my_robot_interfaces/my_robot_interfaces/msg/detail/hardware_status__type_support.c
[2.832s] -- Installing: /ws/install/my_robot_interfaces/include/my_robot_interfaces/my_robot_interfaces/msg/detail/hardware_status__rosidl_typesupport_introspection_c.h
[2.832s] -- Installing: /ws/install/my_robot_interfaces/include/my_robot_interfaces/my_robot_interfaces/msg/rosidl_typesupport_introspection_c__visibility_control.h
[2.832s] -- Installing: /ws/install/my_robot_interfaces/lib/libmy_robot_interfaces__rosidl_typesupport_introspection_c.so
[2.833s] -- Set runtime path of "/ws/install/my_robot_interfaces/lib/libmy_robot_interfaces__rosidl_typesupport_introspection_c.so" to ""
[2.833s] -- Installing: /ws/install/my_robot_interfaces/lib/libmy_robot_interfaces__rosidl_typesupport_c.so
[2.833s] -- Set runtime path of "/ws/install/my_robot_interfaces/lib/libmy_robot_interfaces__rosidl_typesupport_c.so" to ""
[2.833s] -- Up-to-date: /ws/install/my_robot_interfaces/include/my_robot_interfaces/my_robot_interfaces
[2.833s] -- Up-to-date: /ws/install/my_robot_interfaces/include/my_robot_interfaces/my_robot_interfaces/msg
[2.833s] -- Installing: /ws/install/my_robot_interfaces/include/my_robot_interfaces/my_robot_interfaces/msg/hardware_status.hpp
[2.833s] -- Up-to-date: /ws/install/my_robot_interfaces/include/my_robot_interfaces/my_robot_interfaces/msg/detail
[2.833s] -- Installing: /ws/install/my_robot_interfaces/include/my_robot_interfaces/my_robot_interfaces/msg/detail/hardware_status__builder.hpp
[2.833s] -- Installing: /ws/install/my_robot_interfaces/include/my_robot_interfaces/my_robot_interfaces/msg/detail/hardware_status__traits.hpp
[2.834s] -- Installing: /ws/install/my_robot_interfaces/include/my_robot_interfaces/my_robot_interfaces/msg/detail/hardware_status__struct.hpp
[2.834s] -- Up-to-date: /ws/install/my_robot_interfaces/include/my_robot_interfaces/my_robot_interfaces
[2.834s] -- Up-to-date: /ws/install/my_robot_interfaces/include/my_robot_interfaces/my_robot_interfaces/msg
[2.834s] -- Installing: /ws/install/my_robot_interfaces/include/my_robot_interfaces/my_robot_interfaces/msg/rosidl_typesupport_fastrtps_cpp__visibility_control.h
[2.834s] -- Up-to-date: /ws/install/my_robot_interfaces/include/my_robot_interfaces/my_robot_interfaces/msg/detail
[2.834s] -- Installing: /ws/install/my_robot_interfaces/include/my_robot_interfaces/my_robot_interfaces/msg/detail/hardware_status__rosidl_typesupport_fastrtps_cpp.hpp
[2.834s] -- Installing: /ws/install/my_robot_interfaces/include/my_robot_interfaces/my_robot_interfaces/msg/detail/dds_fastrtps
[2.834s] -- Installing: /ws/install/my_robot_interfaces/lib/libmy_robot_interfaces__rosidl_typesupport_fastrtps_cpp.so
[2.835s] -- Set runtime path of "/ws/install/my_robot_interfaces/lib/libmy_robot_interfaces__rosidl_typesupport_fastrtps_cpp.so" to ""
[2.835s] -- Up-to-date: /ws/install/my_robot_interfaces/include/my_robot_interfaces/my_robot_interfaces
[2.835s] -- Up-to-date: /ws/install/my_robot_interfaces/include/my_robot_interfaces/my_robot_interfaces/msg
[2.835s] -- Up-to-date: /ws/install/my_robot_interfaces/include/my_robot_interfaces/my_robot_interfaces/msg/detail
[2.835s] -- Installing: /ws/install/my_robot_interfaces/include/my_robot_interfaces/my_robot_interfaces/msg/detail/hardware_status__rosidl_typesupport_introspection_cpp.hpp
[2.835s] -- Installing: /ws/install/my_robot_interfaces/include/my_robot_interfaces/my_robot_interfaces/msg/detail/hardware_status__type_support.cpp
[2.835s] -- Installing: /ws/install/my_robot_interfaces/lib/libmy_robot_interfaces__rosidl_typesupport_introspection_cpp.so
[2.835s] -- Set runtime path of "/ws/install/my_robot_interfaces/lib/libmy_robot_interfaces__rosidl_typesupport_introspection_cpp.so" to ""
[2.835s] -- Installing: /ws/install/my_robot_interfaces/lib/libmy_robot_interfaces__rosidl_typesupport_cpp.so
[2.836s] -- Set runtime path of "/ws/install/my_robot_interfaces/lib/libmy_robot_interfaces__rosidl_typesupport_cpp.so" to ""
[2.836s] -- Installing: /ws/install/my_robot_interfaces/share/my_robot_interfaces/environment/pythonpath.sh
[2.836s] -- Installing: /ws/install/my_robot_interfaces/share/my_robot_interfaces/environment/pythonpath.dsv
[2.836s] -- Installing: /ws/install/my_robot_interfaces/local/lib/python3.10/dist-packages/my_robot_interfaces-0.0.0-py3.10.egg-info
[2.836s] -- Installing: /ws/install/my_robot_interfaces/local/lib/python3.10/dist-packages/my_robot_interfaces-0.0.0-py3.10.egg-info/dependency_links.txt
[2.836s] -- Installing: /ws/install/my_robot_interfaces/local/lib/python3.10/dist-packages/my_robot_interfaces-0.0.0-py3.10.egg-info/top_level.txt
[2.837s] -- Installing: /ws/install/my_robot_interfaces/local/lib/python3.10/dist-packages/my_robot_interfaces-0.0.0-py3.10.egg-info/PKG-INFO
[2.837s] -- Installing: /ws/install/my_robot_interfaces/local/lib/python3.10/dist-packages/my_robot_interfaces-0.0.0-py3.10.egg-info/SOURCES.txt
[2.837s] -- Installing: /ws/install/my_robot_interfaces/local/lib/python3.10/dist-packages/my_robot_interfaces
[2.837s] -- Installing: /ws/install/my_robot_interfaces/local/lib/python3.10/dist-packages/my_robot_interfaces/_my_robot_interfaces_s.ep.rosidl_typesupport_introspection_c.c
[2.837s] -- Installing: /ws/install/my_robot_interfaces/local/lib/python3.10/dist-packages/my_robot_interfaces/libmy_robot_interfaces__rosidl_generator_py.so
[2.837s] -- Installing: /ws/install/my_robot_interfaces/local/lib/python3.10/dist-packages/my_robot_interfaces/msg
[2.837s] -- Installing: /ws/install/my_robot_interfaces/local/lib/python3.10/dist-packages/my_robot_interfaces/msg/_hardware_status_s.c
[2.837s] -- Installing: /ws/install/my_robot_interfaces/local/lib/python3.10/dist-packages/my_robot_interfaces/msg/_hardware_status.py
[2.837s] -- Installing: /ws/install/my_robot_interfaces/local/lib/python3.10/dist-packages/my_robot_interfaces/msg/__init__.py
[2.838s] -- Installing: /ws/install/my_robot_interfaces/local/lib/python3.10/dist-packages/my_robot_interfaces/my_robot_interfaces_s__rosidl_typesupport_introspection_c.cpython-310-x86_64-linux-gnu.so
[2.838s] -- Installing: /ws/install/my_robot_interfaces/local/lib/python3.10/dist-packages/my_robot_interfaces/_my_robot_interfaces_s.ep.rosidl_typesupport_c.c
[2.838s] -- Installing: /ws/install/my_robot_interfaces/local/lib/python3.10/dist-packages/my_robot_interfaces/_my_robot_interfaces_s.ep.rosidl_typesupport_fastrtps_c.c
[2.838s] -- Installing: /ws/install/my_robot_interfaces/local/lib/python3.10/dist-packages/my_robot_interfaces/my_robot_interfaces_s__rosidl_typesupport_c.cpython-310-x86_64-linux-gnu.so
[2.838s] -- Installing: /ws/install/my_robot_interfaces/local/lib/python3.10/dist-packages/my_robot_interfaces/my_robot_interfaces_s__rosidl_typesupport_fastrtps_c.cpython-310-x86_64-linux-gnu.so
[2.838s] -- Installing: /ws/install/my_robot_interfaces/local/lib/python3.10/dist-packages/my_robot_interfaces/__init__.py
[2.863s] Listing '/ws/install/my_robot_interfaces/local/lib/python3.10/dist-packages/my_robot_interfaces'...
[2.863s] Compiling '/ws/install/my_robot_interfaces/local/lib/python3.10/dist-packages/my_robot_interfaces/__init__.py'...
[2.863s] Listing '/ws/install/my_robot_interfaces/local/lib/python3.10/dist-packages/my_robot_interfaces/msg'...
[2.863s] Compiling '/ws/install/my_robot_interfaces/local/lib/python3.10/dist-packages/my_robot_interfaces/msg/__init__.py'...
[2.863s] Compiling '/ws/install/my_robot_interfaces/local/lib/python3.10/dist-packages/my_robot_interfaces/msg/_hardware_status.py'...
[2.866s] -- Installing: /ws/install/my_robot_interfaces/local/lib/python3.10/dist-packages/my_robot_interfaces/my_robot_interfaces_s__rosidl_typesupport_fastrtps_c.cpython-310-x86_64-linux-gnu.so
[2.866s] -- Set runtime path of "/ws/install/my_robot_interfaces/local/lib/python3.10/dist-packages/my_robot_interfaces/my_robot_interfaces_s__rosidl_typesupport_fastrtps_c.cpython-310-x86_64-linux-gnu.so" to ""
[2.866s] -- Installing: /ws/install/my_robot_interfaces/local/lib/python3.10/dist-packages/my_robot_interfaces/my_robot_interfaces_s__rosidl_typesupport_introspection_c.cpython-310-x86_64-linux-gnu.so
[2.867s] -- Set runtime path of "/ws/install/my_robot_interfaces/local/lib/python3.10/dist-packages/my_robot_interfaces/my_robot_interfaces_s__rosidl_typesupport_introspection_c.cpython-310-x86_64-linux-gnu.so" to ""
[2.867s] -- Installing: /ws/install/my_robot_interfaces/local/lib/python3.10/dist-packages/my_robot_interfaces/my_robot_interfaces_s__rosidl_typesupport_c.cpython-310-x86_64-linux-gnu.so
[2.867s] -- Set runtime path of "/ws/install/my_robot_interfaces/local/lib/python3.10/dist-packages/my_robot_interfaces/my_robot_interfaces_s__rosidl_typesupport_c.cpython-310-x86_64-linux-gnu.so" to ""
[2.867s] -- Installing: /ws/install/my_robot_interfaces/lib/libmy_robot_interfaces__rosidl_generator_py.so
[2.867s] -- Set runtime path of "/ws/install/my_robot_interfaces/lib/libmy_robot_interfaces__rosidl_generator_py.so" to ""
[2.868s] -- Installing: /ws/install/my_robot_interfaces/share/my_robot_interfaces/msg/HardwareStatus.idl
[2.868s] -- Installing: /ws/install/my_robot_interfaces/share/my_robot_interfaces/msg/HardwareStatus.msg
[2.868s] -- Installing: /ws/install/my_robot_interfaces/share/ament_index/resource_index/package_run_dependencies/my_robot_interfaces
[2.868s] -- Installing: /ws/install/my_robot_interfaces/share/ament_index/resource_index/parent_prefix_path/my_robot_interfaces
[2.868s] -- Installing: /ws/install/my_robot_interfaces/share/my_robot_interfaces/environment/ament_prefix_path.sh
[2.868s] -- Installing: /ws/install/my_robot_interfaces/share/my_robot_interfaces/environment/ament_prefix_path.dsv
[2.868s] -- Installing: /ws/install/my_robot_interfaces/share/my_robot_interfaces/environment/path.sh
[2.869s] -- Installing: /ws/install/my_robot_interfaces/share/my_robot_interfaces/environment/path.dsv
[2.869s] -- Installing: /ws/install/my_robot_interfaces/share/my_robot_interfaces/local_setup.bash
[2.869s] -- Installing: /ws/install/my_robot_interfaces/share/my_robot_interfaces/local_setup.sh
[2.869s] -- Installing: /ws/install/my_robot_interfaces/share/my_robot_interfaces/local_setup.zsh
[2.869s] -- Installing: /ws/install/my_robot_interfaces/share/my_robot_interfaces/local_setup.dsv
[2.869s] -- Installing: /ws/install/my_robot_interfaces/share/my_robot_interfaces/package.dsv
[2.869s] -- Installing: /ws/install/my_robot_interfaces/share/ament_index/resource_index/packages/my_robot_interfaces
[2.870s] -- Installing: /ws/install/my_robot_interfaces/share/my_robot_interfaces/cmake/export_my_robot_interfaces__rosidl_generator_cExport.cmake
[2.870s] -- Installing: /ws/install/my_robot_interfaces/share/my_robot_interfaces/cmake/export_my_robot_interfaces__rosidl_generator_cExport-noconfig.cmake
[2.870s] -- Installing: /ws/install/my_robot_interfaces/share/my_robot_interfaces/cmake/export_my_robot_interfaces__rosidl_typesupport_fastrtps_cExport.cmake
[2.870s] -- Installing: /ws/install/my_robot_interfaces/share/my_robot_interfaces/cmake/export_my_robot_interfaces__rosidl_typesupport_fastrtps_cExport-noconfig.cmake
[2.870s] -- Installing: /ws/install/my_robot_interfaces/share/my_robot_interfaces/cmake/my_robot_interfaces__rosidl_typesupport_introspection_cExport.cmake
[2.870s] -- Installing: /ws/install/my_robot_interfaces/share/my_robot_interfaces/cmake/my_robot_interfaces__rosidl_typesupport_introspection_cExport-noconfig.cmake
[2.871s] -- Installing: /ws/install/my_robot_interfaces/share/my_robot_interfaces/cmake/my_robot_interfaces__rosidl_typesupport_cExport.cmake
[2.871s] -- Installing: /ws/install/my_robot_interfaces/share/my_robot_interfaces/cmake/my_robot_interfaces__rosidl_typesupport_cExport-noconfig.cmake
[2.871s] -- Installing: /ws/install/my_robot_interfaces/share/my_robot_interfaces/cmake/export_my_robot_interfaces__rosidl_generator_cppExport.cmake
[2.871s] -- Installing: /ws/install/my_robot_interfaces/share/my_robot_interfaces/cmake/export_my_robot_interfaces__rosidl_typesupport_fastrtps_cppExport.cmake
[2.871s] -- Installing: /ws/install/my_robot_interfaces/share/my_robot_interfaces/cmake/export_my_robot_interfaces__rosidl_typesupport_fastrtps_cppExport-noconfig.cmake
[2.871s] -- Installing: /ws/install/my_robot_interfaces/share/my_robot_interfaces/cmake/my_robot_interfaces__rosidl_typesupport_introspection_cppExport.cmake
[2.871s] -- Installing: /ws/install/my_robot_interfaces/share/my_robot_interfaces/cmake/my_robot_interfaces__rosidl_typesupport_introspection_cppExport-noconfig.cmake
[2.872s] -- Installing: /ws/install/my_robot_interfaces/share/my_robot_interfaces/cmake/my_robot_interfaces__rosidl_typesupport_cppExport.cmake
[2.872s] -- Installing: /ws/install/my_robot_interfaces/share/my_robot_interfaces/cmake/my_robot_interfaces__rosidl_typesupport_cppExport-noconfig.cmake
[2.872s] -- Installing: /ws/install/my_robot_interfaces/share/my_robot_interfaces/cmake/export_my_robot_interfaces__rosidl_generator_pyExport.cmake
[2.872s] -- Installing: /ws/install/my_robot_interfaces/share/my_robot_interfaces/cmake/export_my_robot_interfaces__rosidl_generator_pyExport-noconfig.cmake
[2.872s] -- Installing: /ws/install/my_robot_interfaces/share/my_robot_interfaces/cmake/rosidl_cmake-extras.cmake
[2.872s] -- Installing: /ws/install/my_robot_interfaces/share/my_robot_interfaces/cmake/ament_cmake_export_include_directories-extras.cmake
[2.872s] -- Installing: /ws/install/my_robot_interfaces/share/my_robot_interfaces/cmake/ament_cmake_export_libraries-extras.cmake
[2.873s] -- Installing: /ws/install/my_robot_interfaces/share/my_robot_interfaces/cmake/ament_cmake_export_targets-extras.cmake
[2.873s] -- Installing: /ws/install/my_robot_interfaces/share/my_robot_interfaces/cmake/rosidl_cmake_export_typesupport_targets-extras.cmake
[2.873s] -- Installing: /ws/install/my_robot_interfaces/share/my_robot_interfaces/cmake/ament_cmake_export_dependencies-extras.cmake
[2.873s] -- Installing: /ws/install/my_robot_interfaces/share/my_robot_interfaces/cmake/rosidl_cmake_export_typesupport_libraries-extras.cmake
[2.873s] -- Installing: /ws/install/my_robot_interfaces/share/my_robot_interfaces/cmake/my_robot_interfacesConfig.cmake
[2.873s] -- Installing: /ws/install/my_robot_interfaces/share/my_robot_interfaces/cmake/my_robot_interfacesConfig-version.cmake
[2.873s] -- Installing: /ws/install/my_robot_interfaces/share/my_robot_interfaces/package.xml
[2.875s] Invoked command in '/ws/build/my_robot_interfaces' returned '0': CMAKE_PREFIX_PATH=/ws/install/my_py_pkg:/opt/ros/humble /usr/bin/cmake --install /ws/build/my_robot_interfaces
