[0.009s] Invoking command in '/ws/build/battery_manager': CMAKE_PREFIX_PATH=/opt/ros/humble /usr/bin/cmake --build /ws/build/battery_manager -- -j8 -l8
[0.048s] [  2%] Built target battery_manager__cpp
[0.052s] [ 12%] Built target battery_manager__rosidl_generator_c
[0.063s] [ 12%] Built target ament_cmake_python_copy_battery_manager
[0.082s] [ 23%] Built target battery_manager__rosidl_typesupport_fastrtps_cpp
[0.083s] [ 33%] Built target battery_manager__rosidl_typesupport_introspection_cpp
[0.092s] [ 43%] Built target battery_manager__rosidl_typesupport_cpp
[0.097s] [ 53%] Built target battery_manager__rosidl_typesupport_fastrtps_c
[0.098s] [ 64%] Built target battery_manager__rosidl_typesupport_introspection_c
[0.102s] [ 74%] Built target battery_manager__rosidl_typesupport_c
[0.122s] [ 74%] Built target battery_manager
[0.139s] [ 76%] Built target battery_manager__py
[0.159s] [ 84%] Built target battery_manager__rosidl_generator_py
[0.183s] [ 89%] Built target battery_manager__rosidl_typesupport_introspection_c__pyext
[0.183s] [ 94%] Built target battery_manager__rosidl_typesupport_c__pyext
[0.186s] [100%] Built target battery_manager__rosidl_typesupport_fastrtps_c__pyext
[0.259s] running egg_info
[0.260s] writing battery_manager.egg-info/PKG-INFO
[0.260s] writing dependency_links to battery_manager.egg-info/dependency_links.txt
[0.260s] writing top-level names to battery_manager.egg-info/top_level.txt
[0.262s] reading manifest file 'battery_manager.egg-info/SOURCES.txt'
[0.263s] writing manifest file 'battery_manager.egg-info/SOURCES.txt'
[0.285s] [100%] Built target ament_cmake_python_build_battery_manager_egg
[0.295s] Invoked command in '/ws/build/battery_manager' returned '0': CMAKE_PREFIX_PATH=/opt/ros/humble /usr/bin/cmake --build /ws/build/battery_manager -- -j8 -l8
[0.355s] Invoking command in '/ws/build/battery_manager': CMAKE_PREFIX_PATH=/opt/ros/humble /usr/bin/cmake --install /ws/build/battery_manager
[0.365s] -- Install configuration: ""
[0.365s] -- Up-to-date: /ws/install/battery_manager/share/ament_index/resource_index/rosidl_interfaces/battery_manager
[0.366s] -- Up-to-date: /ws/install/battery_manager/include/battery_manager/battery_manager
[0.366s] -- Up-to-date: /ws/install/battery_manager/include/battery_manager/battery_manager/srv
[0.366s] -- Up-to-date: /ws/install/battery_manager/include/battery_manager/battery_manager/srv/detail
[0.366s] -- Up-to-date: /ws/install/battery_manager/include/battery_manager/battery_manager/srv/detail/set_led__struct.h
[0.366s] -- Up-to-date: /ws/install/battery_manager/include/battery_manager/battery_manager/srv/detail/set_led__type_support.h
[0.366s] -- Up-to-date: /ws/install/battery_manager/include/battery_manager/battery_manager/srv/detail/set_led__functions.h
[0.366s] -- Up-to-date: /ws/install/battery_manager/include/battery_manager/battery_manager/srv/detail/set_led__functions.c
[0.367s] -- Up-to-date: /ws/install/battery_manager/include/battery_manager/battery_manager/srv/set_led.h
[0.367s] -- Up-to-date: /ws/install/battery_manager/include/battery_manager/battery_manager/msg
[0.367s] -- Up-to-date: /ws/install/battery_manager/include/battery_manager/battery_manager/msg/detail
[0.367s] -- Up-to-date: /ws/install/battery_manager/include/battery_manager/battery_manager/msg/detail/led_states__struct.h
[0.367s] -- Up-to-date: /ws/install/battery_manager/include/battery_manager/battery_manager/msg/detail/led_states__functions.c
[0.367s] -- Up-to-date: /ws/install/battery_manager/include/battery_manager/battery_manager/msg/detail/led_states__type_support.h
[0.368s] -- Up-to-date: /ws/install/battery_manager/include/battery_manager/battery_manager/msg/detail/led_states__functions.h
[0.368s] -- Up-to-date: /ws/install/battery_manager/include/battery_manager/battery_manager/msg/rosidl_generator_c__visibility_control.h
[0.368s] -- Up-to-date: /ws/install/battery_manager/include/battery_manager/battery_manager/msg/led_states.h
[0.368s] -- Up-to-date: /ws/install/battery_manager/share/battery_manager/environment/library_path.sh
[0.368s] -- Up-to-date: /ws/install/battery_manager/share/battery_manager/environment/library_path.dsv
[0.368s] -- Up-to-date: /ws/install/battery_manager/lib/libbattery_manager__rosidl_generator_c.so
[0.368s] -- Up-to-date: /ws/install/battery_manager/include/battery_manager/battery_manager
[0.368s] -- Up-to-date: /ws/install/battery_manager/include/battery_manager/battery_manager/srv
[0.368s] -- Up-to-date: /ws/install/battery_manager/include/battery_manager/battery_manager/srv/detail
[0.369s] -- Up-to-date: /ws/install/battery_manager/include/battery_manager/battery_manager/srv/detail/set_led__rosidl_typesupport_fastrtps_c.h
[0.369s] -- Up-to-date: /ws/install/battery_manager/include/battery_manager/battery_manager/msg
[0.369s] -- Up-to-date: /ws/install/battery_manager/include/battery_manager/battery_manager/msg/detail
[0.369s] -- Up-to-date: /ws/install/battery_manager/include/battery_manager/battery_manager/msg/detail/led_states__rosidl_typesupport_fastrtps_c.h
[0.369s] -- Up-to-date: /ws/install/battery_manager/include/battery_manager/battery_manager/msg/rosidl_typesupport_fastrtps_c__visibility_control.h
[0.369s] -- Up-to-date: /ws/install/battery_manager/lib/libbattery_manager__rosidl_typesupport_fastrtps_c.so
[0.369s] -- Up-to-date: /ws/install/battery_manager/include/battery_manager/battery_manager
[0.369s] -- Up-to-date: /ws/install/battery_manager/include/battery_manager/battery_manager/srv
[0.370s] -- Up-to-date: /ws/install/battery_manager/include/battery_manager/battery_manager/srv/detail
[0.370s] -- Up-to-date: /ws/install/battery_manager/include/battery_manager/battery_manager/srv/detail/set_led__type_support.c
[0.370s] -- Up-to-date: /ws/install/battery_manager/include/battery_manager/battery_manager/srv/detail/set_led__rosidl_typesupport_introspection_c.h
[0.370s] -- Up-to-date: /ws/install/battery_manager/include/battery_manager/battery_manager/msg
[0.370s] -- Up-to-date: /ws/install/battery_manager/include/battery_manager/battery_manager/msg/detail
[0.370s] -- Up-to-date: /ws/install/battery_manager/include/battery_manager/battery_manager/msg/detail/led_states__type_support.c
[0.370s] -- Up-to-date: /ws/install/battery_manager/include/battery_manager/battery_manager/msg/detail/led_states__rosidl_typesupport_introspection_c.h
[0.370s] -- Up-to-date: /ws/install/battery_manager/include/battery_manager/battery_manager/msg/rosidl_typesupport_introspection_c__visibility_control.h
[0.370s] -- Up-to-date: /ws/install/battery_manager/lib/libbattery_manager__rosidl_typesupport_introspection_c.so
[0.371s] -- Up-to-date: /ws/install/battery_manager/lib/libbattery_manager__rosidl_typesupport_c.so
[0.371s] -- Up-to-date: /ws/install/battery_manager/include/battery_manager/battery_manager
[0.371s] -- Up-to-date: /ws/install/battery_manager/include/battery_manager/battery_manager/srv
[0.371s] -- Up-to-date: /ws/install/battery_manager/include/battery_manager/battery_manager/srv/detail
[0.371s] -- Up-to-date: /ws/install/battery_manager/include/battery_manager/battery_manager/srv/detail/set_led__struct.hpp
[0.372s] -- Up-to-date: /ws/install/battery_manager/include/battery_manager/battery_manager/srv/detail/set_led__traits.hpp
[0.372s] -- Up-to-date: /ws/install/battery_manager/include/battery_manager/battery_manager/srv/detail/set_led__builder.hpp
[0.372s] -- Up-to-date: /ws/install/battery_manager/include/battery_manager/battery_manager/srv/set_led.hpp
[0.372s] -- Up-to-date: /ws/install/battery_manager/include/battery_manager/battery_manager/msg
[0.372s] -- Up-to-date: /ws/install/battery_manager/include/battery_manager/battery_manager/msg/detail
[0.372s] -- Up-to-date: /ws/install/battery_manager/include/battery_manager/battery_manager/msg/detail/led_states__traits.hpp
[0.372s] -- Up-to-date: /ws/install/battery_manager/include/battery_manager/battery_manager/msg/detail/led_states__struct.hpp
[0.372s] -- Up-to-date: /ws/install/battery_manager/include/battery_manager/battery_manager/msg/detail/led_states__builder.hpp
[0.372s] -- Up-to-date: /ws/install/battery_manager/include/battery_manager/battery_manager/msg/led_states.hpp
[0.372s] -- Up-to-date: /ws/install/battery_manager/include/battery_manager/battery_manager
[0.372s] -- Up-to-date: /ws/install/battery_manager/include/battery_manager/battery_manager/srv
[0.372s] -- Up-to-date: /ws/install/battery_manager/include/battery_manager/battery_manager/srv/detail
[0.372s] -- Up-to-date: /ws/install/battery_manager/include/battery_manager/battery_manager/srv/detail/set_led__rosidl_typesupport_fastrtps_cpp.hpp
[0.372s] -- Up-to-date: /ws/install/battery_manager/include/battery_manager/battery_manager/srv/detail/dds_fastrtps
[0.373s] -- Up-to-date: /ws/install/battery_manager/include/battery_manager/battery_manager/msg
[0.373s] -- Up-to-date: /ws/install/battery_manager/include/battery_manager/battery_manager/msg/detail
[0.373s] -- Up-to-date: /ws/install/battery_manager/include/battery_manager/battery_manager/msg/detail/led_states__rosidl_typesupport_fastrtps_cpp.hpp
[0.373s] -- Up-to-date: /ws/install/battery_manager/include/battery_manager/battery_manager/msg/detail/dds_fastrtps
[0.373s] -- Up-to-date: /ws/install/battery_manager/include/battery_manager/battery_manager/msg/rosidl_typesupport_fastrtps_cpp__visibility_control.h
[0.373s] -- Up-to-date: /ws/install/battery_manager/lib/libbattery_manager__rosidl_typesupport_fastrtps_cpp.so
[0.373s] -- Up-to-date: /ws/install/battery_manager/include/battery_manager/battery_manager
[0.374s] -- Up-to-date: /ws/install/battery_manager/include/battery_manager/battery_manager/srv
[0.374s] -- Up-to-date: /ws/install/battery_manager/include/battery_manager/battery_manager/srv/detail
[0.374s] -- Up-to-date: /ws/install/battery_manager/include/battery_manager/battery_manager/srv/detail/set_led__type_support.cpp
[0.374s] -- Up-to-date: /ws/install/battery_manager/include/battery_manager/battery_manager/srv/detail/set_led__rosidl_typesupport_introspection_cpp.hpp
[0.374s] -- Up-to-date: /ws/install/battery_manager/include/battery_manager/battery_manager/msg
[0.374s] -- Up-to-date: /ws/install/battery_manager/include/battery_manager/battery_manager/msg/detail
[0.374s] -- Up-to-date: /ws/install/battery_manager/include/battery_manager/battery_manager/msg/detail/led_states__rosidl_typesupport_introspection_cpp.hpp
[0.374s] -- Up-to-date: /ws/install/battery_manager/include/battery_manager/battery_manager/msg/detail/led_states__type_support.cpp
[0.374s] -- Up-to-date: /ws/install/battery_manager/lib/libbattery_manager__rosidl_typesupport_introspection_cpp.so
[0.374s] -- Up-to-date: /ws/install/battery_manager/lib/libbattery_manager__rosidl_typesupport_cpp.so
[0.375s] -- Up-to-date: /ws/install/battery_manager/share/battery_manager/environment/pythonpath.sh
[0.375s] -- Up-to-date: /ws/install/battery_manager/share/battery_manager/environment/pythonpath.dsv
[0.375s] -- Up-to-date: /ws/install/battery_manager/local/lib/python3.10/dist-packages/battery_manager-0.0.0-py3.10.egg-info
[0.375s] -- Installing: /ws/install/battery_manager/local/lib/python3.10/dist-packages/battery_manager-0.0.0-py3.10.egg-info/top_level.txt
[0.375s] -- Installing: /ws/install/battery_manager/local/lib/python3.10/dist-packages/battery_manager-0.0.0-py3.10.egg-info/SOURCES.txt
[0.375s] -- Installing: /ws/install/battery_manager/local/lib/python3.10/dist-packages/battery_manager-0.0.0-py3.10.egg-info/PKG-INFO
[0.375s] -- Installing: /ws/install/battery_manager/local/lib/python3.10/dist-packages/battery_manager-0.0.0-py3.10.egg-info/dependency_links.txt
[0.375s] -- Up-to-date: /ws/install/battery_manager/local/lib/python3.10/dist-packages/battery_manager
[0.375s] -- Up-to-date: /ws/install/battery_manager/local/lib/python3.10/dist-packages/battery_manager/__init__.py
[0.375s] -- Up-to-date: /ws/install/battery_manager/local/lib/python3.10/dist-packages/battery_manager/_battery_manager_s.ep.rosidl_typesupport_introspection_c.c
[0.375s] -- Up-to-date: /ws/install/battery_manager/local/lib/python3.10/dist-packages/battery_manager/srv
[0.375s] -- Up-to-date: /ws/install/battery_manager/local/lib/python3.10/dist-packages/battery_manager/srv/__init__.py
[0.375s] -- Up-to-date: /ws/install/battery_manager/local/lib/python3.10/dist-packages/battery_manager/srv/_set_led.py
[0.375s] -- Up-to-date: /ws/install/battery_manager/local/lib/python3.10/dist-packages/battery_manager/srv/_set_led_s.c
[0.375s] -- Up-to-date: /ws/install/battery_manager/local/lib/python3.10/dist-packages/battery_manager/libbattery_manager__rosidl_generator_py.so
[0.376s] -- Up-to-date: /ws/install/battery_manager/local/lib/python3.10/dist-packages/battery_manager/_battery_manager_s.ep.rosidl_typesupport_fastrtps_c.c
[0.376s] -- Up-to-date: /ws/install/battery_manager/local/lib/python3.10/dist-packages/battery_manager/msg
[0.376s] -- Up-to-date: /ws/install/battery_manager/local/lib/python3.10/dist-packages/battery_manager/msg/__init__.py
[0.376s] -- Up-to-date: /ws/install/battery_manager/local/lib/python3.10/dist-packages/battery_manager/msg/_led_states_s.c
[0.376s] -- Up-to-date: /ws/install/battery_manager/local/lib/python3.10/dist-packages/battery_manager/msg/_led_states.py
[0.376s] -- Up-to-date: /ws/install/battery_manager/local/lib/python3.10/dist-packages/battery_manager/battery_manager_s__rosidl_typesupport_c.cpython-310-x86_64-linux-gnu.so
[0.376s] -- Up-to-date: /ws/install/battery_manager/local/lib/python3.10/dist-packages/battery_manager/battery_manager_s__rosidl_typesupport_introspection_c.cpython-310-x86_64-linux-gnu.so
[0.376s] -- Up-to-date: /ws/install/battery_manager/local/lib/python3.10/dist-packages/battery_manager/_battery_manager_s.ep.rosidl_typesupport_c.c
[0.376s] -- Up-to-date: /ws/install/battery_manager/local/lib/python3.10/dist-packages/battery_manager/battery_manager_s__rosidl_typesupport_fastrtps_c.cpython-310-x86_64-linux-gnu.so
[0.389s] Listing '/ws/install/battery_manager/local/lib/python3.10/dist-packages/battery_manager'...
[0.389s] Listing '/ws/install/battery_manager/local/lib/python3.10/dist-packages/battery_manager/msg'...
[0.389s] Listing '/ws/install/battery_manager/local/lib/python3.10/dist-packages/battery_manager/srv'...
[0.392s] -- Up-to-date: /ws/install/battery_manager/local/lib/python3.10/dist-packages/battery_manager/battery_manager_s__rosidl_typesupport_fastrtps_c.cpython-310-x86_64-linux-gnu.so
[0.392s] -- Up-to-date: /ws/install/battery_manager/local/lib/python3.10/dist-packages/battery_manager/battery_manager_s__rosidl_typesupport_introspection_c.cpython-310-x86_64-linux-gnu.so
[0.393s] -- Up-to-date: /ws/install/battery_manager/local/lib/python3.10/dist-packages/battery_manager/battery_manager_s__rosidl_typesupport_c.cpython-310-x86_64-linux-gnu.so
[0.394s] -- Up-to-date: /ws/install/battery_manager/lib/libbattery_manager__rosidl_generator_py.so
[0.394s] -- Up-to-date: /ws/install/battery_manager/share/battery_manager/msg/LedStates.idl
[0.395s] -- Up-to-date: /ws/install/battery_manager/share/battery_manager/srv/SetLed.idl
[0.395s] -- Up-to-date: /ws/install/battery_manager/share/battery_manager/msg/LedStates.msg
[0.395s] -- Up-to-date: /ws/install/battery_manager/share/battery_manager/srv/SetLed.srv
[0.395s] -- Up-to-date: /ws/install/battery_manager/share/battery_manager/srv/SetLed_Request.msg
[0.396s] -- Up-to-date: /ws/install/battery_manager/share/battery_manager/srv/SetLed_Response.msg
[0.396s] -- Up-to-date: /ws/install/battery_manager/share/ament_index/resource_index/package_run_dependencies/battery_manager
[0.396s] -- Up-to-date: /ws/install/battery_manager/share/ament_index/resource_index/parent_prefix_path/battery_manager
[0.396s] -- Up-to-date: /ws/install/battery_manager/share/battery_manager/environment/ament_prefix_path.sh
[0.396s] -- Up-to-date: /ws/install/battery_manager/share/battery_manager/environment/ament_prefix_path.dsv
[0.396s] -- Up-to-date: /ws/install/battery_manager/share/battery_manager/environment/path.sh
[0.396s] -- Up-to-date: /ws/install/battery_manager/share/battery_manager/environment/path.dsv
[0.396s] -- Up-to-date: /ws/install/battery_manager/share/battery_manager/local_setup.bash
[0.396s] -- Up-to-date: /ws/install/battery_manager/share/battery_manager/local_setup.sh
[0.396s] -- Up-to-date: /ws/install/battery_manager/share/battery_manager/local_setup.zsh
[0.396s] -- Up-to-date: /ws/install/battery_manager/share/battery_manager/local_setup.dsv
[0.396s] -- Installing: /ws/install/battery_manager/share/battery_manager/package.dsv
[0.397s] -- Up-to-date: /ws/install/battery_manager/share/ament_index/resource_index/packages/battery_manager
[0.398s] -- Up-to-date: /ws/install/battery_manager/share/battery_manager/cmake/export_battery_manager__rosidl_generator_cExport.cmake
[0.398s] -- Up-to-date: /ws/install/battery_manager/share/battery_manager/cmake/export_battery_manager__rosidl_generator_cExport-noconfig.cmake
[0.398s] -- Up-to-date: /ws/install/battery_manager/share/battery_manager/cmake/export_battery_manager__rosidl_typesupport_fastrtps_cExport.cmake
[0.398s] -- Up-to-date: /ws/install/battery_manager/share/battery_manager/cmake/export_battery_manager__rosidl_typesupport_fastrtps_cExport-noconfig.cmake
[0.398s] -- Up-to-date: /ws/install/battery_manager/share/battery_manager/cmake/battery_manager__rosidl_typesupport_introspection_cExport.cmake
[0.398s] -- Up-to-date: /ws/install/battery_manager/share/battery_manager/cmake/battery_manager__rosidl_typesupport_introspection_cExport-noconfig.cmake
[0.398s] -- Up-to-date: /ws/install/battery_manager/share/battery_manager/cmake/battery_manager__rosidl_typesupport_cExport.cmake
[0.399s] -- Up-to-date: /ws/install/battery_manager/share/battery_manager/cmake/battery_manager__rosidl_typesupport_cExport-noconfig.cmake
[0.399s] -- Up-to-date: /ws/install/battery_manager/share/battery_manager/cmake/export_battery_manager__rosidl_generator_cppExport.cmake
[0.399s] -- Up-to-date: /ws/install/battery_manager/share/battery_manager/cmake/export_battery_manager__rosidl_typesupport_fastrtps_cppExport.cmake
[0.399s] -- Up-to-date: /ws/install/battery_manager/share/battery_manager/cmake/export_battery_manager__rosidl_typesupport_fastrtps_cppExport-noconfig.cmake
[0.399s] -- Up-to-date: /ws/install/battery_manager/share/battery_manager/cmake/battery_manager__rosidl_typesupport_introspection_cppExport.cmake
[0.399s] -- Up-to-date: /ws/install/battery_manager/share/battery_manager/cmake/battery_manager__rosidl_typesupport_introspection_cppExport-noconfig.cmake
[0.399s] -- Up-to-date: /ws/install/battery_manager/share/battery_manager/cmake/battery_manager__rosidl_typesupport_cppExport.cmake
[0.399s] -- Up-to-date: /ws/install/battery_manager/share/battery_manager/cmake/battery_manager__rosidl_typesupport_cppExport-noconfig.cmake
[0.400s] -- Up-to-date: /ws/install/battery_manager/share/battery_manager/cmake/export_battery_manager__rosidl_generator_pyExport.cmake
[0.400s] -- Up-to-date: /ws/install/battery_manager/share/battery_manager/cmake/export_battery_manager__rosidl_generator_pyExport-noconfig.cmake
[0.400s] -- Up-to-date: /ws/install/battery_manager/share/battery_manager/cmake/rosidl_cmake-extras.cmake
[0.400s] -- Up-to-date: /ws/install/battery_manager/share/battery_manager/cmake/ament_cmake_export_include_directories-extras.cmake
[0.400s] -- Up-to-date: /ws/install/battery_manager/share/battery_manager/cmake/ament_cmake_export_libraries-extras.cmake
[0.400s] -- Up-to-date: /ws/install/battery_manager/share/battery_manager/cmake/ament_cmake_export_targets-extras.cmake
[0.400s] -- Up-to-date: /ws/install/battery_manager/share/battery_manager/cmake/rosidl_cmake_export_typesupport_targets-extras.cmake
[0.400s] -- Up-to-date: /ws/install/battery_manager/share/battery_manager/cmake/ament_cmake_export_dependencies-extras.cmake
[0.400s] -- Up-to-date: /ws/install/battery_manager/share/battery_manager/cmake/rosidl_cmake_export_typesupport_libraries-extras.cmake
[0.400s] -- Up-to-date: /ws/install/battery_manager/share/battery_manager/cmake/battery_managerConfig.cmake
[0.400s] -- Up-to-date: /ws/install/battery_manager/share/battery_manager/cmake/battery_managerConfig-version.cmake
[0.400s] -- Up-to-date: /ws/install/battery_manager/share/battery_manager/package.xml
[0.415s] Invoked command in '/ws/build/battery_manager' returned '0': CMAKE_PREFIX_PATH=/opt/ros/humble /usr/bin/cmake --install /ws/build/battery_manager
