[1.051s] Invoking command in '/ws/src/my_py_pkg': PYTHONPATH=/ws/build/my_py_pkg/prefix_override:/usr/lib/python3/dist-packages/colcon_core/task/python/colcon_distutils_commands:/ws/install/my_py_pkg/lib/python3.10/site-packages:${PYTHONPATH} /usr/bin/python3 -W ignore:setup.py install is deprecated setup.py egg_info --egg-base ../../build/my_py_pkg build --build-base /ws/build/my_py_pkg/build install --record /ws/build/my_py_pkg/install.log --single-version-externally-managed install_data
[1.442s] running egg_info
[1.442s] creating ../../build/my_py_pkg/my_py_pkg.egg-info
[1.443s] writing ../../build/my_py_pkg/my_py_pkg.egg-info/PKG-INFO
[1.443s] writing dependency_links to ../../build/my_py_pkg/my_py_pkg.egg-info/dependency_links.txt
[1.443s] writing entry points to ../../build/my_py_pkg/my_py_pkg.egg-info/entry_points.txt
[1.443s] writing requirements to ../../build/my_py_pkg/my_py_pkg.egg-info/requires.txt
[1.444s] writing top-level names to ../../build/my_py_pkg/my_py_pkg.egg-info/top_level.txt
[1.444s] writing manifest file '../../build/my_py_pkg/my_py_pkg.egg-info/SOURCES.txt'
[1.446s] reading manifest file '../../build/my_py_pkg/my_py_pkg.egg-info/SOURCES.txt'
[1.448s] writing manifest file '../../build/my_py_pkg/my_py_pkg.egg-info/SOURCES.txt'
[1.448s] running build
[1.448s] running build_py
[1.448s] creating /ws/build/my_py_pkg/build
[1.448s] creating /ws/build/my_py_pkg/build/lib
[1.448s] creating /ws/build/my_py_pkg/build/lib/my_py_pkg
[1.449s] copying my_py_pkg/__init__.py -> /ws/build/my_py_pkg/build/lib/my_py_pkg
[1.449s] running install
[1.449s] running install_lib
[1.451s] creating /ws/install/my_py_pkg/lib/python3.10/site-packages/my_py_pkg
[1.451s] copying /ws/build/my_py_pkg/build/lib/my_py_pkg/__init__.py -> /ws/install/my_py_pkg/lib/python3.10/site-packages/my_py_pkg
[1.452s] byte-compiling /ws/install/my_py_pkg/lib/python3.10/site-packages/my_py_pkg/__init__.py to __init__.cpython-310.pyc
[1.452s] running install_data
[1.452s] creating /ws/install/my_py_pkg/share/ament_index
[1.453s] creating /ws/install/my_py_pkg/share/ament_index/resource_index
[1.453s] creating /ws/install/my_py_pkg/share/ament_index/resource_index/packages
[1.453s] copying resource/my_py_pkg -> /ws/install/my_py_pkg/share/ament_index/resource_index/packages
[1.453s] copying package.xml -> /ws/install/my_py_pkg/share/my_py_pkg
[1.453s] running install_egg_info
[1.456s] Copying ../../build/my_py_pkg/my_py_pkg.egg-info to /ws/install/my_py_pkg/lib/python3.10/site-packages/my_py_pkg-0.0.0-py3.10.egg-info
[1.457s] running install_scripts
[1.495s] writing list of installed files to '/ws/build/my_py_pkg/install.log'
[1.540s] Invoked command in '/ws/src/my_py_pkg' returned '0': PYTHONPATH=/ws/build/my_py_pkg/prefix_override:/usr/lib/python3/dist-packages/colcon_core/task/python/colcon_distutils_commands:/ws/install/my_py_pkg/lib/python3.10/site-packages:${PYTHONPATH} /usr/bin/python3 -W ignore:setup.py install is deprecated setup.py egg_info --egg-base ../../build/my_py_pkg build --build-base /ws/build/my_py_pkg/build install --record /ws/build/my_py_pkg/install.log --single-version-externally-managed install_data
