[0.010s] Invoking command in '/ws/build/battery_manager': CMAKE_PREFIX_PATH=/opt/ros/humble /usr/bin/cmake --build /ws/build/battery_manager -- -j8 -l8
[0.047s] [35m[1mConsolidate compiler generated dependencies of target battery_manager__rosidl_generator_c[0m
[0.057s] [  2%] Built target battery_manager__cpp
[0.062s] [ 12%] Built target battery_manager__rosidl_generator_c
[0.073s] [ 12%] Built target ament_cmake_python_copy_battery_manager
[0.077s] [35m[1mConsolidate compiler generated dependencies of target battery_manager__rosidl_typesupport_fastrtps_cpp[0m
[0.089s] [35m[1mConsolidate compiler generated dependencies of target battery_manager__rosidl_typesupport_introspection_cpp[0m
[0.090s] [35m[1mConsolidate compiler generated dependencies of target battery_manager__rosidl_typesupport_cpp[0m
[0.093s] [35m[1mConsolidate compiler generated dependencies of target battery_manager__rosidl_typesupport_fastrtps_c[0m
[0.099s] [35m[1mConsolidate compiler generated dependencies of target battery_manager__rosidl_typesupport_introspection_c[0m
[0.108s] [35m[1mConsolidate compiler generated dependencies of target battery_manager__rosidl_typesupport_c[0m
[0.110s] [ 23%] Built target battery_manager__rosidl_typesupport_fastrtps_cpp
[0.124s] [ 33%] Built target battery_manager__rosidl_typesupport_cpp
[0.128s] [ 43%] Built target battery_manager__rosidl_typesupport_fastrtps_c
[0.129s] [ 53%] Built target battery_manager__rosidl_typesupport_c
[0.131s] [ 64%] Built target battery_manager__rosidl_typesupport_introspection_cpp
[0.137s] [ 74%] Built target battery_manager__rosidl_typesupport_introspection_c
[0.167s] [ 74%] Built target battery_manager
[0.192s] [ 76%] Built target battery_manager__py
[0.204s] [35m[1mConsolidate compiler generated dependencies of target battery_manager__rosidl_generator_py[0m
[0.223s] [ 84%] Built target battery_manager__rosidl_generator_py
[0.241s] [35m[1mConsolidate compiler generated dependencies of target battery_manager__rosidl_typesupport_introspection_c__pyext[0m
[0.243s] [35m[1mConsolidate compiler generated dependencies of target battery_manager__rosidl_typesupport_fastrtps_c__pyext[0m
[0.250s] [35m[1mConsolidate compiler generated dependencies of target battery_manager__rosidl_typesupport_c__pyext[0m
[0.260s] [ 89%] Built target battery_manager__rosidl_typesupport_introspection_c__pyext
[0.265s] [ 94%] Built target battery_manager__rosidl_typesupport_fastrtps_c__pyext
[0.269s] [100%] Built target battery_manager__rosidl_typesupport_c__pyext
[0.353s] running egg_info
[0.354s] writing battery_manager.egg-info/PKG-INFO
[0.355s] writing dependency_links to battery_manager.egg-info/dependency_links.txt
[0.355s] writing top-level names to battery_manager.egg-info/top_level.txt
[0.357s] reading manifest file 'battery_manager.egg-info/SOURCES.txt'
[0.358s] writing manifest file 'battery_manager.egg-info/SOURCES.txt'
[0.383s] [100%] Built target ament_cmake_python_build_battery_manager_egg
[0.393s] Invoked command in '/ws/build/battery_manager' returned '0': CMAKE_PREFIX_PATH=/opt/ros/humble /usr/bin/cmake --build /ws/build/battery_manager -- -j8 -l8
[0.454s] Invoking command in '/ws/build/battery_manager': CMAKE_PREFIX_PATH=/opt/ros/humble /usr/bin/cmake --install /ws/build/battery_manager
[0.459s] -- Install configuration: ""
[0.459s] -- Up-to-date: /ws/install/battery_manager/share/ament_index/resource_index/rosidl_interfaces/battery_manager
[0.460s] -- Up-to-date: /ws/install/battery_manager/include/battery_manager/battery_manager
[0.460s] -- Up-to-date: /ws/install/battery_manager/include/battery_manager/battery_manager/srv
[0.460s] -- Up-to-date: /ws/install/battery_manager/include/battery_manager/battery_manager/srv/detail
[0.460s] -- Up-to-date: /ws/install/battery_manager/include/battery_manager/battery_manager/srv/detail/set_led__struct.h
[0.460s] -- Up-to-date: /ws/install/battery_manager/include/battery_manager/battery_manager/srv/detail/set_led__type_support.h
[0.460s] -- Up-to-date: /ws/install/battery_manager/include/battery_manager/battery_manager/srv/detail/set_led__functions.h
[0.460s] -- Up-to-date: /ws/install/battery_manager/include/battery_manager/battery_manager/srv/detail/set_led__functions.c
[0.460s] -- Up-to-date: /ws/install/battery_manager/include/battery_manager/battery_manager/srv/set_led.h
[0.460s] -- Up-to-date: /ws/install/battery_manager/include/battery_manager/battery_manager/msg
[0.460s] -- Up-to-date: /ws/install/battery_manager/include/battery_manager/battery_manager/msg/detail
[0.461s] -- Up-to-date: /ws/install/battery_manager/include/battery_manager/battery_manager/msg/detail/led_states__struct.h
[0.461s] -- Up-to-date: /ws/install/battery_manager/include/battery_manager/battery_manager/msg/detail/led_states__functions.c
[0.461s] -- Up-to-date: /ws/install/battery_manager/include/battery_manager/battery_manager/msg/detail/led_states__type_support.h
[0.461s] -- Up-to-date: /ws/install/battery_manager/include/battery_manager/battery_manager/msg/detail/led_states__functions.h
[0.461s] -- Up-to-date: /ws/install/battery_manager/include/battery_manager/battery_manager/msg/rosidl_generator_c__visibility_control.h
[0.461s] -- Up-to-date: /ws/install/battery_manager/include/battery_manager/battery_manager/msg/led_states.h
[0.461s] -- Up-to-date: /ws/install/battery_manager/share/battery_manager/environment/library_path.sh
[0.461s] -- Up-to-date: /ws/install/battery_manager/share/battery_manager/environment/library_path.dsv
[0.461s] -- Up-to-date: /ws/install/battery_manager/lib/libbattery_manager__rosidl_generator_c.so
[0.461s] -- Up-to-date: /ws/install/battery_manager/include/battery_manager/battery_manager
[0.461s] -- Up-to-date: /ws/install/battery_manager/include/battery_manager/battery_manager/srv
[0.462s] -- Up-to-date: /ws/install/battery_manager/include/battery_manager/battery_manager/srv/detail
[0.462s] -- Up-to-date: /ws/install/battery_manager/include/battery_manager/battery_manager/srv/detail/set_led__rosidl_typesupport_fastrtps_c.h
[0.462s] -- Up-to-date: /ws/install/battery_manager/include/battery_manager/battery_manager/msg
[0.462s] -- Up-to-date: /ws/install/battery_manager/include/battery_manager/battery_manager/msg/detail
[0.462s] -- Up-to-date: /ws/install/battery_manager/include/battery_manager/battery_manager/msg/detail/led_states__rosidl_typesupport_fastrtps_c.h
[0.462s] -- Up-to-date: /ws/install/battery_manager/include/battery_manager/battery_manager/msg/rosidl_typesupport_fastrtps_c__visibility_control.h
[0.462s] -- Up-to-date: /ws/install/battery_manager/lib/libbattery_manager__rosidl_typesupport_fastrtps_c.so
[0.462s] -- Up-to-date: /ws/install/battery_manager/include/battery_manager/battery_manager
[0.462s] -- Up-to-date: /ws/install/battery_manager/include/battery_manager/battery_manager/srv
[0.462s] -- Up-to-date: /ws/install/battery_manager/include/battery_manager/battery_manager/srv/detail
[0.463s] -- Up-to-date: /ws/install/battery_manager/include/battery_manager/battery_manager/srv/detail/set_led__type_support.c
[0.463s] -- Up-to-date: /ws/install/battery_manager/include/battery_manager/battery_manager/srv/detail/set_led__rosidl_typesupport_introspection_c.h
[0.463s] -- Up-to-date: /ws/install/battery_manager/include/battery_manager/battery_manager/msg
[0.463s] -- Up-to-date: /ws/install/battery_manager/include/battery_manager/battery_manager/msg/detail
[0.463s] -- Up-to-date: /ws/install/battery_manager/include/battery_manager/battery_manager/msg/detail/led_states__type_support.c
[0.463s] -- Up-to-date: /ws/install/battery_manager/include/battery_manager/battery_manager/msg/detail/led_states__rosidl_typesupport_introspection_c.h
[0.463s] -- Up-to-date: /ws/install/battery_manager/include/battery_manager/battery_manager/msg/rosidl_typesupport_introspection_c__visibility_control.h
[0.463s] -- Up-to-date: /ws/install/battery_manager/lib/libbattery_manager__rosidl_typesupport_introspection_c.so
[0.463s] -- Up-to-date: /ws/install/battery_manager/lib/libbattery_manager__rosidl_typesupport_c.so
[0.463s] -- Up-to-date: /ws/install/battery_manager/include/battery_manager/battery_manager
[0.463s] -- Up-to-date: /ws/install/battery_manager/include/battery_manager/battery_manager/srv
[0.464s] -- Up-to-date: /ws/install/battery_manager/include/battery_manager/battery_manager/srv/detail
[0.464s] -- Up-to-date: /ws/install/battery_manager/include/battery_manager/battery_manager/srv/detail/set_led__struct.hpp
[0.464s] -- Up-to-date: /ws/install/battery_manager/include/battery_manager/battery_manager/srv/detail/set_led__traits.hpp
[0.464s] -- Up-to-date: /ws/install/battery_manager/include/battery_manager/battery_manager/srv/detail/set_led__builder.hpp
[0.464s] -- Up-to-date: /ws/install/battery_manager/include/battery_manager/battery_manager/srv/set_led.hpp
[0.464s] -- Up-to-date: /ws/install/battery_manager/include/battery_manager/battery_manager/msg
[0.464s] -- Up-to-date: /ws/install/battery_manager/include/battery_manager/battery_manager/msg/detail
[0.465s] -- Up-to-date: /ws/install/battery_manager/include/battery_manager/battery_manager/msg/detail/led_states__traits.hpp
[0.465s] -- Up-to-date: /ws/install/battery_manager/include/battery_manager/battery_manager/msg/detail/led_states__struct.hpp
[0.465s] -- Up-to-date: /ws/install/battery_manager/include/battery_manager/battery_manager/msg/detail/led_states__builder.hpp
[0.465s] -- Up-to-date: /ws/install/battery_manager/include/battery_manager/battery_manager/msg/led_states.hpp
[0.465s] -- Up-to-date: /ws/install/battery_manager/include/battery_manager/battery_manager
[0.465s] -- Up-to-date: /ws/install/battery_manager/include/battery_manager/battery_manager/srv
[0.465s] -- Up-to-date: /ws/install/battery_manager/include/battery_manager/battery_manager/srv/detail
[0.465s] -- Up-to-date: /ws/install/battery_manager/include/battery_manager/battery_manager/srv/detail/set_led__rosidl_typesupport_fastrtps_cpp.hpp
[0.465s] -- Up-to-date: /ws/install/battery_manager/include/battery_manager/battery_manager/srv/detail/dds_fastrtps
[0.465s] -- Up-to-date: /ws/install/battery_manager/include/battery_manager/battery_manager/msg
[0.465s] -- Up-to-date: /ws/install/battery_manager/include/battery_manager/battery_manager/msg/detail
[0.465s] -- Up-to-date: /ws/install/battery_manager/include/battery_manager/battery_manager/msg/detail/led_states__rosidl_typesupport_fastrtps_cpp.hpp
[0.466s] -- Up-to-date: /ws/install/battery_manager/include/battery_manager/battery_manager/msg/detail/dds_fastrtps
[0.466s] -- Up-to-date: /ws/install/battery_manager/include/battery_manager/battery_manager/msg/rosidl_typesupport_fastrtps_cpp__visibility_control.h
[0.466s] -- Up-to-date: /ws/install/battery_manager/lib/libbattery_manager__rosidl_typesupport_fastrtps_cpp.so
[0.466s] -- Up-to-date: /ws/install/battery_manager/include/battery_manager/battery_manager
[0.466s] -- Up-to-date: /ws/install/battery_manager/include/battery_manager/battery_manager/srv
[0.466s] -- Up-to-date: /ws/install/battery_manager/include/battery_manager/battery_manager/srv/detail
[0.466s] -- Up-to-date: /ws/install/battery_manager/include/battery_manager/battery_manager/srv/detail/set_led__type_support.cpp
[0.466s] -- Up-to-date: /ws/install/battery_manager/include/battery_manager/battery_manager/srv/detail/set_led__rosidl_typesupport_introspection_cpp.hpp
[0.466s] -- Up-to-date: /ws/install/battery_manager/include/battery_manager/battery_manager/msg
[0.466s] -- Up-to-date: /ws/install/battery_manager/include/battery_manager/battery_manager/msg/detail
[0.466s] -- Up-to-date: /ws/install/battery_manager/include/battery_manager/battery_manager/msg/detail/led_states__rosidl_typesupport_introspection_cpp.hpp
[0.466s] -- Up-to-date: /ws/install/battery_manager/include/battery_manager/battery_manager/msg/detail/led_states__type_support.cpp
[0.466s] -- Up-to-date: /ws/install/battery_manager/lib/libbattery_manager__rosidl_typesupport_introspection_cpp.so
[0.467s] -- Up-to-date: /ws/install/battery_manager/lib/libbattery_manager__rosidl_typesupport_cpp.so
[0.467s] -- Up-to-date: /ws/install/battery_manager/share/battery_manager/environment/pythonpath.sh
[0.467s] -- Up-to-date: /ws/install/battery_manager/share/battery_manager/environment/pythonpath.dsv
[0.467s] -- Up-to-date: /ws/install/battery_manager/local/lib/python3.10/dist-packages/battery_manager-0.0.0-py3.10.egg-info
[0.467s] -- Installing: /ws/install/battery_manager/local/lib/python3.10/dist-packages/battery_manager-0.0.0-py3.10.egg-info/top_level.txt
[0.467s] -- Installing: /ws/install/battery_manager/local/lib/python3.10/dist-packages/battery_manager-0.0.0-py3.10.egg-info/SOURCES.txt
[0.467s] -- Installing: /ws/install/battery_manager/local/lib/python3.10/dist-packages/battery_manager-0.0.0-py3.10.egg-info/PKG-INFO
[0.467s] -- Installing: /ws/install/battery_manager/local/lib/python3.10/dist-packages/battery_manager-0.0.0-py3.10.egg-info/dependency_links.txt
[0.467s] -- Up-to-date: /ws/install/battery_manager/local/lib/python3.10/dist-packages/battery_manager
[0.467s] -- Up-to-date: /ws/install/battery_manager/local/lib/python3.10/dist-packages/battery_manager/__init__.py
[0.467s] -- Up-to-date: /ws/install/battery_manager/local/lib/python3.10/dist-packages/battery_manager/_battery_manager_s.ep.rosidl_typesupport_introspection_c.c
[0.467s] -- Up-to-date: /ws/install/battery_manager/local/lib/python3.10/dist-packages/battery_manager/srv
[0.467s] -- Up-to-date: /ws/install/battery_manager/local/lib/python3.10/dist-packages/battery_manager/srv/__init__.py
[0.467s] -- Up-to-date: /ws/install/battery_manager/local/lib/python3.10/dist-packages/battery_manager/srv/_set_led.py
[0.467s] -- Up-to-date: /ws/install/battery_manager/local/lib/python3.10/dist-packages/battery_manager/srv/_set_led_s.c
[0.468s] -- Up-to-date: /ws/install/battery_manager/local/lib/python3.10/dist-packages/battery_manager/libbattery_manager__rosidl_generator_py.so
[0.468s] -- Up-to-date: /ws/install/battery_manager/local/lib/python3.10/dist-packages/battery_manager/_battery_manager_s.ep.rosidl_typesupport_fastrtps_c.c
[0.468s] -- Up-to-date: /ws/install/battery_manager/local/lib/python3.10/dist-packages/battery_manager/msg
[0.468s] -- Up-to-date: /ws/install/battery_manager/local/lib/python3.10/dist-packages/battery_manager/msg/__init__.py
[0.468s] -- Up-to-date: /ws/install/battery_manager/local/lib/python3.10/dist-packages/battery_manager/msg/_led_states_s.c
[0.468s] -- Up-to-date: /ws/install/battery_manager/local/lib/python3.10/dist-packages/battery_manager/msg/_led_states.py
[0.468s] -- Up-to-date: /ws/install/battery_manager/local/lib/python3.10/dist-packages/battery_manager/battery_manager_s__rosidl_typesupport_c.cpython-310-x86_64-linux-gnu.so
[0.468s] -- Up-to-date: /ws/install/battery_manager/local/lib/python3.10/dist-packages/battery_manager/battery_manager_s__rosidl_typesupport_introspection_c.cpython-310-x86_64-linux-gnu.so
[0.468s] -- Up-to-date: /ws/install/battery_manager/local/lib/python3.10/dist-packages/battery_manager/_battery_manager_s.ep.rosidl_typesupport_c.c
[0.468s] -- Up-to-date: /ws/install/battery_manager/local/lib/python3.10/dist-packages/battery_manager/battery_manager_s__rosidl_typesupport_fastrtps_c.cpython-310-x86_64-linux-gnu.so
[0.494s] Listing '/ws/install/battery_manager/local/lib/python3.10/dist-packages/battery_manager'...
[0.494s] Listing '/ws/install/battery_manager/local/lib/python3.10/dist-packages/battery_manager/msg'...
[0.495s] Listing '/ws/install/battery_manager/local/lib/python3.10/dist-packages/battery_manager/srv'...
[0.497s] -- Up-to-date: /ws/install/battery_manager/local/lib/python3.10/dist-packages/battery_manager/battery_manager_s__rosidl_typesupport_fastrtps_c.cpython-310-x86_64-linux-gnu.so
[0.498s] -- Up-to-date: /ws/install/battery_manager/local/lib/python3.10/dist-packages/battery_manager/battery_manager_s__rosidl_typesupport_introspection_c.cpython-310-x86_64-linux-gnu.so
[0.498s] -- Up-to-date: /ws/install/battery_manager/local/lib/python3.10/dist-packages/battery_manager/battery_manager_s__rosidl_typesupport_c.cpython-310-x86_64-linux-gnu.so
[0.498s] -- Up-to-date: /ws/install/battery_manager/lib/libbattery_manager__rosidl_generator_py.so
[0.498s] -- Up-to-date: /ws/install/battery_manager/share/battery_manager/msg/LedStates.idl
[0.500s] -- Up-to-date: /ws/install/battery_manager/share/battery_manager/srv/SetLed.idl
[0.500s] -- Up-to-date: /ws/install/battery_manager/share/battery_manager/msg/LedStates.msg
[0.500s] -- Up-to-date: /ws/install/battery_manager/share/battery_manager/srv/SetLed.srv
[0.500s] -- Up-to-date: /ws/install/battery_manager/share/battery_manager/srv/SetLed_Request.msg
[0.500s] -- Up-to-date: /ws/install/battery_manager/share/battery_manager/srv/SetLed_Response.msg
[0.500s] -- Up-to-date: /ws/install/battery_manager/share/ament_index/resource_index/package_run_dependencies/battery_manager
[0.500s] -- Up-to-date: /ws/install/battery_manager/share/ament_index/resource_index/parent_prefix_path/battery_manager
[0.500s] -- Up-to-date: /ws/install/battery_manager/share/battery_manager/environment/ament_prefix_path.sh
[0.500s] -- Up-to-date: /ws/install/battery_manager/share/battery_manager/environment/ament_prefix_path.dsv
[0.500s] -- Up-to-date: /ws/install/battery_manager/share/battery_manager/environment/path.sh
[0.501s] -- Up-to-date: /ws/install/battery_manager/share/battery_manager/environment/path.dsv
[0.501s] -- Up-to-date: /ws/install/battery_manager/share/battery_manager/local_setup.bash
[0.501s] -- Up-to-date: /ws/install/battery_manager/share/battery_manager/local_setup.sh
[0.501s] -- Up-to-date: /ws/install/battery_manager/share/battery_manager/local_setup.zsh
[0.501s] -- Up-to-date: /ws/install/battery_manager/share/battery_manager/local_setup.dsv
[0.501s] -- Installing: /ws/install/battery_manager/share/battery_manager/package.dsv
[0.501s] -- Up-to-date: /ws/install/battery_manager/share/ament_index/resource_index/packages/battery_manager
[0.501s] -- Up-to-date: /ws/install/battery_manager/share/battery_manager/cmake/export_battery_manager__rosidl_generator_cExport.cmake
[0.501s] -- Up-to-date: /ws/install/battery_manager/share/battery_manager/cmake/export_battery_manager__rosidl_generator_cExport-noconfig.cmake
[0.501s] -- Up-to-date: /ws/install/battery_manager/share/battery_manager/cmake/export_battery_manager__rosidl_typesupport_fastrtps_cExport.cmake
[0.501s] -- Up-to-date: /ws/install/battery_manager/share/battery_manager/cmake/export_battery_manager__rosidl_typesupport_fastrtps_cExport-noconfig.cmake
[0.501s] -- Up-to-date: /ws/install/battery_manager/share/battery_manager/cmake/battery_manager__rosidl_typesupport_introspection_cExport.cmake
[0.501s] -- Up-to-date: /ws/install/battery_manager/share/battery_manager/cmake/battery_manager__rosidl_typesupport_introspection_cExport-noconfig.cmake
[0.501s] -- Up-to-date: /ws/install/battery_manager/share/battery_manager/cmake/battery_manager__rosidl_typesupport_cExport.cmake
[0.501s] -- Up-to-date: /ws/install/battery_manager/share/battery_manager/cmake/battery_manager__rosidl_typesupport_cExport-noconfig.cmake
[0.501s] -- Up-to-date: /ws/install/battery_manager/share/battery_manager/cmake/export_battery_manager__rosidl_generator_cppExport.cmake
[0.502s] -- Up-to-date: /ws/install/battery_manager/share/battery_manager/cmake/export_battery_manager__rosidl_typesupport_fastrtps_cppExport.cmake
[0.502s] -- Up-to-date: /ws/install/battery_manager/share/battery_manager/cmake/export_battery_manager__rosidl_typesupport_fastrtps_cppExport-noconfig.cmake
[0.502s] -- Up-to-date: /ws/install/battery_manager/share/battery_manager/cmake/battery_manager__rosidl_typesupport_introspection_cppExport.cmake
[0.502s] -- Up-to-date: /ws/install/battery_manager/share/battery_manager/cmake/battery_manager__rosidl_typesupport_introspection_cppExport-noconfig.cmake
[0.502s] -- Up-to-date: /ws/install/battery_manager/share/battery_manager/cmake/battery_manager__rosidl_typesupport_cppExport.cmake
[0.502s] -- Up-to-date: /ws/install/battery_manager/share/battery_manager/cmake/battery_manager__rosidl_typesupport_cppExport-noconfig.cmake
[0.502s] -- Up-to-date: /ws/install/battery_manager/share/battery_manager/cmake/export_battery_manager__rosidl_generator_pyExport.cmake
[0.502s] -- Up-to-date: /ws/install/battery_manager/share/battery_manager/cmake/export_battery_manager__rosidl_generator_pyExport-noconfig.cmake
[0.502s] -- Up-to-date: /ws/install/battery_manager/share/battery_manager/cmake/rosidl_cmake-extras.cmake
[0.502s] -- Up-to-date: /ws/install/battery_manager/share/battery_manager/cmake/ament_cmake_export_include_directories-extras.cmake
[0.502s] -- Up-to-date: /ws/install/battery_manager/share/battery_manager/cmake/ament_cmake_export_libraries-extras.cmake
[0.502s] -- Up-to-date: /ws/install/battery_manager/share/battery_manager/cmake/ament_cmake_export_targets-extras.cmake
[0.502s] -- Up-to-date: /ws/install/battery_manager/share/battery_manager/cmake/rosidl_cmake_export_typesupport_targets-extras.cmake
[0.503s] -- Up-to-date: /ws/install/battery_manager/share/battery_manager/cmake/ament_cmake_export_dependencies-extras.cmake
[0.503s] -- Up-to-date: /ws/install/battery_manager/share/battery_manager/cmake/rosidl_cmake_export_typesupport_libraries-extras.cmake
[0.504s] -- Up-to-date: /ws/install/battery_manager/share/battery_manager/cmake/battery_managerConfig.cmake
[0.504s] -- Up-to-date: /ws/install/battery_manager/share/battery_manager/cmake/battery_managerConfig-version.cmake
[0.504s] -- Up-to-date: /ws/install/battery_manager/share/battery_manager/package.xml
[0.504s] Invoked command in '/ws/build/battery_manager' returned '0': CMAKE_PREFIX_PATH=/opt/ros/humble /usr/bin/cmake --install /ws/build/battery_manager
