[1.009s] Invoking command in '/ws/src/my_py_pkg': PYTHONPATH=/ws/build/my_py_pkg/prefix_override:/usr/lib/python3/dist-packages/colcon_core/task/python/colcon_distutils_commands:/ws/install/my_py_pkg/lib/python3.10/site-packages:${PYTHONPATH} /usr/bin/python3 -W ignore:setup.py install is deprecated setup.py egg_info --egg-base ../../build/my_py_pkg build --build-base /ws/build/my_py_pkg/build install --record /ws/build/my_py_pkg/install.log --single-version-externally-managed install_data
[1.396s] running egg_info
[1.397s] writing ../../build/my_py_pkg/my_py_pkg.egg-info/PKG-INFO
[1.397s] writing dependency_links to ../../build/my_py_pkg/my_py_pkg.egg-info/dependency_links.txt
[1.398s] writing entry points to ../../build/my_py_pkg/my_py_pkg.egg-info/entry_points.txt
[1.398s] writing requirements to ../../build/my_py_pkg/my_py_pkg.egg-info/requires.txt
[1.398s] writing top-level names to ../../build/my_py_pkg/my_py_pkg.egg-info/top_level.txt
[1.401s] reading manifest file '../../build/my_py_pkg/my_py_pkg.egg-info/SOURCES.txt'
[1.403s] writing manifest file '../../build/my_py_pkg/my_py_pkg.egg-info/SOURCES.txt'
[1.403s] running build
[1.403s] running build_py
[1.403s] copying my_py_pkg/smartphone.py -> /ws/build/my_py_pkg/build/lib/my_py_pkg
[1.404s] running install
[1.405s] running install_lib
[1.406s] copying /ws/build/my_py_pkg/build/lib/my_py_pkg/smartphone.py -> /ws/install/my_py_pkg/lib/python3.10/site-packages/my_py_pkg
[1.407s] byte-compiling /ws/install/my_py_pkg/lib/python3.10/site-packages/my_py_pkg/smartphone.py to smartphone.cpython-310.pyc
[1.407s] Sorry: TabError: inconsistent use of tabs and spaces in indentation (smartphone.py, line 8)
[1.408s] running install_data
[1.408s] running install_egg_info
[1.411s] removing '/ws/install/my_py_pkg/lib/python3.10/site-packages/my_py_pkg-0.0.0-py3.10.egg-info' (and everything under it)
[1.411s] Copying ../../build/my_py_pkg/my_py_pkg.egg-info to /ws/install/my_py_pkg/lib/python3.10/site-packages/my_py_pkg-0.0.0-py3.10.egg-info
[1.413s] running install_scripts
[1.452s] Installing py_node script to /ws/install/my_py_pkg/lib/my_py_pkg
[1.452s] Installing robot_news_station script to /ws/install/my_py_pkg/lib/my_py_pkg
[1.452s] Installing smartphone script to /ws/install/my_py_pkg/lib/my_py_pkg
[1.452s] writing list of installed files to '/ws/build/my_py_pkg/install.log'
[1.493s] Invoked command in '/ws/src/my_py_pkg' returned '0': PYTHONPATH=/ws/build/my_py_pkg/prefix_override:/usr/lib/python3/dist-packages/colcon_core/task/python/colcon_distutils_commands:/ws/install/my_py_pkg/lib/python3.10/site-packages:${PYTHONPATH} /usr/bin/python3 -W ignore:setup.py install is deprecated setup.py egg_info --egg-base ../../build/my_py_pkg build --build-base /ws/build/my_py_pkg/build install --record /ws/build/my_py_pkg/install.log --single-version-externally-managed install_data
