[0.011s] Invoking command in '/ws/build/battery_manager': CMAKE_PREFIX_PATH=/opt/ros/humble /usr/bin/cmake /ws/src/battery_manager -DCMAKE_INSTALL_PREFIX=/ws/install/battery_manager
[0.180s] -- The C compiler identification is GNU 11.4.0
[0.274s] -- The CXX compiler identification is GNU 11.4.0
[0.281s] -- Detecting C compiler ABI info
[0.340s] -- Detecting C compiler ABI info - done
[0.346s] -- Check for working C compiler: /usr/bin/cc - skipped
[0.346s] -- Detecting C compile features
[0.347s] -- Detecting C compile features - done
[0.349s] -- Detecting CXX compiler ABI info
[0.417s] -- Detecting CXX compiler ABI info - done
[0.425s] -- Check for working CXX compiler: /usr/bin/c++ - skipped
[0.425s] -- Detecting CXX compile features
[0.425s] -- Detecting CXX compile features - done
[0.432s] -- Found ament_cmake: 1.3.10 (/opt/ros/humble/share/ament_cmake/cmake)
[0.556s] -- Found Python3: /usr/bin/python3 (found version "3.10.12") found components: Interpreter 
[0.641s] [31mCMake Error at CMakeLists.txt:10 (find_package):
[0.642s]   By not providing "Findrosifl_default_generators.cmake" in CMAKE_MODULE_PATH
[0.642s]   this project has asked CMake to find a package configuration file provided
[0.642s]   by "rosifl_default_generators", but CMake did not find one.
[0.642s] 
[0.642s]   Could not find a package configuration file provided by
[0.642s]   "rosifl_default_generators" with any of the following names:
[0.642s] 
[0.642s]     rosifl_default_generatorsConfig.cmake
[0.642s]     rosifl_default_generators-config.cmake
[0.642s] 
[0.642s]   Add the installation prefix of "rosifl_default_generators" to
[0.642s]   CMAKE_PREFIX_PATH or set "rosifl_default_generators_DIR" to a directory
[0.642s]   containing one of the above files.  If "rosifl_default_generators" provides
[0.642s]   a separate development package or SDK, be sure it has been installed.
[0.642s] 
[0.642s] [0m
[0.642s] -- Configuring incomplete, errors occurred!
[0.643s] See also "/ws/build/battery_manager/CMakeFiles/CMakeOutput.log".
[0.646s] Invoked command in '/ws/build/battery_manager' returned '1': CMAKE_PREFIX_PATH=/opt/ros/humble /usr/bin/cmake /ws/src/battery_manager -DCMAKE_INSTALL_PREFIX=/ws/install/battery_manager
