[0.010s] Invoking command in '/ws/build/my_robot_interfaces': CMAKE_PREFIX_PATH=/opt/ros/humble /usr/bin/cmake --build /ws/build/my_robot_interfaces -- -j8 -l8
[0.052s] [  2%] Built target my_robot_interfaces__cpp
[0.052s] [ 12%] Built target my_robot_interfaces__rosidl_generator_c
[0.063s] [ 12%] Built target ament_cmake_python_copy_my_robot_interfaces
[0.076s] [ 33%] Built target my_robot_interfaces__rosidl_typesupport_c
[0.076s] [ 33%] Built target my_robot_interfaces__rosidl_typesupport_introspection_c
[0.079s] [ 43%] Built target my_robot_interfaces__rosidl_typesupport_fastrtps_cpp
[0.083s] [ 53%] Built target my_robot_interfaces__rosidl_typesupport_introspection_cpp
[0.087s] [ 64%] Built target my_robot_interfaces__rosidl_typesupport_fastrtps_c
[0.087s] [ 74%] Built target my_robot_interfaces__rosidl_typesupport_cpp
[0.105s] [ 74%] Built target my_robot_interfaces
[0.123s] [ 76%] Built target my_robot_interfaces__py
[0.143s] [ 84%] Built target my_robot_interfaces__rosidl_generator_py
[0.163s] [ 94%] Built target my_robot_interfaces__rosidl_typesupport_c__pyext
[0.164s] [ 94%] Built target my_robot_interfaces__rosidl_typesupport_introspection_c__pyext
[0.164s] [100%] Built target my_robot_interfaces__rosidl_typesupport_fastrtps_c__pyext
[0.247s] running egg_info
[0.247s] writing my_robot_interfaces.egg-info/PKG-INFO
[0.247s] writing dependency_links to my_robot_interfaces.egg-info/dependency_links.txt
[0.247s] writing top-level names to my_robot_interfaces.egg-info/top_level.txt
[0.250s] reading manifest file 'my_robot_interfaces.egg-info/SOURCES.txt'
[0.250s] writing manifest file 'my_robot_interfaces.egg-info/SOURCES.txt'
[0.273s] [100%] Built target ament_cmake_python_build_my_robot_interfaces_egg
[0.283s] Invoked command in '/ws/build/my_robot_interfaces' returned '0': CMAKE_PREFIX_PATH=/opt/ros/humble /usr/bin/cmake --build /ws/build/my_robot_interfaces -- -j8 -l8
[0.345s] Invoking command in '/ws/build/my_robot_interfaces': CMAKE_PREFIX_PATH=/opt/ros/humble /usr/bin/cmake --install /ws/build/my_robot_interfaces
[0.351s] -- Install configuration: ""
[0.351s] -- Installing: /ws/install/my_robot_interfaces/share/ament_index/resource_index/rosidl_interfaces/my_robot_interfaces
[0.351s] -- Up-to-date: /ws/install/my_robot_interfaces/include/my_robot_interfaces/my_robot_interfaces
[0.351s] -- Installing: /ws/install/my_robot_interfaces/include/my_robot_interfaces/my_robot_interfaces/srv
[0.351s] -- Installing: /ws/install/my_robot_interfaces/include/my_robot_interfaces/my_robot_interfaces/srv/detail
[0.351s] -- Installing: /ws/install/my_robot_interfaces/include/my_robot_interfaces/my_robot_interfaces/srv/detail/compute_rectangle_area__functions.c
[0.352s] -- Installing: /ws/install/my_robot_interfaces/include/my_robot_interfaces/my_robot_interfaces/srv/detail/compute_rectangle_area__type_support.h
[0.352s] -- Installing: /ws/install/my_robot_interfaces/include/my_robot_interfaces/my_robot_interfaces/srv/detail/compute_rectangle_area__struct.h
[0.352s] -- Installing: /ws/install/my_robot_interfaces/include/my_robot_interfaces/my_robot_interfaces/srv/detail/compute_rectangle_area__functions.h
[0.352s] -- Installing: /ws/install/my_robot_interfaces/include/my_robot_interfaces/my_robot_interfaces/srv/compute_rectangle_area.h
[0.352s] -- Up-to-date: /ws/install/my_robot_interfaces/include/my_robot_interfaces/my_robot_interfaces/msg
[0.352s] -- Up-to-date: /ws/install/my_robot_interfaces/include/my_robot_interfaces/my_robot_interfaces/msg/detail
[0.352s] -- Installing: /ws/install/my_robot_interfaces/include/my_robot_interfaces/my_robot_interfaces/msg/detail/hardware_status__type_support.h
[0.352s] -- Installing: /ws/install/my_robot_interfaces/include/my_robot_interfaces/my_robot_interfaces/msg/detail/hardware_status__struct.h
[0.352s] -- Installing: /ws/install/my_robot_interfaces/include/my_robot_interfaces/my_robot_interfaces/msg/detail/hardware_status__functions.h
[0.352s] -- Installing: /ws/install/my_robot_interfaces/include/my_robot_interfaces/my_robot_interfaces/msg/detail/hardware_status__functions.c
[0.352s] -- Installing: /ws/install/my_robot_interfaces/include/my_robot_interfaces/my_robot_interfaces/msg/hardware_status.h
[0.352s] -- Up-to-date: /ws/install/my_robot_interfaces/include/my_robot_interfaces/my_robot_interfaces/msg/rosidl_generator_c__visibility_control.h
[0.352s] -- Installing: /ws/install/my_robot_interfaces/share/my_robot_interfaces/environment/library_path.sh
[0.353s] -- Installing: /ws/install/my_robot_interfaces/share/my_robot_interfaces/environment/library_path.dsv
[0.353s] -- Installing: /ws/install/my_robot_interfaces/lib/libmy_robot_interfaces__rosidl_generator_c.so
[0.353s] -- Set runtime path of "/ws/install/my_robot_interfaces/lib/libmy_robot_interfaces__rosidl_generator_c.so" to ""
[0.353s] -- Up-to-date: /ws/install/my_robot_interfaces/include/my_robot_interfaces/my_robot_interfaces
[0.353s] -- Up-to-date: /ws/install/my_robot_interfaces/include/my_robot_interfaces/my_robot_interfaces/srv
[0.353s] -- Up-to-date: /ws/install/my_robot_interfaces/include/my_robot_interfaces/my_robot_interfaces/srv/detail
[0.353s] -- Installing: /ws/install/my_robot_interfaces/include/my_robot_interfaces/my_robot_interfaces/srv/detail/compute_rectangle_area__rosidl_typesupport_fastrtps_c.h
[0.353s] -- Up-to-date: /ws/install/my_robot_interfaces/include/my_robot_interfaces/my_robot_interfaces/msg
[0.353s] -- Up-to-date: /ws/install/my_robot_interfaces/include/my_robot_interfaces/my_robot_interfaces/msg/detail
[0.353s] -- Installing: /ws/install/my_robot_interfaces/include/my_robot_interfaces/my_robot_interfaces/msg/detail/hardware_status__rosidl_typesupport_fastrtps_c.h
[0.353s] -- Up-to-date: /ws/install/my_robot_interfaces/include/my_robot_interfaces/my_robot_interfaces/msg/rosidl_typesupport_fastrtps_c__visibility_control.h
[0.354s] -- Installing: /ws/install/my_robot_interfaces/lib/libmy_robot_interfaces__rosidl_typesupport_fastrtps_c.so
[0.354s] -- Set runtime path of "/ws/install/my_robot_interfaces/lib/libmy_robot_interfaces__rosidl_typesupport_fastrtps_c.so" to ""
[0.354s] -- Up-to-date: /ws/install/my_robot_interfaces/include/my_robot_interfaces/my_robot_interfaces
[0.354s] -- Up-to-date: /ws/install/my_robot_interfaces/include/my_robot_interfaces/my_robot_interfaces/srv
[0.354s] -- Up-to-date: /ws/install/my_robot_interfaces/include/my_robot_interfaces/my_robot_interfaces/srv/detail
[0.354s] -- Installing: /ws/install/my_robot_interfaces/include/my_robot_interfaces/my_robot_interfaces/srv/detail/compute_rectangle_area__rosidl_typesupport_introspection_c.h
[0.354s] -- Installing: /ws/install/my_robot_interfaces/include/my_robot_interfaces/my_robot_interfaces/srv/detail/compute_rectangle_area__type_support.c
[0.354s] -- Up-to-date: /ws/install/my_robot_interfaces/include/my_robot_interfaces/my_robot_interfaces/msg
[0.354s] -- Up-to-date: /ws/install/my_robot_interfaces/include/my_robot_interfaces/my_robot_interfaces/msg/detail
[0.354s] -- Installing: /ws/install/my_robot_interfaces/include/my_robot_interfaces/my_robot_interfaces/msg/detail/hardware_status__type_support.c
[0.355s] -- Installing: /ws/install/my_robot_interfaces/include/my_robot_interfaces/my_robot_interfaces/msg/detail/hardware_status__rosidl_typesupport_introspection_c.h
[0.355s] -- Up-to-date: /ws/install/my_robot_interfaces/include/my_robot_interfaces/my_robot_interfaces/msg/rosidl_typesupport_introspection_c__visibility_control.h
[0.355s] -- Installing: /ws/install/my_robot_interfaces/lib/libmy_robot_interfaces__rosidl_typesupport_introspection_c.so
[0.355s] -- Set runtime path of "/ws/install/my_robot_interfaces/lib/libmy_robot_interfaces__rosidl_typesupport_introspection_c.so" to ""
[0.355s] -- Installing: /ws/install/my_robot_interfaces/lib/libmy_robot_interfaces__rosidl_typesupport_c.so
[0.355s] -- Set runtime path of "/ws/install/my_robot_interfaces/lib/libmy_robot_interfaces__rosidl_typesupport_c.so" to ""
[0.356s] -- Up-to-date: /ws/install/my_robot_interfaces/include/my_robot_interfaces/my_robot_interfaces
[0.356s] -- Up-to-date: /ws/install/my_robot_interfaces/include/my_robot_interfaces/my_robot_interfaces/srv
[0.356s] -- Up-to-date: /ws/install/my_robot_interfaces/include/my_robot_interfaces/my_robot_interfaces/srv/detail
[0.356s] -- Installing: /ws/install/my_robot_interfaces/include/my_robot_interfaces/my_robot_interfaces/srv/detail/compute_rectangle_area__struct.hpp
[0.356s] -- Installing: /ws/install/my_robot_interfaces/include/my_robot_interfaces/my_robot_interfaces/srv/detail/compute_rectangle_area__builder.hpp
[0.356s] -- Installing: /ws/install/my_robot_interfaces/include/my_robot_interfaces/my_robot_interfaces/srv/detail/compute_rectangle_area__traits.hpp
[0.356s] -- Installing: /ws/install/my_robot_interfaces/include/my_robot_interfaces/my_robot_interfaces/srv/compute_rectangle_area.hpp
[0.356s] -- Up-to-date: /ws/install/my_robot_interfaces/include/my_robot_interfaces/my_robot_interfaces/msg
[0.356s] -- Up-to-date: /ws/install/my_robot_interfaces/include/my_robot_interfaces/my_robot_interfaces/msg/detail
[0.356s] -- Installing: /ws/install/my_robot_interfaces/include/my_robot_interfaces/my_robot_interfaces/msg/detail/hardware_status__builder.hpp
[0.357s] -- Installing: /ws/install/my_robot_interfaces/include/my_robot_interfaces/my_robot_interfaces/msg/detail/hardware_status__traits.hpp
[0.357s] -- Installing: /ws/install/my_robot_interfaces/include/my_robot_interfaces/my_robot_interfaces/msg/detail/hardware_status__struct.hpp
[0.357s] -- Installing: /ws/install/my_robot_interfaces/include/my_robot_interfaces/my_robot_interfaces/msg/hardware_status.hpp
[0.357s] -- Up-to-date: /ws/install/my_robot_interfaces/include/my_robot_interfaces/my_robot_interfaces
[0.357s] -- Up-to-date: /ws/install/my_robot_interfaces/include/my_robot_interfaces/my_robot_interfaces/srv
[0.357s] -- Up-to-date: /ws/install/my_robot_interfaces/include/my_robot_interfaces/my_robot_interfaces/srv/detail
[0.357s] -- Installing: /ws/install/my_robot_interfaces/include/my_robot_interfaces/my_robot_interfaces/srv/detail/compute_rectangle_area__rosidl_typesupport_fastrtps_cpp.hpp
[0.358s] -- Installing: /ws/install/my_robot_interfaces/include/my_robot_interfaces/my_robot_interfaces/srv/detail/dds_fastrtps
[0.358s] -- Up-to-date: /ws/install/my_robot_interfaces/include/my_robot_interfaces/my_robot_interfaces/msg
[0.358s] -- Up-to-date: /ws/install/my_robot_interfaces/include/my_robot_interfaces/my_robot_interfaces/msg/detail
[0.358s] -- Installing: /ws/install/my_robot_interfaces/include/my_robot_interfaces/my_robot_interfaces/msg/detail/dds_fastrtps
[0.358s] -- Installing: /ws/install/my_robot_interfaces/include/my_robot_interfaces/my_robot_interfaces/msg/detail/hardware_status__rosidl_typesupport_fastrtps_cpp.hpp
[0.358s] -- Up-to-date: /ws/install/my_robot_interfaces/include/my_robot_interfaces/my_robot_interfaces/msg/rosidl_typesupport_fastrtps_cpp__visibility_control.h
[0.358s] -- Installing: /ws/install/my_robot_interfaces/lib/libmy_robot_interfaces__rosidl_typesupport_fastrtps_cpp.so
[0.359s] -- Set runtime path of "/ws/install/my_robot_interfaces/lib/libmy_robot_interfaces__rosidl_typesupport_fastrtps_cpp.so" to ""
[0.359s] -- Up-to-date: /ws/install/my_robot_interfaces/include/my_robot_interfaces/my_robot_interfaces
[0.359s] -- Up-to-date: /ws/install/my_robot_interfaces/include/my_robot_interfaces/my_robot_interfaces/srv
[0.359s] -- Up-to-date: /ws/install/my_robot_interfaces/include/my_robot_interfaces/my_robot_interfaces/srv/detail
[0.359s] -- Installing: /ws/install/my_robot_interfaces/include/my_robot_interfaces/my_robot_interfaces/srv/detail/compute_rectangle_area__rosidl_typesupport_introspection_cpp.hpp
[0.359s] -- Installing: /ws/install/my_robot_interfaces/include/my_robot_interfaces/my_robot_interfaces/srv/detail/compute_rectangle_area__type_support.cpp
[0.359s] -- Up-to-date: /ws/install/my_robot_interfaces/include/my_robot_interfaces/my_robot_interfaces/msg
[0.359s] -- Up-to-date: /ws/install/my_robot_interfaces/include/my_robot_interfaces/my_robot_interfaces/msg/detail
[0.359s] -- Installing: /ws/install/my_robot_interfaces/include/my_robot_interfaces/my_robot_interfaces/msg/detail/hardware_status__type_support.cpp
[0.359s] -- Installing: /ws/install/my_robot_interfaces/include/my_robot_interfaces/my_robot_interfaces/msg/detail/hardware_status__rosidl_typesupport_introspection_cpp.hpp
[0.360s] -- Installing: /ws/install/my_robot_interfaces/lib/libmy_robot_interfaces__rosidl_typesupport_introspection_cpp.so
[0.360s] -- Set runtime path of "/ws/install/my_robot_interfaces/lib/libmy_robot_interfaces__rosidl_typesupport_introspection_cpp.so" to ""
[0.361s] -- Installing: /ws/install/my_robot_interfaces/lib/libmy_robot_interfaces__rosidl_typesupport_cpp.so
[0.361s] -- Set runtime path of "/ws/install/my_robot_interfaces/lib/libmy_robot_interfaces__rosidl_typesupport_cpp.so" to ""
[0.361s] -- Up-to-date: /ws/install/my_robot_interfaces/share/my_robot_interfaces/environment/pythonpath.sh
[0.361s] -- Installing: /ws/install/my_robot_interfaces/share/my_robot_interfaces/environment/pythonpath.dsv
[0.361s] -- Up-to-date: /ws/install/my_robot_interfaces/local/lib/python3.10/dist-packages/my_robot_interfaces-0.0.0-py3.10.egg-info
[0.361s] -- Installing: /ws/install/my_robot_interfaces/local/lib/python3.10/dist-packages/my_robot_interfaces-0.0.0-py3.10.egg-info/top_level.txt
[0.361s] -- Installing: /ws/install/my_robot_interfaces/local/lib/python3.10/dist-packages/my_robot_interfaces-0.0.0-py3.10.egg-info/SOURCES.txt
[0.361s] -- Installing: /ws/install/my_robot_interfaces/local/lib/python3.10/dist-packages/my_robot_interfaces-0.0.0-py3.10.egg-info/PKG-INFO
[0.362s] -- Installing: /ws/install/my_robot_interfaces/local/lib/python3.10/dist-packages/my_robot_interfaces-0.0.0-py3.10.egg-info/dependency_links.txt
[0.362s] -- Up-to-date: /ws/install/my_robot_interfaces/local/lib/python3.10/dist-packages/my_robot_interfaces
[0.362s] -- Installing: /ws/install/my_robot_interfaces/local/lib/python3.10/dist-packages/my_robot_interfaces/__init__.py
[0.362s] -- Installing: /ws/install/my_robot_interfaces/local/lib/python3.10/dist-packages/my_robot_interfaces/my_robot_interfaces_s__rosidl_typesupport_introspection_c.cpython-310-x86_64-linux-gnu.so
[0.362s] -- Installing: /ws/install/my_robot_interfaces/local/lib/python3.10/dist-packages/my_robot_interfaces/my_robot_interfaces_s__rosidl_typesupport_c.cpython-310-x86_64-linux-gnu.so
[0.362s] -- Installing: /ws/install/my_robot_interfaces/local/lib/python3.10/dist-packages/my_robot_interfaces/my_robot_interfaces_s__rosidl_typesupport_fastrtps_c.cpython-310-x86_64-linux-gnu.so
[0.362s] -- Installing: /ws/install/my_robot_interfaces/local/lib/python3.10/dist-packages/my_robot_interfaces/_my_robot_interfaces_s.ep.rosidl_typesupport_introspection_c.c
[0.362s] -- Installing: /ws/install/my_robot_interfaces/local/lib/python3.10/dist-packages/my_robot_interfaces/_my_robot_interfaces_s.ep.rosidl_typesupport_fastrtps_c.c
[0.362s] -- Installing: /ws/install/my_robot_interfaces/local/lib/python3.10/dist-packages/my_robot_interfaces/srv
[0.362s] -- Installing: /ws/install/my_robot_interfaces/local/lib/python3.10/dist-packages/my_robot_interfaces/srv/__init__.py
[0.363s] -- Installing: /ws/install/my_robot_interfaces/local/lib/python3.10/dist-packages/my_robot_interfaces/srv/_compute_rectangle_area.py
[0.363s] -- Installing: /ws/install/my_robot_interfaces/local/lib/python3.10/dist-packages/my_robot_interfaces/srv/_compute_rectangle_area_s.c
[0.363s] -- Up-to-date: /ws/install/my_robot_interfaces/local/lib/python3.10/dist-packages/my_robot_interfaces/msg
[0.363s] -- Installing: /ws/install/my_robot_interfaces/local/lib/python3.10/dist-packages/my_robot_interfaces/msg/__init__.py
[0.363s] -- Installing: /ws/install/my_robot_interfaces/local/lib/python3.10/dist-packages/my_robot_interfaces/msg/_hardware_status.py
[0.363s] -- Installing: /ws/install/my_robot_interfaces/local/lib/python3.10/dist-packages/my_robot_interfaces/msg/_hardware_status_s.c
[0.363s] -- Installing: /ws/install/my_robot_interfaces/local/lib/python3.10/dist-packages/my_robot_interfaces/_my_robot_interfaces_s.ep.rosidl_typesupport_c.c
[0.363s] -- Installing: /ws/install/my_robot_interfaces/local/lib/python3.10/dist-packages/my_robot_interfaces/libmy_robot_interfaces__rosidl_generator_py.so
[0.392s] Listing '/ws/install/my_robot_interfaces/local/lib/python3.10/dist-packages/my_robot_interfaces'...
[0.392s] Compiling '/ws/install/my_robot_interfaces/local/lib/python3.10/dist-packages/my_robot_interfaces/__init__.py'...
[0.392s] Listing '/ws/install/my_robot_interfaces/local/lib/python3.10/dist-packages/my_robot_interfaces/msg'...
[0.392s] Compiling '/ws/install/my_robot_interfaces/local/lib/python3.10/dist-packages/my_robot_interfaces/msg/__init__.py'...
[0.392s] Compiling '/ws/install/my_robot_interfaces/local/lib/python3.10/dist-packages/my_robot_interfaces/msg/_hardware_status.py'...
[0.392s] Listing '/ws/install/my_robot_interfaces/local/lib/python3.10/dist-packages/my_robot_interfaces/srv'...
[0.392s] Compiling '/ws/install/my_robot_interfaces/local/lib/python3.10/dist-packages/my_robot_interfaces/srv/__init__.py'...
[0.392s] Compiling '/ws/install/my_robot_interfaces/local/lib/python3.10/dist-packages/my_robot_interfaces/srv/_compute_rectangle_area.py'...
[0.396s] -- Installing: /ws/install/my_robot_interfaces/local/lib/python3.10/dist-packages/my_robot_interfaces/my_robot_interfaces_s__rosidl_typesupport_fastrtps_c.cpython-310-x86_64-linux-gnu.so
[0.396s] -- Set runtime path of "/ws/install/my_robot_interfaces/local/lib/python3.10/dist-packages/my_robot_interfaces/my_robot_interfaces_s__rosidl_typesupport_fastrtps_c.cpython-310-x86_64-linux-gnu.so" to ""
[0.396s] -- Installing: /ws/install/my_robot_interfaces/local/lib/python3.10/dist-packages/my_robot_interfaces/my_robot_interfaces_s__rosidl_typesupport_introspection_c.cpython-310-x86_64-linux-gnu.so
[0.397s] -- Set runtime path of "/ws/install/my_robot_interfaces/local/lib/python3.10/dist-packages/my_robot_interfaces/my_robot_interfaces_s__rosidl_typesupport_introspection_c.cpython-310-x86_64-linux-gnu.so" to ""
[0.397s] -- Installing: /ws/install/my_robot_interfaces/local/lib/python3.10/dist-packages/my_robot_interfaces/my_robot_interfaces_s__rosidl_typesupport_c.cpython-310-x86_64-linux-gnu.so
[0.397s] -- Set runtime path of "/ws/install/my_robot_interfaces/local/lib/python3.10/dist-packages/my_robot_interfaces/my_robot_interfaces_s__rosidl_typesupport_c.cpython-310-x86_64-linux-gnu.so" to ""
[0.398s] -- Installing: /ws/install/my_robot_interfaces/lib/libmy_robot_interfaces__rosidl_generator_py.so
[0.398s] -- Set runtime path of "/ws/install/my_robot_interfaces/lib/libmy_robot_interfaces__rosidl_generator_py.so" to ""
[0.398s] -- Up-to-date: /ws/install/my_robot_interfaces/share/my_robot_interfaces/msg/HardwareStatus.idl
[0.398s] -- Installing: /ws/install/my_robot_interfaces/share/my_robot_interfaces/srv/ComputeRectangleArea.idl
[0.399s] -- Up-to-date: /ws/install/my_robot_interfaces/share/my_robot_interfaces/msg/HardwareStatus.msg
[0.399s] -- Installing: /ws/install/my_robot_interfaces/share/my_robot_interfaces/srv/ComputeRectangleArea.srv
[0.399s] -- Installing: /ws/install/my_robot_interfaces/share/my_robot_interfaces/srv/ComputeRectangleArea_Request.msg
[0.399s] -- Installing: /ws/install/my_robot_interfaces/share/my_robot_interfaces/srv/ComputeRectangleArea_Response.msg
[0.399s] -- Up-to-date: /ws/install/my_robot_interfaces/share/ament_index/resource_index/package_run_dependencies/my_robot_interfaces
[0.399s] -- Installing: /ws/install/my_robot_interfaces/share/ament_index/resource_index/parent_prefix_path/my_robot_interfaces
[0.399s] -- Installing: /ws/install/my_robot_interfaces/share/my_robot_interfaces/environment/ament_prefix_path.sh
[0.399s] -- Installing: /ws/install/my_robot_interfaces/share/my_robot_interfaces/environment/ament_prefix_path.dsv
[0.400s] -- Installing: /ws/install/my_robot_interfaces/share/my_robot_interfaces/environment/path.sh
[0.400s] -- Installing: /ws/install/my_robot_interfaces/share/my_robot_interfaces/environment/path.dsv
[0.400s] -- Up-to-date: /ws/install/my_robot_interfaces/share/my_robot_interfaces/local_setup.bash
[0.400s] -- Up-to-date: /ws/install/my_robot_interfaces/share/my_robot_interfaces/local_setup.sh
[0.400s] -- Up-to-date: /ws/install/my_robot_interfaces/share/my_robot_interfaces/local_setup.zsh
[0.400s] -- Installing: /ws/install/my_robot_interfaces/share/my_robot_interfaces/local_setup.dsv
[0.400s] -- Installing: /ws/install/my_robot_interfaces/share/my_robot_interfaces/package.dsv
[0.400s] -- Up-to-date: /ws/install/my_robot_interfaces/share/ament_index/resource_index/packages/my_robot_interfaces
[0.401s] -- Up-to-date: /ws/install/my_robot_interfaces/share/my_robot_interfaces/cmake/export_my_robot_interfaces__rosidl_generator_cExport.cmake
[0.401s] -- Up-to-date: /ws/install/my_robot_interfaces/share/my_robot_interfaces/cmake/export_my_robot_interfaces__rosidl_generator_cExport-noconfig.cmake
[0.401s] -- Up-to-date: /ws/install/my_robot_interfaces/share/my_robot_interfaces/cmake/export_my_robot_interfaces__rosidl_typesupport_fastrtps_cExport.cmake
[0.401s] -- Up-to-date: /ws/install/my_robot_interfaces/share/my_robot_interfaces/cmake/export_my_robot_interfaces__rosidl_typesupport_fastrtps_cExport-noconfig.cmake
[0.401s] -- Up-to-date: /ws/install/my_robot_interfaces/share/my_robot_interfaces/cmake/my_robot_interfaces__rosidl_typesupport_introspection_cExport.cmake
[0.401s] -- Up-to-date: /ws/install/my_robot_interfaces/share/my_robot_interfaces/cmake/my_robot_interfaces__rosidl_typesupport_introspection_cExport-noconfig.cmake
[0.402s] -- Up-to-date: /ws/install/my_robot_interfaces/share/my_robot_interfaces/cmake/my_robot_interfaces__rosidl_typesupport_cExport.cmake
[0.402s] -- Up-to-date: /ws/install/my_robot_interfaces/share/my_robot_interfaces/cmake/my_robot_interfaces__rosidl_typesupport_cExport-noconfig.cmake
[0.402s] -- Up-to-date: /ws/install/my_robot_interfaces/share/my_robot_interfaces/cmake/export_my_robot_interfaces__rosidl_generator_cppExport.cmake
[0.402s] -- Up-to-date: /ws/install/my_robot_interfaces/share/my_robot_interfaces/cmake/export_my_robot_interfaces__rosidl_typesupport_fastrtps_cppExport.cmake
[0.402s] -- Up-to-date: /ws/install/my_robot_interfaces/share/my_robot_interfaces/cmake/export_my_robot_interfaces__rosidl_typesupport_fastrtps_cppExport-noconfig.cmake
[0.402s] -- Up-to-date: /ws/install/my_robot_interfaces/share/my_robot_interfaces/cmake/my_robot_interfaces__rosidl_typesupport_introspection_cppExport.cmake
[0.402s] -- Up-to-date: /ws/install/my_robot_interfaces/share/my_robot_interfaces/cmake/my_robot_interfaces__rosidl_typesupport_introspection_cppExport-noconfig.cmake
[0.403s] -- Up-to-date: /ws/install/my_robot_interfaces/share/my_robot_interfaces/cmake/my_robot_interfaces__rosidl_typesupport_cppExport.cmake
[0.403s] -- Up-to-date: /ws/install/my_robot_interfaces/share/my_robot_interfaces/cmake/my_robot_interfaces__rosidl_typesupport_cppExport-noconfig.cmake
[0.403s] -- Up-to-date: /ws/install/my_robot_interfaces/share/my_robot_interfaces/cmake/export_my_robot_interfaces__rosidl_generator_pyExport.cmake
[0.403s] -- Up-to-date: /ws/install/my_robot_interfaces/share/my_robot_interfaces/cmake/export_my_robot_interfaces__rosidl_generator_pyExport-noconfig.cmake
[0.403s] -- Installing: /ws/install/my_robot_interfaces/share/my_robot_interfaces/cmake/rosidl_cmake-extras.cmake
[0.403s] -- Up-to-date: /ws/install/my_robot_interfaces/share/my_robot_interfaces/cmake/ament_cmake_export_include_directories-extras.cmake
[0.403s] -- Up-to-date: /ws/install/my_robot_interfaces/share/my_robot_interfaces/cmake/ament_cmake_export_libraries-extras.cmake
[0.403s] -- Up-to-date: /ws/install/my_robot_interfaces/share/my_robot_interfaces/cmake/ament_cmake_export_targets-extras.cmake
[0.404s] -- Up-to-date: /ws/install/my_robot_interfaces/share/my_robot_interfaces/cmake/rosidl_cmake_export_typesupport_targets-extras.cmake
[0.404s] -- Up-to-date: /ws/install/my_robot_interfaces/share/my_robot_interfaces/cmake/ament_cmake_export_dependencies-extras.cmake
[0.404s] -- Up-to-date: /ws/install/my_robot_interfaces/share/my_robot_interfaces/cmake/rosidl_cmake_export_typesupport_libraries-extras.cmake
[0.404s] -- Up-to-date: /ws/install/my_robot_interfaces/share/my_robot_interfaces/cmake/my_robot_interfacesConfig.cmake
[0.404s] -- Up-to-date: /ws/install/my_robot_interfaces/share/my_robot_interfaces/cmake/my_robot_interfacesConfig-version.cmake
[0.404s] -- Up-to-date: /ws/install/my_robot_interfaces/share/my_robot_interfaces/package.xml
[0.406s] Invoked command in '/ws/build/my_robot_interfaces' returned '0': CMAKE_PREFIX_PATH=/opt/ros/humble /usr/bin/cmake --install /ws/build/my_robot_interfaces
