[0.010s] Invoking command in '/ws/build/battery_manager': CMAKE_PREFIX_PATH=/opt/ros/humble /usr/bin/cmake /ws/src/battery_manager -DCMAKE_INSTALL_PREFIX=/ws/install/battery_manager
[0.020s] -- Found ament_cmake: 1.3.10 (/opt/ros/humble/share/ament_cmake/cmake)
[0.177s] [31mCMake Error at CMakeLists.txt:10 (find_package):
[0.177s]   By not providing "Findrosifl_default_generators.cmake" in CMAKE_MODULE_PATH
[0.177s]   this project has asked CMake to find a package configuration file provided
[0.177s]   by "rosifl_default_generators", but CMake did not find one.
[0.177s] 
[0.177s]   Could not find a package configuration file provided by
[0.177s]   "rosifl_default_generators" with any of the following names:
[0.177s] 
[0.177s]     rosifl_default_generatorsConfig.cmake
[0.177s]     rosifl_default_generators-config.cmake
[0.177s] 
[0.177s]   Add the installation prefix of "rosifl_default_generators" to
[0.177s]   CMAKE_PREFIX_PATH or set "rosifl_default_generators_DIR" to a directory
[0.177s]   containing one of the above files.  If "rosifl_default_generators" provides
[0.177s]   a separate development package or SDK, be sure it has been installed.
[0.177s] 
[0.177s] [0m
[0.177s] -- Configuring incomplete, errors occurred!
[0.177s] See also "/ws/build/battery_manager/CMakeFiles/CMakeOutput.log".
[0.180s] Invoked command in '/ws/build/battery_manager' returned '1': CMAKE_PREFIX_PATH=/opt/ros/humble /usr/bin/cmake /ws/src/battery_manager -DCMAKE_INSTALL_PREFIX=/ws/install/battery_manager
