[  2%] Built target battery_manager__cpp
[ 12%] Built target battery_manager__rosidl_generator_c
[ 12%] Built target ament_cmake_python_copy_battery_manager
[ 23%] Built target battery_manager__rosidl_typesupport_fastrtps_cpp
[ 33%] Built target battery_manager__rosidl_typesupport_fastrtps_c
[ 43%] Built target battery_manager__rosidl_typesupport_cpp
[ 53%] Built target battery_manager__rosidl_typesupport_introspection_cpp
[ 64%] Built target battery_manager__rosidl_typesupport_introspection_c
[ 74%] Built target battery_manager__rosidl_typesupport_c
[ 74%] Built target battery_manager
[ 76%] Built target battery_manager__py
[ 84%] Built target battery_manager__rosidl_generator_py
[ 89%] Built target battery_manager__rosidl_typesupport_fastrtps_c__pyext
[ 94%] Built target battery_manager__rosidl_typesupport_introspection_c__pyext
[100%] Built target battery_manager__rosidl_typesupport_c__pyext
running egg_info
writing battery_manager.egg-info/PKG-INFO
writing dependency_links to battery_manager.egg-info/dependency_links.txt
writing top-level names to battery_manager.egg-info/top_level.txt
reading manifest file 'battery_manager.egg-info/SOURCES.txt'
writing manifest file 'battery_manager.egg-info/SOURCES.txt'
[100%] Built target ament_cmake_python_build_battery_manager_egg
-- Install configuration: ""
-- Up-to-date: /ws/install/battery_manager/share/ament_index/resource_index/rosidl_interfaces/battery_manager
-- Up-to-date: /ws/install/battery_manager/include/battery_manager/battery_manager
-- Up-to-date: /ws/install/battery_manager/include/battery_manager/battery_manager/srv
-- Up-to-date: /ws/install/battery_manager/include/battery_manager/battery_manager/srv/detail
-- Up-to-date: /ws/install/battery_manager/include/battery_manager/battery_manager/srv/detail/set_led__struct.h
-- Up-to-date: /ws/install/battery_manager/include/battery_manager/battery_manager/srv/detail/set_led__type_support.h
-- Up-to-date: /ws/install/battery_manager/include/battery_manager/battery_manager/srv/detail/set_led__functions.h
-- Up-to-date: /ws/install/battery_manager/include/battery_manager/battery_manager/srv/detail/set_led__functions.c
-- Up-to-date: /ws/install/battery_manager/include/battery_manager/battery_manager/srv/set_led.h
-- Up-to-date: /ws/install/battery_manager/include/battery_manager/battery_manager/msg
-- Up-to-date: /ws/install/battery_manager/include/battery_manager/battery_manager/msg/detail
-- Up-to-date: /ws/install/battery_manager/include/battery_manager/battery_manager/msg/detail/led_states__struct.h
-- Up-to-date: /ws/install/battery_manager/include/battery_manager/battery_manager/msg/detail/led_states__functions.c
-- Up-to-date: /ws/install/battery_manager/include/battery_manager/battery_manager/msg/detail/led_states__type_support.h
-- Up-to-date: /ws/install/battery_manager/include/battery_manager/battery_manager/msg/detail/led_states__functions.h
-- Up-to-date: /ws/install/battery_manager/include/battery_manager/battery_manager/msg/rosidl_generator_c__visibility_control.h
-- Up-to-date: /ws/install/battery_manager/include/battery_manager/battery_manager/msg/led_states.h
-- Up-to-date: /ws/install/battery_manager/share/battery_manager/environment/library_path.sh
-- Up-to-date: /ws/install/battery_manager/share/battery_manager/environment/library_path.dsv
-- Up-to-date: /ws/install/battery_manager/lib/libbattery_manager__rosidl_generator_c.so
-- Up-to-date: /ws/install/battery_manager/include/battery_manager/battery_manager
-- Up-to-date: /ws/install/battery_manager/include/battery_manager/battery_manager/srv
-- Up-to-date: /ws/install/battery_manager/include/battery_manager/battery_manager/srv/detail
-- Up-to-date: /ws/install/battery_manager/include/battery_manager/battery_manager/srv/detail/set_led__rosidl_typesupport_fastrtps_c.h
-- Up-to-date: /ws/install/battery_manager/include/battery_manager/battery_manager/msg
-- Up-to-date: /ws/install/battery_manager/include/battery_manager/battery_manager/msg/detail
-- Up-to-date: /ws/install/battery_manager/include/battery_manager/battery_manager/msg/detail/led_states__rosidl_typesupport_fastrtps_c.h
-- Up-to-date: /ws/install/battery_manager/include/battery_manager/battery_manager/msg/rosidl_typesupport_fastrtps_c__visibility_control.h
-- Up-to-date: /ws/install/battery_manager/lib/libbattery_manager__rosidl_typesupport_fastrtps_c.so
-- Up-to-date: /ws/install/battery_manager/include/battery_manager/battery_manager
-- Up-to-date: /ws/install/battery_manager/include/battery_manager/battery_manager/srv
-- Up-to-date: /ws/install/battery_manager/include/battery_manager/battery_manager/srv/detail
-- Up-to-date: /ws/install/battery_manager/include/battery_manager/battery_manager/srv/detail/set_led__type_support.c
-- Up-to-date: /ws/install/battery_manager/include/battery_manager/battery_manager/srv/detail/set_led__rosidl_typesupport_introspection_c.h
-- Up-to-date: /ws/install/battery_manager/include/battery_manager/battery_manager/msg
-- Up-to-date: /ws/install/battery_manager/include/battery_manager/battery_manager/msg/detail
-- Up-to-date: /ws/install/battery_manager/include/battery_manager/battery_manager/msg/detail/led_states__type_support.c
-- Up-to-date: /ws/install/battery_manager/include/battery_manager/battery_manager/msg/detail/led_states__rosidl_typesupport_introspection_c.h
-- Up-to-date: /ws/install/battery_manager/include/battery_manager/battery_manager/msg/rosidl_typesupport_introspection_c__visibility_control.h
-- Up-to-date: /ws/install/battery_manager/lib/libbattery_manager__rosidl_typesupport_introspection_c.so
-- Up-to-date: /ws/install/battery_manager/lib/libbattery_manager__rosidl_typesupport_c.so
-- Up-to-date: /ws/install/battery_manager/include/battery_manager/battery_manager
-- Up-to-date: /ws/install/battery_manager/include/battery_manager/battery_manager/srv
-- Up-to-date: /ws/install/battery_manager/include/battery_manager/battery_manager/srv/detail
-- Up-to-date: /ws/install/battery_manager/include/battery_manager/battery_manager/srv/detail/set_led__struct.hpp
-- Up-to-date: /ws/install/battery_manager/include/battery_manager/battery_manager/srv/detail/set_led__traits.hpp
-- Up-to-date: /ws/install/battery_manager/include/battery_manager/battery_manager/srv/detail/set_led__builder.hpp
-- Up-to-date: /ws/install/battery_manager/include/battery_manager/battery_manager/srv/set_led.hpp
-- Up-to-date: /ws/install/battery_manager/include/battery_manager/battery_manager/msg
-- Up-to-date: /ws/install/battery_manager/include/battery_manager/battery_manager/msg/detail
-- Up-to-date: /ws/install/battery_manager/include/battery_manager/battery_manager/msg/detail/led_states__traits.hpp
-- Up-to-date: /ws/install/battery_manager/include/battery_manager/battery_manager/msg/detail/led_states__struct.hpp
-- Up-to-date: /ws/install/battery_manager/include/battery_manager/battery_manager/msg/detail/led_states__builder.hpp
-- Up-to-date: /ws/install/battery_manager/include/battery_manager/battery_manager/msg/led_states.hpp
-- Up-to-date: /ws/install/battery_manager/include/battery_manager/battery_manager
-- Up-to-date: /ws/install/battery_manager/include/battery_manager/battery_manager/srv
-- Up-to-date: /ws/install/battery_manager/include/battery_manager/battery_manager/srv/detail
-- Up-to-date: /ws/install/battery_manager/include/battery_manager/battery_manager/srv/detail/set_led__rosidl_typesupport_fastrtps_cpp.hpp
-- Up-to-date: /ws/install/battery_manager/include/battery_manager/battery_manager/srv/detail/dds_fastrtps
-- Up-to-date: /ws/install/battery_manager/include/battery_manager/battery_manager/msg
-- Up-to-date: /ws/install/battery_manager/include/battery_manager/battery_manager/msg/detail
-- Up-to-date: /ws/install/battery_manager/include/battery_manager/battery_manager/msg/detail/led_states__rosidl_typesupport_fastrtps_cpp.hpp
-- Up-to-date: /ws/install/battery_manager/include/battery_manager/battery_manager/msg/detail/dds_fastrtps
-- Up-to-date: /ws/install/battery_manager/include/battery_manager/battery_manager/msg/rosidl_typesupport_fastrtps_cpp__visibility_control.h
-- Up-to-date: /ws/install/battery_manager/lib/libbattery_manager__rosidl_typesupport_fastrtps_cpp.so
-- Up-to-date: /ws/install/battery_manager/include/battery_manager/battery_manager
-- Up-to-date: /ws/install/battery_manager/include/battery_manager/battery_manager/srv
-- Up-to-date: /ws/install/battery_manager/include/battery_manager/battery_manager/srv/detail
-- Up-to-date: /ws/install/battery_manager/include/battery_manager/battery_manager/srv/detail/set_led__type_support.cpp
-- Up-to-date: /ws/install/battery_manager/include/battery_manager/battery_manager/srv/detail/set_led__rosidl_typesupport_introspection_cpp.hpp
-- Up-to-date: /ws/install/battery_manager/include/battery_manager/battery_manager/msg
-- Up-to-date: /ws/install/battery_manager/include/battery_manager/battery_manager/msg/detail
-- Up-to-date: /ws/install/battery_manager/include/battery_manager/battery_manager/msg/detail/led_states__rosidl_typesupport_introspection_cpp.hpp
-- Up-to-date: /ws/install/battery_manager/include/battery_manager/battery_manager/msg/detail/led_states__type_support.cpp
-- Up-to-date: /ws/install/battery_manager/lib/libbattery_manager__rosidl_typesupport_introspection_cpp.so
-- Up-to-date: /ws/install/battery_manager/lib/libbattery_manager__rosidl_typesupport_cpp.so
-- Up-to-date: /ws/install/battery_manager/share/battery_manager/environment/pythonpath.sh
-- Up-to-date: /ws/install/battery_manager/share/battery_manager/environment/pythonpath.dsv
-- Up-to-date: /ws/install/battery_manager/local/lib/python3.10/dist-packages/battery_manager-0.0.0-py3.10.egg-info
-- Installing: /ws/install/battery_manager/local/lib/python3.10/dist-packages/battery_manager-0.0.0-py3.10.egg-info/top_level.txt
-- Installing: /ws/install/battery_manager/local/lib/python3.10/dist-packages/battery_manager-0.0.0-py3.10.egg-info/SOURCES.txt
-- Installing: /ws/install/battery_manager/local/lib/python3.10/dist-packages/battery_manager-0.0.0-py3.10.egg-info/PKG-INFO
-- Installing: /ws/install/battery_manager/local/lib/python3.10/dist-packages/battery_manager-0.0.0-py3.10.egg-info/dependency_links.txt
-- Up-to-date: /ws/install/battery_manager/local/lib/python3.10/dist-packages/battery_manager
-- Up-to-date: /ws/install/battery_manager/local/lib/python3.10/dist-packages/battery_manager/__init__.py
-- Up-to-date: /ws/install/battery_manager/local/lib/python3.10/dist-packages/battery_manager/_battery_manager_s.ep.rosidl_typesupport_introspection_c.c
-- Up-to-date: /ws/install/battery_manager/local/lib/python3.10/dist-packages/battery_manager/srv
-- Up-to-date: /ws/install/battery_manager/local/lib/python3.10/dist-packages/battery_manager/srv/__init__.py
-- Up-to-date: /ws/install/battery_manager/local/lib/python3.10/dist-packages/battery_manager/srv/_set_led.py
-- Up-to-date: /ws/install/battery_manager/local/lib/python3.10/dist-packages/battery_manager/srv/_set_led_s.c
-- Up-to-date: /ws/install/battery_manager/local/lib/python3.10/dist-packages/battery_manager/libbattery_manager__rosidl_generator_py.so
-- Up-to-date: /ws/install/battery_manager/local/lib/python3.10/dist-packages/battery_manager/_battery_manager_s.ep.rosidl_typesupport_fastrtps_c.c
-- Up-to-date: /ws/install/battery_manager/local/lib/python3.10/dist-packages/battery_manager/msg
-- Up-to-date: /ws/install/battery_manager/local/lib/python3.10/dist-packages/battery_manager/msg/__init__.py
-- Up-to-date: /ws/install/battery_manager/local/lib/python3.10/dist-packages/battery_manager/msg/_led_states_s.c
-- Up-to-date: /ws/install/battery_manager/local/lib/python3.10/dist-packages/battery_manager/msg/_led_states.py
-- Up-to-date: /ws/install/battery_manager/local/lib/python3.10/dist-packages/battery_manager/battery_manager_s__rosidl_typesupport_c.cpython-310-x86_64-linux-gnu.so
-- Up-to-date: /ws/install/battery_manager/local/lib/python3.10/dist-packages/battery_manager/battery_manager_s__rosidl_typesupport_introspection_c.cpython-310-x86_64-linux-gnu.so
-- Up-to-date: /ws/install/battery_manager/local/lib/python3.10/dist-packages/battery_manager/_battery_manager_s.ep.rosidl_typesupport_c.c
-- Up-to-date: /ws/install/battery_manager/local/lib/python3.10/dist-packages/battery_manager/battery_manager_s__rosidl_typesupport_fastrtps_c.cpython-310-x86_64-linux-gnu.so
Listing '/ws/install/battery_manager/local/lib/python3.10/dist-packages/battery_manager'...
Listing '/ws/install/battery_manager/local/lib/python3.10/dist-packages/battery_manager/msg'...
Listing '/ws/install/battery_manager/local/lib/python3.10/dist-packages/battery_manager/srv'...
-- Up-to-date: /ws/install/battery_manager/local/lib/python3.10/dist-packages/battery_manager/battery_manager_s__rosidl_typesupport_fastrtps_c.cpython-310-x86_64-linux-gnu.so
-- Up-to-date: /ws/install/battery_manager/local/lib/python3.10/dist-packages/battery_manager/battery_manager_s__rosidl_typesupport_introspection_c.cpython-310-x86_64-linux-gnu.so
-- Up-to-date: /ws/install/battery_manager/local/lib/python3.10/dist-packages/battery_manager/battery_manager_s__rosidl_typesupport_c.cpython-310-x86_64-linux-gnu.so
-- Up-to-date: /ws/install/battery_manager/lib/libbattery_manager__rosidl_generator_py.so
-- Up-to-date: /ws/install/battery_manager/share/battery_manager/msg/LedStates.idl
-- Up-to-date: /ws/install/battery_manager/share/battery_manager/srv/SetLed.idl
-- Up-to-date: /ws/install/battery_manager/share/battery_manager/msg/LedStates.msg
-- Up-to-date: /ws/install/battery_manager/share/battery_manager/srv/SetLed.srv
-- Up-to-date: /ws/install/battery_manager/share/battery_manager/srv/SetLed_Request.msg
-- Up-to-date: /ws/install/battery_manager/share/battery_manager/srv/SetLed_Response.msg
-- Up-to-date: /ws/install/battery_manager/share/ament_index/resource_index/package_run_dependencies/battery_manager
-- Up-to-date: /ws/install/battery_manager/share/ament_index/resource_index/parent_prefix_path/battery_manager
-- Up-to-date: /ws/install/battery_manager/share/battery_manager/environment/ament_prefix_path.sh
-- Up-to-date: /ws/install/battery_manager/share/battery_manager/environment/ament_prefix_path.dsv
-- Up-to-date: /ws/install/battery_manager/share/battery_manager/environment/path.sh
-- Up-to-date: /ws/install/battery_manager/share/battery_manager/environment/path.dsv
-- Up-to-date: /ws/install/battery_manager/share/battery_manager/local_setup.bash
-- Up-to-date: /ws/install/battery_manager/share/battery_manager/local_setup.sh
-- Up-to-date: /ws/install/battery_manager/share/battery_manager/local_setup.zsh
-- Up-to-date: /ws/install/battery_manager/share/battery_manager/local_setup.dsv
-- Installing: /ws/install/battery_manager/share/battery_manager/package.dsv
-- Up-to-date: /ws/install/battery_manager/share/ament_index/resource_index/packages/battery_manager
-- Up-to-date: /ws/install/battery_manager/share/battery_manager/cmake/export_battery_manager__rosidl_generator_cExport.cmake
-- Up-to-date: /ws/install/battery_manager/share/battery_manager/cmake/export_battery_manager__rosidl_generator_cExport-noconfig.cmake
-- Up-to-date: /ws/install/battery_manager/share/battery_manager/cmake/export_battery_manager__rosidl_typesupport_fastrtps_cExport.cmake
-- Up-to-date: /ws/install/battery_manager/share/battery_manager/cmake/export_battery_manager__rosidl_typesupport_fastrtps_cExport-noconfig.cmake
-- Up-to-date: /ws/install/battery_manager/share/battery_manager/cmake/battery_manager__rosidl_typesupport_introspection_cExport.cmake
-- Up-to-date: /ws/install/battery_manager/share/battery_manager/cmake/battery_manager__rosidl_typesupport_introspection_cExport-noconfig.cmake
-- Up-to-date: /ws/install/battery_manager/share/battery_manager/cmake/battery_manager__rosidl_typesupport_cExport.cmake
-- Up-to-date: /ws/install/battery_manager/share/battery_manager/cmake/battery_manager__rosidl_typesupport_cExport-noconfig.cmake
-- Up-to-date: /ws/install/battery_manager/share/battery_manager/cmake/export_battery_manager__rosidl_generator_cppExport.cmake
-- Up-to-date: /ws/install/battery_manager/share/battery_manager/cmake/export_battery_manager__rosidl_typesupport_fastrtps_cppExport.cmake
-- Up-to-date: /ws/install/battery_manager/share/battery_manager/cmake/export_battery_manager__rosidl_typesupport_fastrtps_cppExport-noconfig.cmake
-- Up-to-date: /ws/install/battery_manager/share/battery_manager/cmake/battery_manager__rosidl_typesupport_introspection_cppExport.cmake
-- Up-to-date: /ws/install/battery_manager/share/battery_manager/cmake/battery_manager__rosidl_typesupport_introspection_cppExport-noconfig.cmake
-- Up-to-date: /ws/install/battery_manager/share/battery_manager/cmake/battery_manager__rosidl_typesupport_cppExport.cmake
-- Up-to-date: /ws/install/battery_manager/share/battery_manager/cmake/battery_manager__rosidl_typesupport_cppExport-noconfig.cmake
-- Up-to-date: /ws/install/battery_manager/share/battery_manager/cmake/export_battery_manager__rosidl_generator_pyExport.cmake
-- Up-to-date: /ws/install/battery_manager/share/battery_manager/cmake/export_battery_manager__rosidl_generator_pyExport-noconfig.cmake
-- Up-to-date: /ws/install/battery_manager/share/battery_manager/cmake/rosidl_cmake-extras.cmake
-- Up-to-date: /ws/install/battery_manager/share/battery_manager/cmake/ament_cmake_export_include_directories-extras.cmake
-- Up-to-date: /ws/install/battery_manager/share/battery_manager/cmake/ament_cmake_export_libraries-extras.cmake
-- Up-to-date: /ws/install/battery_manager/share/battery_manager/cmake/ament_cmake_export_targets-extras.cmake
-- Up-to-date: /ws/install/battery_manager/share/battery_manager/cmake/rosidl_cmake_export_typesupport_targets-extras.cmake
-- Up-to-date: /ws/install/battery_manager/share/battery_manager/cmake/ament_cmake_export_dependencies-extras.cmake
-- Up-to-date: /ws/install/battery_manager/share/battery_manager/cmake/rosidl_cmake_export_typesupport_libraries-extras.cmake
-- Up-to-date: /ws/install/battery_manager/share/battery_manager/cmake/battery_managerConfig.cmake
-- Up-to-date: /ws/install/battery_manager/share/battery_manager/cmake/battery_managerConfig-version.cmake
-- Up-to-date: /ws/install/battery_manager/share/battery_manager/package.xml
