[0.984s] Invoking command in '/ws/src/my_py_pkg': PYTHONPATH=/ws/build/my_py_pkg/prefix_override:/usr/lib/python3/dist-packages/colcon_core/task/python/colcon_distutils_commands:/ws/install/my_py_pkg/lib/python3.10/site-packages:${PYTHONPATH} /usr/bin/python3 -W ignore:setup.py install is deprecated setup.py egg_info --egg-base ../../build/my_py_pkg build --build-base /ws/build/my_py_pkg/build install --record /ws/build/my_py_pkg/install.log --single-version-externally-managed install_data
[1.361s] running egg_info
[1.362s] writing ../../build/my_py_pkg/my_py_pkg.egg-info/PKG-INFO
[1.362s] writing dependency_links to ../../build/my_py_pkg/my_py_pkg.egg-info/dependency_links.txt
[1.362s] writing entry points to ../../build/my_py_pkg/my_py_pkg.egg-info/entry_points.txt
[1.363s] writing requirements to ../../build/my_py_pkg/my_py_pkg.egg-info/requires.txt
[1.363s] writing top-level names to ../../build/my_py_pkg/my_py_pkg.egg-info/top_level.txt
[1.366s] reading manifest file '../../build/my_py_pkg/my_py_pkg.egg-info/SOURCES.txt'
[1.368s] writing manifest file '../../build/my_py_pkg/my_py_pkg.egg-info/SOURCES.txt'
[1.368s] running build
[1.368s] running build_py
[1.369s] running install
[1.369s] running install_lib
[1.372s] running install_data
[1.372s] running install_egg_info
[1.375s] removing '/ws/install/my_py_pkg/lib/python3.10/site-packages/my_py_pkg-0.0.0-py3.10.egg-info' (and everything under it)
[1.375s] Copying ../../build/my_py_pkg/my_py_pkg.egg-info to /ws/install/my_py_pkg/lib/python3.10/site-packages/my_py_pkg-0.0.0-py3.10.egg-info
[1.377s] running install_scripts
[1.413s] Installing number_publisher script to /ws/install/my_py_pkg/lib/my_py_pkg
[1.414s] Installing py_node script to /ws/install/my_py_pkg/lib/my_py_pkg
[1.414s] Installing robot_news_station script to /ws/install/my_py_pkg/lib/my_py_pkg
[1.414s] Installing smartphone script to /ws/install/my_py_pkg/lib/my_py_pkg
[1.414s] writing list of installed files to '/ws/build/my_py_pkg/install.log'
[1.456s] Invoked command in '/ws/src/my_py_pkg' returned '0': PYTHONPATH=/ws/build/my_py_pkg/prefix_override:/usr/lib/python3/dist-packages/colcon_core/task/python/colcon_distutils_commands:/ws/install/my_py_pkg/lib/python3.10/site-packages:${PYTHONPATH} /usr/bin/python3 -W ignore:setup.py install is deprecated setup.py egg_info --egg-base ../../build/my_py_pkg build --build-base /ws/build/my_py_pkg/build install --record /ws/build/my_py_pkg/install.log --single-version-externally-managed install_data
