[0.379s] Invoking command in '/ws/src/my_py_pkg': AMENT_PREFIX_PATH=/ws/install/my_robot_interfaces:${AMENT_PREFIX_PATH} CMAKE_PREFIX_PATH=/ws/install/my_robot_interfaces LD_LIBRARY_PATH=/ws/install/my_robot_interfaces/lib:${LD_LIBRARY_PATH} PYTHONPATH=/ws/build/my_py_pkg/prefix_override:/usr/lib/python3/dist-packages/colcon_core/task/python/colcon_distutils_commands:/ws/install/my_py_pkg/lib/python3.10/site-packages:/ws/install/my_robot_interfaces/local/lib/python3.10/dist-packages:${PYTHONPATH} /usr/bin/python3 -W ignore:setup.py install is deprecated setup.py egg_info --egg-base ../../build/my_py_pkg build --build-base /ws/build/my_py_pkg/build install --record /ws/build/my_py_pkg/install.log --single-version-externally-managed install_data
[0.522s] running egg_info
[0.522s] writing ../../build/my_py_pkg/my_py_pkg.egg-info/PKG-INFO
[0.523s] writing dependency_links to ../../build/my_py_pkg/my_py_pkg.egg-info/dependency_links.txt
[0.523s] writing entry points to ../../build/my_py_pkg/my_py_pkg.egg-info/entry_points.txt
[0.523s] writing requirements to ../../build/my_py_pkg/my_py_pkg.egg-info/requires.txt
[0.523s] writing top-level names to ../../build/my_py_pkg/my_py_pkg.egg-info/top_level.txt
[0.525s] reading manifest file '../../build/my_py_pkg/my_py_pkg.egg-info/SOURCES.txt'
[0.525s] writing manifest file '../../build/my_py_pkg/my_py_pkg.egg-info/SOURCES.txt'
[0.525s] running build
[0.525s] running build_py
[0.526s] copying my_py_pkg/battery.py -> /ws/build/my_py_pkg/build/lib/my_py_pkg
[0.526s] running install
[0.526s] running install_lib
[0.527s] copying /ws/build/my_py_pkg/build/lib/my_py_pkg/battery.py -> /ws/install/my_py_pkg/lib/python3.10/site-packages/my_py_pkg
[0.528s] byte-compiling /ws/install/my_py_pkg/lib/python3.10/site-packages/my_py_pkg/battery.py to battery.cpython-310.pyc
[0.528s] running install_data
[0.528s] running install_egg_info
[0.530s] removing '/ws/install/my_py_pkg/lib/python3.10/site-packages/my_py_pkg-0.0.0-py3.10.egg-info' (and everything under it)
[0.530s] Copying ../../build/my_py_pkg/my_py_pkg.egg-info to /ws/install/my_py_pkg/lib/python3.10/site-packages/my_py_pkg-0.0.0-py3.10.egg-info
[0.530s] running install_scripts
[0.545s] Installing add_two_ints_client script to /ws/install/my_py_pkg/lib/my_py_pkg
[0.546s] Installing add_two_ints_server script to /ws/install/my_py_pkg/lib/my_py_pkg
[0.546s] Installing battery_level_publisher script to /ws/install/my_py_pkg/lib/my_py_pkg
[0.546s] Installing hw_status_publisher script to /ws/install/my_py_pkg/lib/my_py_pkg
[0.546s] Installing number_counter script to /ws/install/my_py_pkg/lib/my_py_pkg
[0.546s] Installing number_publisher script to /ws/install/my_py_pkg/lib/my_py_pkg
[0.546s] Installing py_node script to /ws/install/my_py_pkg/lib/my_py_pkg
[0.546s] Installing robot_news_station script to /ws/install/my_py_pkg/lib/my_py_pkg
[0.546s] Installing smartphone script to /ws/install/my_py_pkg/lib/my_py_pkg
[0.546s] writing list of installed files to '/ws/build/my_py_pkg/install.log'
[0.566s] Invoked command in '/ws/src/my_py_pkg' returned '0': AMENT_PREFIX_PATH=/ws/install/my_robot_interfaces:${AMENT_PREFIX_PATH} CMAKE_PREFIX_PATH=/ws/install/my_robot_interfaces LD_LIBRARY_PATH=/ws/install/my_robot_interfaces/lib:${LD_LIBRARY_PATH} PYTHONPATH=/ws/build/my_py_pkg/prefix_override:/usr/lib/python3/dist-packages/colcon_core/task/python/colcon_distutils_commands:/ws/install/my_py_pkg/lib/python3.10/site-packages:/ws/install/my_robot_interfaces/local/lib/python3.10/dist-packages:${PYTHONPATH} /usr/bin/python3 -W ignore:setup.py install is deprecated setup.py egg_info --egg-base ../../build/my_py_pkg build --build-base /ws/build/my_py_pkg/build install --record /ws/build/my_py_pkg/install.log --single-version-externally-managed install_data
