[0.007s] Invoking command in '/ws/build/robot_bringup': CMAKE_PREFIX_PATH=${CMAKE_PREFIX_PATH}:/ws/install/my_py_pkg:/opt/ros/humble /usr/bin/cmake /ws/src/robot_bringup -DCMAKE_INSTALL_PREFIX=/ws/install/robot_bringup
[0.129s] -- The C compiler identification is GNU 11.4.0
[0.222s] -- The CXX compiler identification is GNU 11.4.0
[0.231s] -- Detecting C compiler ABI info
[0.286s] -- Detecting C compiler ABI info - done
[0.290s] -- Check for working C compiler: /usr/bin/cc - skipped
[0.291s] -- Detecting C compile features
[0.291s] -- Detecting C compile features - done
[0.294s] -- Detecting CXX compiler ABI info
[0.355s] -- Detecting CXX compiler ABI info - done
[0.360s] -- Check for working CXX compiler: /usr/bin/c++ - skipped
[0.360s] -- Detecting CXX compile features
[0.360s] -- Detecting CXX compile features - done
[0.368s] -- Found ament_cmake: 1.3.10 (/opt/ros/humble/share/ament_cmake/cmake)
[0.494s] -- Found Python3: /usr/bin/python3 (found version "3.10.12") found components: Interpreter 
[0.596s] -- Found ament_lint_auto: 0.12.11 (/opt/ros/humble/share/ament_lint_auto/cmake)
[0.665s] -- Added test 'flake8' to check Python code syntax and style conventions
[0.665s] -- Added test 'lint_cmake' to check CMake code style
[0.666s] -- Added test 'pep257' to check Python code against some of the docstring style conventions in PEP 257
[0.667s] -- Added test 'xmllint' to check XML markup files
[0.669s] -- Configuring done
[0.672s] -- Generating done
[0.673s] -- Build files have been written to: /ws/build/robot_bringup
[0.678s] Invoked command in '/ws/build/robot_bringup' returned '0': CMAKE_PREFIX_PATH=${CMAKE_PREFIX_PATH}:/ws/install/my_py_pkg:/opt/ros/humble /usr/bin/cmake /ws/src/robot_bringup -DCMAKE_INSTALL_PREFIX=/ws/install/robot_bringup
[0.679s] Invoking command in '/ws/build/robot_bringup': CMAKE_PREFIX_PATH=${CMAKE_PREFIX_PATH}:/ws/install/my_py_pkg:/opt/ros/humble /usr/bin/cmake --build /ws/build/robot_bringup -- -j8 -l8
[0.708s] Invoked command in '/ws/build/robot_bringup' returned '0': CMAKE_PREFIX_PATH=${CMAKE_PREFIX_PATH}:/ws/install/my_py_pkg:/opt/ros/humble /usr/bin/cmake --build /ws/build/robot_bringup -- -j8 -l8
[0.725s] Invoking command in '/ws/build/robot_bringup': CMAKE_PREFIX_PATH=${CMAKE_PREFIX_PATH}:/ws/install/my_py_pkg:/opt/ros/humble /usr/bin/cmake --install /ws/build/robot_bringup
[0.731s] -- Install configuration: ""
[0.731s] -- Installing: /ws/install/robot_bringup/share/robot_bringup/launch
[0.731s] -- Installing: /ws/install/robot_bringup/share/robot_bringup/launch/robot.launch.py
[0.731s] -- Installing: /ws/install/robot_bringup/share/ament_index/resource_index/package_run_dependencies/robot_bringup
[0.732s] -- Installing: /ws/install/robot_bringup/share/ament_index/resource_index/parent_prefix_path/robot_bringup
[0.732s] -- Installing: /ws/install/robot_bringup/share/robot_bringup/environment/ament_prefix_path.sh
[0.732s] -- Installing: /ws/install/robot_bringup/share/robot_bringup/environment/ament_prefix_path.dsv
[0.732s] -- Installing: /ws/install/robot_bringup/share/robot_bringup/environment/path.sh
[0.732s] -- Installing: /ws/install/robot_bringup/share/robot_bringup/environment/path.dsv
[0.732s] -- Installing: /ws/install/robot_bringup/share/robot_bringup/local_setup.bash
[0.732s] -- Installing: /ws/install/robot_bringup/share/robot_bringup/local_setup.sh
[0.732s] -- Installing: /ws/install/robot_bringup/share/robot_bringup/local_setup.zsh
[0.732s] -- Installing: /ws/install/robot_bringup/share/robot_bringup/local_setup.dsv
[0.732s] -- Installing: /ws/install/robot_bringup/share/robot_bringup/package.dsv
[0.732s] -- Installing: /ws/install/robot_bringup/share/ament_index/resource_index/packages/robot_bringup
[0.732s] -- Installing: /ws/install/robot_bringup/share/robot_bringup/cmake/robot_bringupConfig.cmake
[0.733s] -- Installing: /ws/install/robot_bringup/share/robot_bringup/cmake/robot_bringupConfig-version.cmake
[0.733s] -- Installing: /ws/install/robot_bringup/share/robot_bringup/package.xml
[0.734s] Invoked command in '/ws/build/robot_bringup' returned '0': CMAKE_PREFIX_PATH=${CMAKE_PREFIX_PATH}:/ws/install/my_py_pkg:/opt/ros/humble /usr/bin/cmake --install /ws/build/robot_bringup
