[0.380s] Invoking command in '/ws/src/my_py_pkg': PYTHONPATH=/ws/build/my_py_pkg/prefix_override:/usr/lib/python3/dist-packages/colcon_core/task/python/colcon_distutils_commands:/ws/install/my_py_pkg/lib/python3.10/site-packages:${PYTHONPATH} /usr/bin/python3 -W ignore:setup.py install is deprecated setup.py egg_info --egg-base ../../build/my_py_pkg build --build-base /ws/build/my_py_pkg/build install --record /ws/build/my_py_pkg/install.log --single-version-externally-managed install_data
[0.529s] running egg_info
[0.529s] writing ../../build/my_py_pkg/my_py_pkg.egg-info/PKG-INFO
[0.529s] writing dependency_links to ../../build/my_py_pkg/my_py_pkg.egg-info/dependency_links.txt
[0.529s] writing entry points to ../../build/my_py_pkg/my_py_pkg.egg-info/entry_points.txt
[0.529s] writing requirements to ../../build/my_py_pkg/my_py_pkg.egg-info/requires.txt
[0.530s] writing top-level names to ../../build/my_py_pkg/my_py_pkg.egg-info/top_level.txt
[0.531s] reading manifest file '../../build/my_py_pkg/my_py_pkg.egg-info/SOURCES.txt'
[0.531s] writing manifest file '../../build/my_py_pkg/my_py_pkg.egg-info/SOURCES.txt'
[0.531s] running build
[0.531s] running build_py
[0.532s] running install
[0.532s] running install_lib
[0.533s] running install_data
[0.533s] running install_egg_info
[0.534s] removing '/ws/install/my_py_pkg/lib/python3.10/site-packages/my_py_pkg-0.0.0-py3.10.egg-info' (and everything under it)
[0.534s] Copying ../../build/my_py_pkg/my_py_pkg.egg-info to /ws/install/my_py_pkg/lib/python3.10/site-packages/my_py_pkg-0.0.0-py3.10.egg-info
[0.535s] running install_scripts
[0.548s] Installing add_two_ints_client script to /ws/install/my_py_pkg/lib/my_py_pkg
[0.548s] Installing add_two_ints_server script to /ws/install/my_py_pkg/lib/my_py_pkg
[0.548s] Installing number_counter script to /ws/install/my_py_pkg/lib/my_py_pkg
[0.549s] Installing number_publisher script to /ws/install/my_py_pkg/lib/my_py_pkg
[0.549s] Installing py_node script to /ws/install/my_py_pkg/lib/my_py_pkg
[0.549s] Installing robot_news_station script to /ws/install/my_py_pkg/lib/my_py_pkg
[0.549s] Installing smartphone script to /ws/install/my_py_pkg/lib/my_py_pkg
[0.549s] writing list of installed files to '/ws/build/my_py_pkg/install.log'
[0.563s] Invoked command in '/ws/src/my_py_pkg' returned '0': PYTHONPATH=/ws/build/my_py_pkg/prefix_override:/usr/lib/python3/dist-packages/colcon_core/task/python/colcon_distutils_commands:/ws/install/my_py_pkg/lib/python3.10/site-packages:${PYTHONPATH} /usr/bin/python3 -W ignore:setup.py install is deprecated setup.py egg_info --egg-base ../../build/my_py_pkg build --build-base /ws/build/my_py_pkg/build install --record /ws/build/my_py_pkg/install.log --single-version-externally-managed install_data
