[0.403s] Invoking command in '/ws/src/my_py_pkg': AMENT_PREFIX_PATH=/ws/install/my_robot_interfaces:${AMENT_PREFIX_PATH} CMAKE_PREFIX_PATH=/ws/install/my_robot_interfaces LD_LIBRARY_PATH=/ws/install/my_robot_interfaces/lib:${LD_LIBRARY_PATH} PYTHONPATH=/ws/build/my_py_pkg/prefix_override:/usr/lib/python3/dist-packages/colcon_core/task/python/colcon_distutils_commands:/ws/install/my_py_pkg/lib/python3.10/site-packages:/ws/install/my_robot_interfaces/local/lib/python3.10/dist-packages:${PYTHONPATH} /usr/bin/python3 -W ignore:setup.py install is deprecated setup.py egg_info --egg-base ../../build/my_py_pkg build --build-base /ws/build/my_py_pkg/build install --record /ws/build/my_py_pkg/install.log --single-version-externally-managed install_data
[0.565s] running egg_info
[0.566s] writing ../../build/my_py_pkg/my_py_pkg.egg-info/PKG-INFO
[0.566s] writing dependency_links to ../../build/my_py_pkg/my_py_pkg.egg-info/dependency_links.txt
[0.566s] writing entry points to ../../build/my_py_pkg/my_py_pkg.egg-info/entry_points.txt
[0.566s] writing requirements to ../../build/my_py_pkg/my_py_pkg.egg-info/requires.txt
[0.566s] writing top-level names to ../../build/my_py_pkg/my_py_pkg.egg-info/top_level.txt
[0.568s] reading manifest file '../../build/my_py_pkg/my_py_pkg.egg-info/SOURCES.txt'
[0.569s] writing manifest file '../../build/my_py_pkg/my_py_pkg.egg-info/SOURCES.txt'
[0.569s] running build
[0.569s] running build_py
[0.569s] copying my_py_pkg/battery.py -> /ws/build/my_py_pkg/build/lib/my_py_pkg
[0.570s] running install
[0.570s] running install_lib
[0.571s] copying /ws/build/my_py_pkg/build/lib/my_py_pkg/battery.py -> /ws/install/my_py_pkg/lib/python3.10/site-packages/my_py_pkg
[0.572s] byte-compiling /ws/install/my_py_pkg/lib/python3.10/site-packages/my_py_pkg/battery.py to battery.cpython-310.pyc
[0.572s] Sorry: TabError: inconsistent use of tabs and spaces in indentation (battery.py, line 8)
[0.573s] running install_data
[0.573s] running install_egg_info
[0.575s] removing '/ws/install/my_py_pkg/lib/python3.10/site-packages/my_py_pkg-0.0.0-py3.10.egg-info' (and everything under it)
[0.575s] Copying ../../build/my_py_pkg/my_py_pkg.egg-info to /ws/install/my_py_pkg/lib/python3.10/site-packages/my_py_pkg-0.0.0-py3.10.egg-info
[0.576s] running install_scripts
[0.592s] Installing add_two_ints_client script to /ws/install/my_py_pkg/lib/my_py_pkg
[0.593s] Installing add_two_ints_server script to /ws/install/my_py_pkg/lib/my_py_pkg
[0.593s] Installing hw_status_publisher script to /ws/install/my_py_pkg/lib/my_py_pkg
[0.593s] Installing number_counter script to /ws/install/my_py_pkg/lib/my_py_pkg
[0.593s] Installing number_publisher script to /ws/install/my_py_pkg/lib/my_py_pkg
[0.593s] Installing py_node script to /ws/install/my_py_pkg/lib/my_py_pkg
[0.593s] Installing robot_news_station script to /ws/install/my_py_pkg/lib/my_py_pkg
[0.593s] Installing smartphone script to /ws/install/my_py_pkg/lib/my_py_pkg
[0.593s] writing list of installed files to '/ws/build/my_py_pkg/install.log'
[0.613s] Invoked command in '/ws/src/my_py_pkg' returned '0': AMENT_PREFIX_PATH=/ws/install/my_robot_interfaces:${AMENT_PREFIX_PATH} CMAKE_PREFIX_PATH=/ws/install/my_robot_interfaces LD_LIBRARY_PATH=/ws/install/my_robot_interfaces/lib:${LD_LIBRARY_PATH} PYTHONPATH=/ws/build/my_py_pkg/prefix_override:/usr/lib/python3/dist-packages/colcon_core/task/python/colcon_distutils_commands:/ws/install/my_py_pkg/lib/python3.10/site-packages:/ws/install/my_robot_interfaces/local/lib/python3.10/dist-packages:${PYTHONPATH} /usr/bin/python3 -W ignore:setup.py install is deprecated setup.py egg_info --egg-base ../../build/my_py_pkg build --build-base /ws/build/my_py_pkg/build install --record /ws/build/my_py_pkg/install.log --single-version-externally-managed install_data
