[0.011s] Invoking command in '/ws/build/battery_manager': CMAKE_PREFIX_PATH=${CMAKE_PREFIX_PATH}:/ws/install/my_py_pkg:/opt/ros/humble /usr/bin/cmake --build /ws/build/battery_manager -- -j8 -l8
[0.059s] [ 10%] Built target battery_manager__rosidl_generator_c
[0.060s] [ 12%] Built target battery_manager__cpp
[0.081s] [ 12%] Built target ament_cmake_python_copy_battery_manager
[0.095s] [ 23%] Built target battery_manager__rosidl_typesupport_cpp
[0.096s] [ 33%] Built target battery_manager__rosidl_typesupport_introspection_c
[0.112s] [ 43%] Built target battery_manager__rosidl_typesupport_fastrtps_cpp
[0.120s] [ 53%] Built target battery_manager__rosidl_typesupport_c
[0.120s] [ 64%] Built target battery_manager__rosidl_typesupport_introspection_cpp
[0.121s] [ 74%] Built target battery_manager__rosidl_typesupport_fastrtps_c
[0.142s] [ 74%] Built target battery_manager
[0.158s] [ 76%] Built target battery_manager__py
[0.179s] [ 84%] Built target battery_manager__rosidl_generator_py
[0.206s] [ 94%] Built target battery_manager__rosidl_typesupport_c__pyext
[0.207s] [ 94%] Built target battery_manager__rosidl_typesupport_fastrtps_c__pyext
[0.207s] [100%] Built target battery_manager__rosidl_typesupport_introspection_c__pyext
[0.309s] running egg_info
[0.309s] writing battery_manager.egg-info/PKG-INFO
[0.309s] writing dependency_links to battery_manager.egg-info/dependency_links.txt
[0.310s] writing top-level names to battery_manager.egg-info/top_level.txt
[0.313s] reading manifest file 'battery_manager.egg-info/SOURCES.txt'
[0.313s] writing manifest file 'battery_manager.egg-info/SOURCES.txt'
[0.338s] [100%] Built target ament_cmake_python_build_battery_manager_egg
[0.347s] Invoked command in '/ws/build/battery_manager' returned '0': CMAKE_PREFIX_PATH=${CMAKE_PREFIX_PATH}:/ws/install/my_py_pkg:/opt/ros/humble /usr/bin/cmake --build /ws/build/battery_manager -- -j8 -l8
[0.411s] Invoking command in '/ws/build/battery_manager': CMAKE_PREFIX_PATH=${CMAKE_PREFIX_PATH}:/ws/install/my_py_pkg:/opt/ros/humble /usr/bin/cmake --install /ws/build/battery_manager
[0.418s] -- Install configuration: ""
[0.418s] -- Up-to-date: /ws/install/battery_manager/share/ament_index/resource_index/rosidl_interfaces/battery_manager
[0.418s] -- Up-to-date: /ws/install/battery_manager/include/battery_manager/battery_manager
[0.418s] -- Up-to-date: /ws/install/battery_manager/include/battery_manager/battery_manager/srv
[0.418s] -- Up-to-date: /ws/install/battery_manager/include/battery_manager/battery_manager/srv/detail
[0.418s] -- Up-to-date: /ws/install/battery_manager/include/battery_manager/battery_manager/srv/detail/set_led__struct.h
[0.418s] -- Up-to-date: /ws/install/battery_manager/include/battery_manager/battery_manager/srv/detail/set_led__type_support.h
[0.418s] -- Up-to-date: /ws/install/battery_manager/include/battery_manager/battery_manager/srv/detail/set_led__functions.h
[0.418s] -- Up-to-date: /ws/install/battery_manager/include/battery_manager/battery_manager/srv/detail/set_led__functions.c
[0.419s] -- Up-to-date: /ws/install/battery_manager/include/battery_manager/battery_manager/srv/set_led.h
[0.419s] -- Up-to-date: /ws/install/battery_manager/include/battery_manager/battery_manager/msg
[0.419s] -- Up-to-date: /ws/install/battery_manager/include/battery_manager/battery_manager/msg/detail
[0.419s] -- Up-to-date: /ws/install/battery_manager/include/battery_manager/battery_manager/msg/detail/led_states__struct.h
[0.419s] -- Up-to-date: /ws/install/battery_manager/include/battery_manager/battery_manager/msg/detail/led_states__functions.c
[0.419s] -- Up-to-date: /ws/install/battery_manager/include/battery_manager/battery_manager/msg/detail/led_states__type_support.h
[0.419s] -- Up-to-date: /ws/install/battery_manager/include/battery_manager/battery_manager/msg/detail/led_states__functions.h
[0.419s] -- Up-to-date: /ws/install/battery_manager/include/battery_manager/battery_manager/msg/rosidl_generator_c__visibility_control.h
[0.419s] -- Up-to-date: /ws/install/battery_manager/include/battery_manager/battery_manager/msg/led_states.h
[0.419s] -- Up-to-date: /ws/install/battery_manager/share/battery_manager/environment/library_path.sh
[0.419s] -- Up-to-date: /ws/install/battery_manager/share/battery_manager/environment/library_path.dsv
[0.419s] -- Up-to-date: /ws/install/battery_manager/lib/libbattery_manager__rosidl_generator_c.so
[0.419s] -- Up-to-date: /ws/install/battery_manager/include/battery_manager/battery_manager
[0.419s] -- Up-to-date: /ws/install/battery_manager/include/battery_manager/battery_manager/srv
[0.420s] -- Up-to-date: /ws/install/battery_manager/include/battery_manager/battery_manager/srv/detail
[0.420s] -- Up-to-date: /ws/install/battery_manager/include/battery_manager/battery_manager/srv/detail/set_led__rosidl_typesupport_fastrtps_c.h
[0.420s] -- Up-to-date: /ws/install/battery_manager/include/battery_manager/battery_manager/msg
[0.420s] -- Up-to-date: /ws/install/battery_manager/include/battery_manager/battery_manager/msg/detail
[0.420s] -- Up-to-date: /ws/install/battery_manager/include/battery_manager/battery_manager/msg/detail/led_states__rosidl_typesupport_fastrtps_c.h
[0.420s] -- Up-to-date: /ws/install/battery_manager/include/battery_manager/battery_manager/msg/rosidl_typesupport_fastrtps_c__visibility_control.h
[0.420s] -- Up-to-date: /ws/install/battery_manager/lib/libbattery_manager__rosidl_typesupport_fastrtps_c.so
[0.420s] -- Up-to-date: /ws/install/battery_manager/include/battery_manager/battery_manager
[0.420s] -- Up-to-date: /ws/install/battery_manager/include/battery_manager/battery_manager/srv
[0.420s] -- Up-to-date: /ws/install/battery_manager/include/battery_manager/battery_manager/srv/detail
[0.420s] -- Up-to-date: /ws/install/battery_manager/include/battery_manager/battery_manager/srv/detail/set_led__type_support.c
[0.421s] -- Up-to-date: /ws/install/battery_manager/include/battery_manager/battery_manager/srv/detail/set_led__rosidl_typesupport_introspection_c.h
[0.421s] -- Up-to-date: /ws/install/battery_manager/include/battery_manager/battery_manager/msg
[0.421s] -- Up-to-date: /ws/install/battery_manager/include/battery_manager/battery_manager/msg/detail
[0.421s] -- Up-to-date: /ws/install/battery_manager/include/battery_manager/battery_manager/msg/detail/led_states__type_support.c
[0.421s] -- Up-to-date: /ws/install/battery_manager/include/battery_manager/battery_manager/msg/detail/led_states__rosidl_typesupport_introspection_c.h
[0.421s] -- Up-to-date: /ws/install/battery_manager/include/battery_manager/battery_manager/msg/rosidl_typesupport_introspection_c__visibility_control.h
[0.422s] -- Up-to-date: /ws/install/battery_manager/lib/libbattery_manager__rosidl_typesupport_introspection_c.so
[0.422s] -- Up-to-date: /ws/install/battery_manager/lib/libbattery_manager__rosidl_typesupport_c.so
[0.423s] -- Up-to-date: /ws/install/battery_manager/include/battery_manager/battery_manager
[0.423s] -- Up-to-date: /ws/install/battery_manager/include/battery_manager/battery_manager/srv
[0.423s] -- Up-to-date: /ws/install/battery_manager/include/battery_manager/battery_manager/srv/detail
[0.423s] -- Up-to-date: /ws/install/battery_manager/include/battery_manager/battery_manager/srv/detail/set_led__struct.hpp
[0.423s] -- Up-to-date: /ws/install/battery_manager/include/battery_manager/battery_manager/srv/detail/set_led__traits.hpp
[0.423s] -- Up-to-date: /ws/install/battery_manager/include/battery_manager/battery_manager/srv/detail/set_led__builder.hpp
[0.423s] -- Up-to-date: /ws/install/battery_manager/include/battery_manager/battery_manager/srv/set_led.hpp
[0.423s] -- Up-to-date: /ws/install/battery_manager/include/battery_manager/battery_manager/msg
[0.423s] -- Up-to-date: /ws/install/battery_manager/include/battery_manager/battery_manager/msg/detail
[0.423s] -- Up-to-date: /ws/install/battery_manager/include/battery_manager/battery_manager/msg/detail/led_states__traits.hpp
[0.423s] -- Up-to-date: /ws/install/battery_manager/include/battery_manager/battery_manager/msg/detail/led_states__struct.hpp
[0.424s] -- Up-to-date: /ws/install/battery_manager/include/battery_manager/battery_manager/msg/detail/led_states__builder.hpp
[0.424s] -- Up-to-date: /ws/install/battery_manager/include/battery_manager/battery_manager/msg/led_states.hpp
[0.424s] -- Up-to-date: /ws/install/battery_manager/include/battery_manager/battery_manager
[0.424s] -- Up-to-date: /ws/install/battery_manager/include/battery_manager/battery_manager/srv
[0.424s] -- Up-to-date: /ws/install/battery_manager/include/battery_manager/battery_manager/srv/detail
[0.424s] -- Up-to-date: /ws/install/battery_manager/include/battery_manager/battery_manager/srv/detail/set_led__rosidl_typesupport_fastrtps_cpp.hpp
[0.424s] -- Up-to-date: /ws/install/battery_manager/include/battery_manager/battery_manager/srv/detail/dds_fastrtps
[0.424s] -- Up-to-date: /ws/install/battery_manager/include/battery_manager/battery_manager/msg
[0.425s] -- Up-to-date: /ws/install/battery_manager/include/battery_manager/battery_manager/msg/detail
[0.425s] -- Up-to-date: /ws/install/battery_manager/include/battery_manager/battery_manager/msg/detail/led_states__rosidl_typesupport_fastrtps_cpp.hpp
[0.425s] -- Up-to-date: /ws/install/battery_manager/include/battery_manager/battery_manager/msg/detail/dds_fastrtps
[0.425s] -- Up-to-date: /ws/install/battery_manager/include/battery_manager/battery_manager/msg/rosidl_typesupport_fastrtps_cpp__visibility_control.h
[0.425s] -- Up-to-date: /ws/install/battery_manager/lib/libbattery_manager__rosidl_typesupport_fastrtps_cpp.so
[0.425s] -- Up-to-date: /ws/install/battery_manager/include/battery_manager/battery_manager
[0.426s] -- Up-to-date: /ws/install/battery_manager/include/battery_manager/battery_manager/srv
[0.426s] -- Up-to-date: /ws/install/battery_manager/include/battery_manager/battery_manager/srv/detail
[0.426s] -- Up-to-date: /ws/install/battery_manager/include/battery_manager/battery_manager/srv/detail/set_led__type_support.cpp
[0.426s] -- Up-to-date: /ws/install/battery_manager/include/battery_manager/battery_manager/srv/detail/set_led__rosidl_typesupport_introspection_cpp.hpp
[0.426s] -- Up-to-date: /ws/install/battery_manager/include/battery_manager/battery_manager/msg
[0.426s] -- Up-to-date: /ws/install/battery_manager/include/battery_manager/battery_manager/msg/detail
[0.426s] -- Up-to-date: /ws/install/battery_manager/include/battery_manager/battery_manager/msg/detail/led_states__rosidl_typesupport_introspection_cpp.hpp
[0.426s] -- Up-to-date: /ws/install/battery_manager/include/battery_manager/battery_manager/msg/detail/led_states__type_support.cpp
[0.426s] -- Up-to-date: /ws/install/battery_manager/lib/libbattery_manager__rosidl_typesupport_introspection_cpp.so
[0.428s] -- Up-to-date: /ws/install/battery_manager/lib/libbattery_manager__rosidl_typesupport_cpp.so
[0.428s] -- Up-to-date: /ws/install/battery_manager/share/battery_manager/environment/pythonpath.sh
[0.428s] -- Up-to-date: /ws/install/battery_manager/share/battery_manager/environment/pythonpath.dsv
[0.428s] -- Up-to-date: /ws/install/battery_manager/local/lib/python3.10/dist-packages/battery_manager-0.0.0-py3.10.egg-info
[0.428s] -- Installing: /ws/install/battery_manager/local/lib/python3.10/dist-packages/battery_manager-0.0.0-py3.10.egg-info/top_level.txt
[0.428s] -- Installing: /ws/install/battery_manager/local/lib/python3.10/dist-packages/battery_manager-0.0.0-py3.10.egg-info/SOURCES.txt
[0.428s] -- Installing: /ws/install/battery_manager/local/lib/python3.10/dist-packages/battery_manager-0.0.0-py3.10.egg-info/PKG-INFO
[0.428s] -- Installing: /ws/install/battery_manager/local/lib/python3.10/dist-packages/battery_manager-0.0.0-py3.10.egg-info/dependency_links.txt
[0.428s] -- Up-to-date: /ws/install/battery_manager/local/lib/python3.10/dist-packages/battery_manager
[0.428s] -- Up-to-date: /ws/install/battery_manager/local/lib/python3.10/dist-packages/battery_manager/__init__.py
[0.428s] -- Up-to-date: /ws/install/battery_manager/local/lib/python3.10/dist-packages/battery_manager/_battery_manager_s.ep.rosidl_typesupport_introspection_c.c
[0.429s] -- Up-to-date: /ws/install/battery_manager/local/lib/python3.10/dist-packages/battery_manager/srv
[0.429s] -- Up-to-date: /ws/install/battery_manager/local/lib/python3.10/dist-packages/battery_manager/srv/__init__.py
[0.429s] -- Up-to-date: /ws/install/battery_manager/local/lib/python3.10/dist-packages/battery_manager/srv/_set_led.py
[0.429s] -- Up-to-date: /ws/install/battery_manager/local/lib/python3.10/dist-packages/battery_manager/srv/_set_led_s.c
[0.429s] -- Up-to-date: /ws/install/battery_manager/local/lib/python3.10/dist-packages/battery_manager/libbattery_manager__rosidl_generator_py.so
[0.429s] -- Up-to-date: /ws/install/battery_manager/local/lib/python3.10/dist-packages/battery_manager/_battery_manager_s.ep.rosidl_typesupport_fastrtps_c.c
[0.429s] -- Up-to-date: /ws/install/battery_manager/local/lib/python3.10/dist-packages/battery_manager/msg
[0.429s] -- Up-to-date: /ws/install/battery_manager/local/lib/python3.10/dist-packages/battery_manager/msg/__init__.py
[0.429s] -- Up-to-date: /ws/install/battery_manager/local/lib/python3.10/dist-packages/battery_manager/msg/_led_states_s.c
[0.429s] -- Up-to-date: /ws/install/battery_manager/local/lib/python3.10/dist-packages/battery_manager/msg/_led_states.py
[0.429s] -- Up-to-date: /ws/install/battery_manager/local/lib/python3.10/dist-packages/battery_manager/battery_manager_s__rosidl_typesupport_c.cpython-310-x86_64-linux-gnu.so
[0.429s] -- Up-to-date: /ws/install/battery_manager/local/lib/python3.10/dist-packages/battery_manager/battery_manager_s__rosidl_typesupport_introspection_c.cpython-310-x86_64-linux-gnu.so
[0.429s] -- Up-to-date: /ws/install/battery_manager/local/lib/python3.10/dist-packages/battery_manager/_battery_manager_s.ep.rosidl_typesupport_c.c
[0.429s] -- Up-to-date: /ws/install/battery_manager/local/lib/python3.10/dist-packages/battery_manager/battery_manager_s__rosidl_typesupport_fastrtps_c.cpython-310-x86_64-linux-gnu.so
[0.452s] Listing '/ws/install/battery_manager/local/lib/python3.10/dist-packages/battery_manager'...
[0.452s] Listing '/ws/install/battery_manager/local/lib/python3.10/dist-packages/battery_manager/msg'...
[0.452s] Listing '/ws/install/battery_manager/local/lib/python3.10/dist-packages/battery_manager/srv'...
[0.456s] -- Up-to-date: /ws/install/battery_manager/local/lib/python3.10/dist-packages/battery_manager/battery_manager_s__rosidl_typesupport_fastrtps_c.cpython-310-x86_64-linux-gnu.so
[0.456s] -- Up-to-date: /ws/install/battery_manager/local/lib/python3.10/dist-packages/battery_manager/battery_manager_s__rosidl_typesupport_introspection_c.cpython-310-x86_64-linux-gnu.so
[0.456s] -- Up-to-date: /ws/install/battery_manager/local/lib/python3.10/dist-packages/battery_manager/battery_manager_s__rosidl_typesupport_c.cpython-310-x86_64-linux-gnu.so
[0.457s] -- Up-to-date: /ws/install/battery_manager/lib/libbattery_manager__rosidl_generator_py.so
[0.457s] -- Up-to-date: /ws/install/battery_manager/share/battery_manager/msg/LedStates.idl
[0.457s] -- Up-to-date: /ws/install/battery_manager/share/battery_manager/srv/SetLed.idl
[0.458s] -- Up-to-date: /ws/install/battery_manager/share/battery_manager/msg/LedStates.msg
[0.458s] -- Up-to-date: /ws/install/battery_manager/share/battery_manager/srv/SetLed.srv
[0.458s] -- Up-to-date: /ws/install/battery_manager/share/battery_manager/srv/SetLed_Request.msg
[0.458s] -- Up-to-date: /ws/install/battery_manager/share/battery_manager/srv/SetLed_Response.msg
[0.458s] -- Up-to-date: /ws/install/battery_manager/share/ament_index/resource_index/package_run_dependencies/battery_manager
[0.458s] -- Up-to-date: /ws/install/battery_manager/share/ament_index/resource_index/parent_prefix_path/battery_manager
[0.458s] -- Up-to-date: /ws/install/battery_manager/share/battery_manager/environment/ament_prefix_path.sh
[0.458s] -- Up-to-date: /ws/install/battery_manager/share/battery_manager/environment/ament_prefix_path.dsv
[0.458s] -- Up-to-date: /ws/install/battery_manager/share/battery_manager/environment/path.sh
[0.458s] -- Up-to-date: /ws/install/battery_manager/share/battery_manager/environment/path.dsv
[0.458s] -- Up-to-date: /ws/install/battery_manager/share/battery_manager/local_setup.bash
[0.458s] -- Up-to-date: /ws/install/battery_manager/share/battery_manager/local_setup.sh
[0.458s] -- Up-to-date: /ws/install/battery_manager/share/battery_manager/local_setup.zsh
[0.458s] -- Up-to-date: /ws/install/battery_manager/share/battery_manager/local_setup.dsv
[0.458s] -- Installing: /ws/install/battery_manager/share/battery_manager/package.dsv
[0.458s] -- Up-to-date: /ws/install/battery_manager/share/ament_index/resource_index/packages/battery_manager
[0.459s] -- Up-to-date: /ws/install/battery_manager/share/battery_manager/cmake/export_battery_manager__rosidl_generator_cExport.cmake
[0.459s] -- Up-to-date: /ws/install/battery_manager/share/battery_manager/cmake/export_battery_manager__rosidl_generator_cExport-noconfig.cmake
[0.459s] -- Up-to-date: /ws/install/battery_manager/share/battery_manager/cmake/export_battery_manager__rosidl_typesupport_fastrtps_cExport.cmake
[0.459s] -- Up-to-date: /ws/install/battery_manager/share/battery_manager/cmake/export_battery_manager__rosidl_typesupport_fastrtps_cExport-noconfig.cmake
[0.460s] -- Up-to-date: /ws/install/battery_manager/share/battery_manager/cmake/battery_manager__rosidl_typesupport_introspection_cExport.cmake
[0.460s] -- Up-to-date: /ws/install/battery_manager/share/battery_manager/cmake/battery_manager__rosidl_typesupport_introspection_cExport-noconfig.cmake
[0.460s] -- Up-to-date: /ws/install/battery_manager/share/battery_manager/cmake/battery_manager__rosidl_typesupport_cExport.cmake
[0.460s] -- Up-to-date: /ws/install/battery_manager/share/battery_manager/cmake/battery_manager__rosidl_typesupport_cExport-noconfig.cmake
[0.461s] -- Up-to-date: /ws/install/battery_manager/share/battery_manager/cmake/export_battery_manager__rosidl_generator_cppExport.cmake
[0.461s] -- Up-to-date: /ws/install/battery_manager/share/battery_manager/cmake/export_battery_manager__rosidl_typesupport_fastrtps_cppExport.cmake
[0.461s] -- Up-to-date: /ws/install/battery_manager/share/battery_manager/cmake/export_battery_manager__rosidl_typesupport_fastrtps_cppExport-noconfig.cmake
[0.462s] -- Up-to-date: /ws/install/battery_manager/share/battery_manager/cmake/battery_manager__rosidl_typesupport_introspection_cppExport.cmake
[0.462s] -- Up-to-date: /ws/install/battery_manager/share/battery_manager/cmake/battery_manager__rosidl_typesupport_introspection_cppExport-noconfig.cmake
[0.462s] -- Up-to-date: /ws/install/battery_manager/share/battery_manager/cmake/battery_manager__rosidl_typesupport_cppExport.cmake
[0.462s] -- Up-to-date: /ws/install/battery_manager/share/battery_manager/cmake/battery_manager__rosidl_typesupport_cppExport-noconfig.cmake
[0.463s] -- Up-to-date: /ws/install/battery_manager/share/battery_manager/cmake/export_battery_manager__rosidl_generator_pyExport.cmake
[0.463s] -- Up-to-date: /ws/install/battery_manager/share/battery_manager/cmake/export_battery_manager__rosidl_generator_pyExport-noconfig.cmake
[0.463s] -- Up-to-date: /ws/install/battery_manager/share/battery_manager/cmake/rosidl_cmake-extras.cmake
[0.463s] -- Up-to-date: /ws/install/battery_manager/share/battery_manager/cmake/ament_cmake_export_include_directories-extras.cmake
[0.463s] -- Up-to-date: /ws/install/battery_manager/share/battery_manager/cmake/ament_cmake_export_libraries-extras.cmake
[0.463s] -- Up-to-date: /ws/install/battery_manager/share/battery_manager/cmake/ament_cmake_export_targets-extras.cmake
[0.463s] -- Up-to-date: /ws/install/battery_manager/share/battery_manager/cmake/rosidl_cmake_export_typesupport_targets-extras.cmake
[0.463s] -- Up-to-date: /ws/install/battery_manager/share/battery_manager/cmake/ament_cmake_export_dependencies-extras.cmake
[0.464s] -- Up-to-date: /ws/install/battery_manager/share/battery_manager/cmake/rosidl_cmake_export_typesupport_libraries-extras.cmake
[0.464s] -- Up-to-date: /ws/install/battery_manager/share/battery_manager/cmake/battery_managerConfig.cmake
[0.464s] -- Up-to-date: /ws/install/battery_manager/share/battery_manager/cmake/battery_managerConfig-version.cmake
[0.464s] -- Up-to-date: /ws/install/battery_manager/share/battery_manager/package.xml
[0.465s] Invoked command in '/ws/build/battery_manager' returned '0': CMAKE_PREFIX_PATH=${CMAKE_PREFIX_PATH}:/ws/install/my_py_pkg:/opt/ros/humble /usr/bin/cmake --install /ws/build/battery_manager
