[0.093s] DEBUG:colcon:Command line arguments: ['/usr/bin/colcon', 'build']
[0.093s] DEBUG:colcon:Parsed command line arguments: Namespace(log_base=None, log_level=None, verb_name='build', build_base='build', install_base='install', merge_install=False, symlink_install=False, test_result_base=None, continue_on_error=False, executor='parallel', parallel_workers=8, event_handlers=None, ignore_user_meta=False, metas=['./colcon.meta'], base_paths=['.'], packages_ignore=None, packages_ignore_regex=None, paths=None, packages_up_to=None, packages_up_to_regex=None, packages_above=None, packages_above_and_dependencies=None, packages_above_depth=None, packages_select_by_dep=None, packages_skip_by_dep=None, packages_skip_up_to=None, packages_select_build_failed=False, packages_skip_build_finished=False, packages_select_test_failures=False, packages_skip_test_passed=False, packages_select=None, packages_skip=None, packages_select_regex=None, packages_skip_regex=None, packages_start=None, packages_end=None, cmake_args=None, cmake_target=None, cmake_target_skip_unavailable=False, cmake_clean_cache=False, cmake_clean_first=False, cmake_force_configure=False, ament_cmake_args=None, catkin_cmake_args=None, catkin_skip_building_tests=False, mixin_files=None, mixin=None, verb_parser=<colcon_mixin.mixin.mixin_argument.MixinArgumentDecorator object at 0x73ba5f814250>, verb_extension=<colcon_core.verb.build.BuildVerb object at 0x73ba5f9f3d60>, main=<bound method BuildVerb.main of <colcon_core.verb.build.BuildVerb object at 0x73ba5f9f3d60>>, mixin_verb=('build',))
[0.190s] Level 1:colcon.colcon_core.package_discovery:discover_packages(colcon_meta) check parameters
[0.191s] INFO:colcon.colcon_metadata.package_discovery.colcon_meta:Using configuration from '/root/.colcon/metadata/default/Gazebo.meta'
[0.191s] INFO:colcon.colcon_metadata.package_discovery.colcon_meta:Using configuration from '/root/.colcon/metadata/default/fastrtps.meta'
[0.191s] Level 1:colcon.colcon_core.package_discovery:discover_packages(recursive) check parameters
[0.191s] Level 1:colcon.colcon_core.package_discovery:discover_packages(ignore) check parameters
[0.191s] Level 1:colcon.colcon_core.package_discovery:discover_packages(path) check parameters
[0.191s] Level 1:colcon.colcon_core.package_discovery:discover_packages(colcon_meta) discover
[0.191s] Level 1:colcon.colcon_core.package_discovery:discover_packages(recursive) discover
[0.191s] INFO:colcon.colcon_core.package_discovery:Crawling recursively for packages in '/ws'
[0.191s] Level 1:colcon.colcon_core.package_identification:_identify(.) by extensions ['ignore', 'ignore_ament_install']
[0.191s] Level 1:colcon.colcon_core.package_identification:_identify(.) by extension 'ignore'
[0.191s] Level 1:colcon.colcon_core.package_identification:_identify(.) by extension 'ignore_ament_install'
[0.191s] Level 1:colcon.colcon_core.package_identification:_identify(.) by extensions ['colcon_pkg']
[0.191s] Level 1:colcon.colcon_core.package_identification:_identify(.) by extension 'colcon_pkg'
[0.191s] Level 1:colcon.colcon_core.package_identification:_identify(.) by extensions ['colcon_meta']
[0.192s] Level 1:colcon.colcon_core.package_identification:_identify(.) by extension 'colcon_meta'
[0.192s] Level 1:colcon.colcon_core.package_identification:_identify(.) by extensions ['ros']
[0.192s] Level 1:colcon.colcon_core.package_identification:_identify(.) by extension 'ros'
[0.199s] Level 1:colcon.colcon_core.package_identification:_identify(.) by extensions ['cmake', 'python']
[0.199s] Level 1:colcon.colcon_core.package_identification:_identify(.) by extension 'cmake'
[0.199s] Level 1:colcon.colcon_core.package_identification:_identify(.) by extension 'python'
[0.199s] Level 1:colcon.colcon_core.package_identification:_identify(.) by extensions ['python_setup_py']
[0.199s] Level 1:colcon.colcon_core.package_identification:_identify(.) by extension 'python_setup_py'
[0.200s] Level 1:colcon.colcon_core.package_identification:_identify(build) by extensions ['ignore', 'ignore_ament_install']
[0.200s] Level 1:colcon.colcon_core.package_identification:_identify(build) by extension 'ignore'
[0.200s] Level 1:colcon.colcon_core.package_identification:_identify(build) ignored
[0.200s] Level 1:colcon.colcon_core.package_identification:_identify(install) by extensions ['ignore', 'ignore_ament_install']
[0.200s] Level 1:colcon.colcon_core.package_identification:_identify(install) by extension 'ignore'
[0.200s] Level 1:colcon.colcon_core.package_identification:_identify(install) ignored
[0.200s] Level 1:colcon.colcon_core.package_identification:_identify(log) by extensions ['ignore', 'ignore_ament_install']
[0.200s] Level 1:colcon.colcon_core.package_identification:_identify(log) by extension 'ignore'
[0.200s] Level 1:colcon.colcon_core.package_identification:_identify(log) ignored
[0.200s] Level 1:colcon.colcon_core.package_identification:_identify(src) by extensions ['ignore', 'ignore_ament_install']
[0.200s] Level 1:colcon.colcon_core.package_identification:_identify(src) by extension 'ignore'
[0.200s] Level 1:colcon.colcon_core.package_identification:_identify(src) by extension 'ignore_ament_install'
[0.200s] Level 1:colcon.colcon_core.package_identification:_identify(src) by extensions ['colcon_pkg']
[0.200s] Level 1:colcon.colcon_core.package_identification:_identify(src) by extension 'colcon_pkg'
[0.200s] Level 1:colcon.colcon_core.package_identification:_identify(src) by extensions ['colcon_meta']
[0.200s] Level 1:colcon.colcon_core.package_identification:_identify(src) by extension 'colcon_meta'
[0.200s] Level 1:colcon.colcon_core.package_identification:_identify(src) by extensions ['ros']
[0.200s] Level 1:colcon.colcon_core.package_identification:_identify(src) by extension 'ros'
[0.200s] Level 1:colcon.colcon_core.package_identification:_identify(src) by extensions ['cmake', 'python']
[0.200s] Level 1:colcon.colcon_core.package_identification:_identify(src) by extension 'cmake'
[0.201s] Level 1:colcon.colcon_core.package_identification:_identify(src) by extension 'python'
[0.201s] Level 1:colcon.colcon_core.package_identification:_identify(src) by extensions ['python_setup_py']
[0.201s] Level 1:colcon.colcon_core.package_identification:_identify(src) by extension 'python_setup_py'
[0.201s] Level 1:colcon.colcon_core.package_identification:_identify(src/battery_manager) by extensions ['ignore', 'ignore_ament_install']
[0.201s] Level 1:colcon.colcon_core.package_identification:_identify(src/battery_manager) by extension 'ignore'
[0.201s] Level 1:colcon.colcon_core.package_identification:_identify(src/battery_manager) by extension 'ignore_ament_install'
[0.201s] Level 1:colcon.colcon_core.package_identification:_identify(src/battery_manager) by extensions ['colcon_pkg']
[0.201s] Level 1:colcon.colcon_core.package_identification:_identify(src/battery_manager) by extension 'colcon_pkg'
[0.201s] Level 1:colcon.colcon_core.package_identification:_identify(src/battery_manager) by extensions ['colcon_meta']
[0.201s] Level 1:colcon.colcon_core.package_identification:_identify(src/battery_manager) by extension 'colcon_meta'
[0.201s] Level 1:colcon.colcon_core.package_identification:_identify(src/battery_manager) by extensions ['ros']
[0.201s] Level 1:colcon.colcon_core.package_identification:_identify(src/battery_manager) by extension 'ros'
[0.203s] DEBUG:colcon.colcon_core.package_identification:Package 'src/battery_manager' with type 'ros.ament_cmake' and name 'battery_manager'
[0.203s] Level 1:colcon.colcon_core.package_identification:_identify(src/my_py_pkg) by extensions ['ignore', 'ignore_ament_install']
[0.203s] Level 1:colcon.colcon_core.package_identification:_identify(src/my_py_pkg) by extension 'ignore'
[0.203s] Level 1:colcon.colcon_core.package_identification:_identify(src/my_py_pkg) by extension 'ignore_ament_install'
[0.203s] Level 1:colcon.colcon_core.package_identification:_identify(src/my_py_pkg) by extensions ['colcon_pkg']
[0.203s] Level 1:colcon.colcon_core.package_identification:_identify(src/my_py_pkg) by extension 'colcon_pkg'
[0.203s] Level 1:colcon.colcon_core.package_identification:_identify(src/my_py_pkg) by extensions ['colcon_meta']
[0.203s] Level 1:colcon.colcon_core.package_identification:_identify(src/my_py_pkg) by extension 'colcon_meta'
[0.203s] Level 1:colcon.colcon_core.package_identification:_identify(src/my_py_pkg) by extensions ['ros']
[0.203s] Level 1:colcon.colcon_core.package_identification:_identify(src/my_py_pkg) by extension 'ros'
[0.204s] DEBUG:colcon.colcon_core.package_identification:Package 'src/my_py_pkg' with type 'ros.ament_python' and name 'my_py_pkg'
[0.204s] Level 1:colcon.colcon_core.package_identification:_identify(src/my_robot_interfaces) by extensions ['ignore', 'ignore_ament_install']
[0.204s] Level 1:colcon.colcon_core.package_identification:_identify(src/my_robot_interfaces) by extension 'ignore'
[0.204s] Level 1:colcon.colcon_core.package_identification:_identify(src/my_robot_interfaces) by extension 'ignore_ament_install'
[0.204s] Level 1:colcon.colcon_core.package_identification:_identify(src/my_robot_interfaces) by extensions ['colcon_pkg']
[0.204s] Level 1:colcon.colcon_core.package_identification:_identify(src/my_robot_interfaces) by extension 'colcon_pkg'
[0.204s] Level 1:colcon.colcon_core.package_identification:_identify(src/my_robot_interfaces) by extensions ['colcon_meta']
[0.204s] Level 1:colcon.colcon_core.package_identification:_identify(src/my_robot_interfaces) by extension 'colcon_meta'
[0.204s] Level 1:colcon.colcon_core.package_identification:_identify(src/my_robot_interfaces) by extensions ['ros']
[0.204s] Level 1:colcon.colcon_core.package_identification:_identify(src/my_robot_interfaces) by extension 'ros'
[0.204s] DEBUG:colcon.colcon_core.package_identification:Package 'src/my_robot_interfaces' with type 'ros.ament_cmake' and name 'my_robot_interfaces'
[0.204s] Level 1:colcon.colcon_core.package_discovery:discover_packages(recursive) using defaults
[0.205s] Level 1:colcon.colcon_core.package_discovery:discover_packages(ignore) discover
[0.205s] Level 1:colcon.colcon_core.package_discovery:discover_packages(ignore) using defaults
[0.205s] Level 1:colcon.colcon_core.package_discovery:discover_packages(path) discover
[0.205s] Level 1:colcon.colcon_core.package_discovery:discover_packages(path) using defaults
[0.220s] Level 5:colcon.colcon_core.verb:set package 'battery_manager' build argument 'cmake_args' from command line to 'None'
[0.220s] Level 5:colcon.colcon_core.verb:set package 'battery_manager' build argument 'cmake_target' from command line to 'None'
[0.220s] Level 5:colcon.colcon_core.verb:set package 'battery_manager' build argument 'cmake_target_skip_unavailable' from command line to 'False'
[0.221s] Level 5:colcon.colcon_core.verb:set package 'battery_manager' build argument 'cmake_clean_cache' from command line to 'False'
[0.221s] Level 5:colcon.colcon_core.verb:set package 'battery_manager' build argument 'cmake_clean_first' from command line to 'False'
[0.221s] Level 5:colcon.colcon_core.verb:set package 'battery_manager' build argument 'cmake_force_configure' from command line to 'False'
[0.221s] Level 5:colcon.colcon_core.verb:set package 'battery_manager' build argument 'ament_cmake_args' from command line to 'None'
[0.221s] Level 5:colcon.colcon_core.verb:set package 'battery_manager' build argument 'catkin_cmake_args' from command line to 'None'
[0.221s] Level 5:colcon.colcon_core.verb:set package 'battery_manager' build argument 'catkin_skip_building_tests' from command line to 'False'
[0.221s] DEBUG:colcon.colcon_core.verb:Building package 'battery_manager' with the following arguments: {'ament_cmake_args': None, 'build_base': '/ws/build/battery_manager', 'catkin_cmake_args': None, 'catkin_skip_building_tests': False, 'cmake_args': None, 'cmake_clean_cache': False, 'cmake_clean_first': False, 'cmake_force_configure': False, 'cmake_target': None, 'cmake_target_skip_unavailable': False, 'install_base': '/ws/install/battery_manager', 'merge_install': False, 'path': '/ws/src/battery_manager', 'symlink_install': False, 'test_result_base': None}
[0.221s] Level 5:colcon.colcon_core.verb:set package 'my_robot_interfaces' build argument 'cmake_args' from command line to 'None'
[0.221s] Level 5:colcon.colcon_core.verb:set package 'my_robot_interfaces' build argument 'cmake_target' from command line to 'None'
[0.221s] Level 5:colcon.colcon_core.verb:set package 'my_robot_interfaces' build argument 'cmake_target_skip_unavailable' from command line to 'False'
[0.221s] Level 5:colcon.colcon_core.verb:set package 'my_robot_interfaces' build argument 'cmake_clean_cache' from command line to 'False'
[0.221s] Level 5:colcon.colcon_core.verb:set package 'my_robot_interfaces' build argument 'cmake_clean_first' from command line to 'False'
[0.221s] Level 5:colcon.colcon_core.verb:set package 'my_robot_interfaces' build argument 'cmake_force_configure' from command line to 'False'
[0.221s] Level 5:colcon.colcon_core.verb:set package 'my_robot_interfaces' build argument 'ament_cmake_args' from command line to 'None'
[0.221s] Level 5:colcon.colcon_core.verb:set package 'my_robot_interfaces' build argument 'catkin_cmake_args' from command line to 'None'
[0.221s] Level 5:colcon.colcon_core.verb:set package 'my_robot_interfaces' build argument 'catkin_skip_building_tests' from command line to 'False'
[0.221s] DEBUG:colcon.colcon_core.verb:Building package 'my_robot_interfaces' with the following arguments: {'ament_cmake_args': None, 'build_base': '/ws/build/my_robot_interfaces', 'catkin_cmake_args': None, 'catkin_skip_building_tests': False, 'cmake_args': None, 'cmake_clean_cache': False, 'cmake_clean_first': False, 'cmake_force_configure': False, 'cmake_target': None, 'cmake_target_skip_unavailable': False, 'install_base': '/ws/install/my_robot_interfaces', 'merge_install': False, 'path': '/ws/src/my_robot_interfaces', 'symlink_install': False, 'test_result_base': None}
[0.222s] Level 5:colcon.colcon_core.verb:set package 'my_py_pkg' build argument 'cmake_args' from command line to 'None'
[0.222s] Level 5:colcon.colcon_core.verb:set package 'my_py_pkg' build argument 'cmake_target' from command line to 'None'
[0.222s] Level 5:colcon.colcon_core.verb:set package 'my_py_pkg' build argument 'cmake_target_skip_unavailable' from command line to 'False'
[0.222s] Level 5:colcon.colcon_core.verb:set package 'my_py_pkg' build argument 'cmake_clean_cache' from command line to 'False'
[0.222s] Level 5:colcon.colcon_core.verb:set package 'my_py_pkg' build argument 'cmake_clean_first' from command line to 'False'
[0.222s] Level 5:colcon.colcon_core.verb:set package 'my_py_pkg' build argument 'cmake_force_configure' from command line to 'False'
[0.222s] Level 5:colcon.colcon_core.verb:set package 'my_py_pkg' build argument 'ament_cmake_args' from command line to 'None'
[0.222s] Level 5:colcon.colcon_core.verb:set package 'my_py_pkg' build argument 'catkin_cmake_args' from command line to 'None'
[0.222s] Level 5:colcon.colcon_core.verb:set package 'my_py_pkg' build argument 'catkin_skip_building_tests' from command line to 'False'
[0.222s] DEBUG:colcon.colcon_core.verb:Building package 'my_py_pkg' with the following arguments: {'ament_cmake_args': None, 'build_base': '/ws/build/my_py_pkg', 'catkin_cmake_args': None, 'catkin_skip_building_tests': False, 'cmake_args': None, 'cmake_clean_cache': False, 'cmake_clean_first': False, 'cmake_force_configure': False, 'cmake_target': None, 'cmake_target_skip_unavailable': False, 'install_base': '/ws/install/my_py_pkg', 'merge_install': False, 'path': '/ws/src/my_py_pkg', 'symlink_install': False, 'test_result_base': None}
[0.222s] INFO:colcon.colcon_core.executor:Executing jobs using 'parallel' executor
[0.223s] DEBUG:colcon.colcon_parallel_executor.executor.parallel:run_until_complete
[0.223s] INFO:colcon.colcon_ros.task.ament_cmake.build:Building ROS package in '/ws/src/my_robot_interfaces' with build type 'ament_cmake'
[0.223s] INFO:colcon.colcon_cmake.task.cmake.build:Building CMake package in '/ws/src/my_robot_interfaces'
[0.225s] INFO:colcon.colcon_core.plugin_system:Skipping extension 'colcon_core.shell.bat': Not used on non-Windows systems
[0.226s] INFO:colcon.colcon_core.shell:Skip shell extension 'powershell' for command environment: Not usable outside of PowerShell
[0.226s] DEBUG:colcon.colcon_core.shell:Skip shell extension 'dsv' for command environment
[0.229s] INFO:colcon.colcon_ros.task.ament_cmake.build:Building ROS package in '/ws/src/battery_manager' with build type 'ament_cmake'
[0.229s] INFO:colcon.colcon_cmake.task.cmake.build:Building CMake package in '/ws/src/battery_manager'
[0.229s] INFO:colcon.colcon_core.shell:Skip shell extension 'powershell' for command environment: Not usable outside of PowerShell
[0.229s] DEBUG:colcon.colcon_core.shell:Skip shell extension 'dsv' for command environment
[0.236s] DEBUG:colcon.colcon_core.event_handler.log_command:Invoking command in '/ws/build/my_robot_interfaces': CMAKE_PREFIX_PATH=${CMAKE_PREFIX_PATH}:/ws/install/my_py_pkg:/opt/ros/humble /usr/bin/cmake --build /ws/build/my_robot_interfaces -- -j8 -l8
[0.240s] DEBUG:colcon.colcon_core.event_handler.log_command:Invoking command in '/ws/build/battery_manager': CMAKE_PREFIX_PATH=${CMAKE_PREFIX_PATH}:/ws/install/my_py_pkg:/opt/ros/humble /usr/bin/cmake --build /ws/build/battery_manager -- -j8 -l8
[0.581s] DEBUG:colcon.colcon_core.event_handler.log_command:Invoked command in '/ws/build/battery_manager' returned '0': CMAKE_PREFIX_PATH=${CMAKE_PREFIX_PATH}:/ws/install/my_py_pkg:/opt/ros/humble /usr/bin/cmake --build /ws/build/battery_manager -- -j8 -l8
[0.582s] DEBUG:colcon.colcon_core.event_handler.log_command:Invoked command in '/ws/build/my_robot_interfaces' returned '0': CMAKE_PREFIX_PATH=${CMAKE_PREFIX_PATH}:/ws/install/my_py_pkg:/opt/ros/humble /usr/bin/cmake --build /ws/build/my_robot_interfaces -- -j8 -l8
[0.649s] DEBUG:colcon.colcon_core.event_handler.log_command:Invoking command in '/ws/build/battery_manager': CMAKE_PREFIX_PATH=${CMAKE_PREFIX_PATH}:/ws/install/my_py_pkg:/opt/ros/humble /usr/bin/cmake --install /ws/build/battery_manager
[0.650s] DEBUG:colcon.colcon_core.event_handler.log_command:Invoking command in '/ws/build/my_robot_interfaces': CMAKE_PREFIX_PATH=${CMAKE_PREFIX_PATH}:/ws/install/my_py_pkg:/opt/ros/humble /usr/bin/cmake --install /ws/build/my_robot_interfaces
[0.699s] Level 1:colcon.colcon_core.environment:create_environment_scripts_only(battery_manager)
[0.701s] DEBUG:colcon.colcon_core.event_handler.log_command:Invoked command in '/ws/build/battery_manager' returned '0': CMAKE_PREFIX_PATH=${CMAKE_PREFIX_PATH}:/ws/install/my_py_pkg:/opt/ros/humble /usr/bin/cmake --install /ws/build/battery_manager
[0.702s] Level 1:colcon.colcon_core.environment:checking '/ws/install/battery_manager' for CMake module files
[0.703s] Level 1:colcon.colcon_core.environment:checking '/ws/install/battery_manager' for CMake config files
[0.703s] Level 1:colcon.colcon_core.shell:create_environment_hook('battery_manager', 'cmake_prefix_path')
[0.703s] INFO:colcon.colcon_core.shell:Creating environment hook '/ws/install/battery_manager/share/battery_manager/hook/cmake_prefix_path.ps1'
[0.703s] INFO:colcon.colcon_core.shell:Creating environment descriptor '/ws/install/battery_manager/share/battery_manager/hook/cmake_prefix_path.dsv'
[0.704s] INFO:colcon.colcon_core.shell:Creating environment hook '/ws/install/battery_manager/share/battery_manager/hook/cmake_prefix_path.sh'
[0.704s] Level 1:colcon.colcon_core.environment:checking '/ws/install/battery_manager/lib'
[0.705s] Level 1:colcon.colcon_core.shell:create_environment_hook('battery_manager', 'ld_library_path_lib')
[0.705s] INFO:colcon.colcon_core.shell:Creating environment hook '/ws/install/battery_manager/share/battery_manager/hook/ld_library_path_lib.ps1'
[0.705s] INFO:colcon.colcon_core.shell:Creating environment descriptor '/ws/install/battery_manager/share/battery_manager/hook/ld_library_path_lib.dsv'
[0.705s] INFO:colcon.colcon_core.shell:Creating environment hook '/ws/install/battery_manager/share/battery_manager/hook/ld_library_path_lib.sh'
[0.706s] Level 1:colcon.colcon_core.environment:checking '/ws/install/battery_manager/bin'
[0.706s] Level 1:colcon.colcon_core.environment:checking '/ws/install/battery_manager/lib/pkgconfig/battery_manager.pc'
[0.707s] Level 1:colcon.colcon_core.environment:checking '/ws/install/battery_manager/lib/python3.10/site-packages'
[0.707s] Level 1:colcon.colcon_core.environment:checking '/ws/install/battery_manager/bin'
[0.707s] INFO:colcon.colcon_core.shell:Creating package script '/ws/install/battery_manager/share/battery_manager/package.ps1'
[0.708s] INFO:colcon.colcon_core.shell:Creating package descriptor '/ws/install/battery_manager/share/battery_manager/package.dsv'
[0.708s] INFO:colcon.colcon_core.shell:Creating package script '/ws/install/battery_manager/share/battery_manager/package.sh'
[0.709s] INFO:colcon.colcon_core.shell:Creating package script '/ws/install/battery_manager/share/battery_manager/package.bash'
[0.709s] INFO:colcon.colcon_core.shell:Creating package script '/ws/install/battery_manager/share/battery_manager/package.zsh'
[0.710s] Level 1:colcon.colcon_core.environment:create_file_with_runtime_dependencies(/ws/install/battery_manager/share/colcon-core/packages/battery_manager)
[0.711s] Level 1:colcon.colcon_core.environment:create_environment_scripts_only(my_robot_interfaces)
[0.711s] Level 1:colcon.colcon_core.environment:checking '/ws/install/my_robot_interfaces' for CMake module files
[0.711s] DEBUG:colcon.colcon_core.event_handler.log_command:Invoked command in '/ws/build/my_robot_interfaces' returned '0': CMAKE_PREFIX_PATH=${CMAKE_PREFIX_PATH}:/ws/install/my_py_pkg:/opt/ros/humble /usr/bin/cmake --install /ws/build/my_robot_interfaces
[0.712s] Level 1:colcon.colcon_core.environment:checking '/ws/install/my_robot_interfaces' for CMake config files
[0.712s] Level 1:colcon.colcon_core.shell:create_environment_hook('my_robot_interfaces', 'cmake_prefix_path')
[0.712s] INFO:colcon.colcon_core.shell:Creating environment hook '/ws/install/my_robot_interfaces/share/my_robot_interfaces/hook/cmake_prefix_path.ps1'
[0.712s] INFO:colcon.colcon_core.shell:Creating environment descriptor '/ws/install/my_robot_interfaces/share/my_robot_interfaces/hook/cmake_prefix_path.dsv'
[0.712s] INFO:colcon.colcon_core.shell:Creating environment hook '/ws/install/my_robot_interfaces/share/my_robot_interfaces/hook/cmake_prefix_path.sh'
[0.713s] Level 1:colcon.colcon_core.environment:checking '/ws/install/my_robot_interfaces/lib'
[0.713s] Level 1:colcon.colcon_core.shell:create_environment_hook('my_robot_interfaces', 'ld_library_path_lib')
[0.713s] INFO:colcon.colcon_core.shell:Creating environment hook '/ws/install/my_robot_interfaces/share/my_robot_interfaces/hook/ld_library_path_lib.ps1'
[0.713s] INFO:colcon.colcon_core.shell:Creating environment descriptor '/ws/install/my_robot_interfaces/share/my_robot_interfaces/hook/ld_library_path_lib.dsv'
[0.714s] INFO:colcon.colcon_core.shell:Creating environment hook '/ws/install/my_robot_interfaces/share/my_robot_interfaces/hook/ld_library_path_lib.sh'
[0.714s] Level 1:colcon.colcon_core.environment:checking '/ws/install/my_robot_interfaces/bin'
[0.714s] Level 1:colcon.colcon_core.environment:checking '/ws/install/my_robot_interfaces/lib/pkgconfig/my_robot_interfaces.pc'
[0.714s] Level 1:colcon.colcon_core.environment:checking '/ws/install/my_robot_interfaces/lib/python3.10/site-packages'
[0.714s] Level 1:colcon.colcon_core.environment:checking '/ws/install/my_robot_interfaces/bin'
[0.715s] INFO:colcon.colcon_core.shell:Creating package script '/ws/install/my_robot_interfaces/share/my_robot_interfaces/package.ps1'
[0.715s] INFO:colcon.colcon_core.shell:Creating package descriptor '/ws/install/my_robot_interfaces/share/my_robot_interfaces/package.dsv'
[0.715s] INFO:colcon.colcon_core.shell:Creating package script '/ws/install/my_robot_interfaces/share/my_robot_interfaces/package.sh'
[0.716s] INFO:colcon.colcon_core.shell:Creating package script '/ws/install/my_robot_interfaces/share/my_robot_interfaces/package.bash'
[0.716s] INFO:colcon.colcon_core.shell:Creating package script '/ws/install/my_robot_interfaces/share/my_robot_interfaces/package.zsh'
[0.716s] Level 1:colcon.colcon_core.environment:create_file_with_runtime_dependencies(/ws/install/my_robot_interfaces/share/colcon-core/packages/my_robot_interfaces)
[0.773s] Level 1:colcon.colcon_core.environment:create_environment_scripts_only(battery_manager)
[0.773s] Level 1:colcon.colcon_core.environment:checking '/ws/install/battery_manager' for CMake module files
[0.774s] Level 1:colcon.colcon_core.environment:checking '/ws/install/battery_manager' for CMake config files
[0.774s] Level 1:colcon.colcon_core.shell:create_environment_hook('battery_manager', 'cmake_prefix_path')
[0.775s] INFO:colcon.colcon_core.shell:Creating environment hook '/ws/install/battery_manager/share/battery_manager/hook/cmake_prefix_path.ps1'
[0.775s] INFO:colcon.colcon_core.shell:Creating environment descriptor '/ws/install/battery_manager/share/battery_manager/hook/cmake_prefix_path.dsv'
[0.775s] INFO:colcon.colcon_core.shell:Creating environment hook '/ws/install/battery_manager/share/battery_manager/hook/cmake_prefix_path.sh'
[0.776s] Level 1:colcon.colcon_core.environment:checking '/ws/install/battery_manager/lib'
[0.776s] Level 1:colcon.colcon_core.shell:create_environment_hook('battery_manager', 'ld_library_path_lib')
[0.776s] INFO:colcon.colcon_core.shell:Creating environment hook '/ws/install/battery_manager/share/battery_manager/hook/ld_library_path_lib.ps1'
[0.776s] INFO:colcon.colcon_core.shell:Creating environment descriptor '/ws/install/battery_manager/share/battery_manager/hook/ld_library_path_lib.dsv'
[0.776s] INFO:colcon.colcon_core.shell:Creating environment hook '/ws/install/battery_manager/share/battery_manager/hook/ld_library_path_lib.sh'
[0.777s] Level 1:colcon.colcon_core.environment:checking '/ws/install/battery_manager/bin'
[0.777s] Level 1:colcon.colcon_core.environment:checking '/ws/install/battery_manager/lib/pkgconfig/battery_manager.pc'
[0.777s] Level 1:colcon.colcon_core.environment:checking '/ws/install/battery_manager/lib/python3.10/site-packages'
[0.777s] Level 1:colcon.colcon_core.environment:checking '/ws/install/battery_manager/bin'
[0.778s] INFO:colcon.colcon_core.shell:Creating package script '/ws/install/battery_manager/share/battery_manager/package.ps1'
[0.778s] INFO:colcon.colcon_core.shell:Creating package descriptor '/ws/install/battery_manager/share/battery_manager/package.dsv'
[0.778s] INFO:colcon.colcon_core.shell:Creating package script '/ws/install/battery_manager/share/battery_manager/package.sh'
[0.779s] INFO:colcon.colcon_core.shell:Creating package script '/ws/install/battery_manager/share/battery_manager/package.bash'
[0.779s] INFO:colcon.colcon_core.shell:Creating package script '/ws/install/battery_manager/share/battery_manager/package.zsh'
[0.779s] Level 1:colcon.colcon_core.environment:create_file_with_runtime_dependencies(/ws/install/battery_manager/share/colcon-core/packages/battery_manager)
[0.780s] Level 1:colcon.colcon_core.environment:create_environment_scripts_only(my_robot_interfaces)
[0.780s] Level 1:colcon.colcon_core.environment:checking '/ws/install/my_robot_interfaces' for CMake module files
[0.781s] Level 1:colcon.colcon_core.environment:checking '/ws/install/my_robot_interfaces' for CMake config files
[0.781s] Level 1:colcon.colcon_core.shell:create_environment_hook('my_robot_interfaces', 'cmake_prefix_path')
[0.781s] INFO:colcon.colcon_core.shell:Creating environment hook '/ws/install/my_robot_interfaces/share/my_robot_interfaces/hook/cmake_prefix_path.ps1'
[0.782s] INFO:colcon.colcon_core.shell:Creating environment descriptor '/ws/install/my_robot_interfaces/share/my_robot_interfaces/hook/cmake_prefix_path.dsv'
[0.782s] INFO:colcon.colcon_core.shell:Creating environment hook '/ws/install/my_robot_interfaces/share/my_robot_interfaces/hook/cmake_prefix_path.sh'
[0.783s] Level 1:colcon.colcon_core.environment:checking '/ws/install/my_robot_interfaces/lib'
[0.783s] Level 1:colcon.colcon_core.shell:create_environment_hook('my_robot_interfaces', 'ld_library_path_lib')
[0.783s] INFO:colcon.colcon_core.shell:Creating environment hook '/ws/install/my_robot_interfaces/share/my_robot_interfaces/hook/ld_library_path_lib.ps1'
[0.783s] INFO:colcon.colcon_core.shell:Creating environment descriptor '/ws/install/my_robot_interfaces/share/my_robot_interfaces/hook/ld_library_path_lib.dsv'
[0.784s] INFO:colcon.colcon_core.shell:Creating environment hook '/ws/install/my_robot_interfaces/share/my_robot_interfaces/hook/ld_library_path_lib.sh'
[0.784s] Level 1:colcon.colcon_core.environment:checking '/ws/install/my_robot_interfaces/bin'
[0.784s] Level 1:colcon.colcon_core.environment:checking '/ws/install/my_robot_interfaces/lib/pkgconfig/my_robot_interfaces.pc'
[0.784s] Level 1:colcon.colcon_core.environment:checking '/ws/install/my_robot_interfaces/lib/python3.10/site-packages'
[0.784s] Level 1:colcon.colcon_core.environment:checking '/ws/install/my_robot_interfaces/bin'
[0.785s] INFO:colcon.colcon_core.shell:Creating package script '/ws/install/my_robot_interfaces/share/my_robot_interfaces/package.ps1'
[0.785s] INFO:colcon.colcon_core.shell:Creating package descriptor '/ws/install/my_robot_interfaces/share/my_robot_interfaces/package.dsv'
[0.786s] INFO:colcon.colcon_core.shell:Creating package script '/ws/install/my_robot_interfaces/share/my_robot_interfaces/package.sh'
[0.786s] INFO:colcon.colcon_core.shell:Creating package script '/ws/install/my_robot_interfaces/share/my_robot_interfaces/package.bash'
[0.786s] INFO:colcon.colcon_core.shell:Creating package script '/ws/install/my_robot_interfaces/share/my_robot_interfaces/package.zsh'
[0.787s] Level 1:colcon.colcon_core.environment:create_file_with_runtime_dependencies(/ws/install/my_robot_interfaces/share/colcon-core/packages/my_robot_interfaces)
[0.787s] INFO:colcon.colcon_ros.task.ament_python.build:Building ROS package in '/ws/src/my_py_pkg' with build type 'ament_python'
[0.787s] Level 1:colcon.colcon_core.shell:create_environment_hook('my_py_pkg', 'ament_prefix_path')
[0.787s] INFO:colcon.colcon_core.shell:Creating environment hook '/ws/install/my_py_pkg/share/my_py_pkg/hook/ament_prefix_path.ps1'
[0.788s] INFO:colcon.colcon_core.shell:Creating environment descriptor '/ws/install/my_py_pkg/share/my_py_pkg/hook/ament_prefix_path.dsv'
[0.788s] INFO:colcon.colcon_core.shell:Creating environment hook '/ws/install/my_py_pkg/share/my_py_pkg/hook/ament_prefix_path.sh'
[0.788s] INFO:colcon.colcon_core.shell:Skip shell extension 'powershell' for command environment: Not usable outside of PowerShell
[0.788s] DEBUG:colcon.colcon_core.shell:Skip shell extension 'dsv' for command environment
[0.990s] INFO:colcon.colcon_core.task.python.build:Building Python package in '/ws/src/my_py_pkg'
[0.991s] INFO:colcon.colcon_core.shell:Skip shell extension 'powershell' for command environment: Not usable outside of PowerShell
[0.991s] DEBUG:colcon.colcon_core.shell:Skip shell extension 'dsv' for command environment
[1.228s] DEBUG:colcon.colcon_core.event_handler.log_command:Invoking command in '/ws/src/my_py_pkg': PYTHONPATH=/ws/build/my_py_pkg/prefix_override:/usr/lib/python3/dist-packages/colcon_core/task/python/colcon_distutils_commands:/ws/install/my_py_pkg/lib/python3.10/site-packages:${PYTHONPATH} /usr/bin/python3 -W ignore:setup.py install is deprecated setup.py egg_info --egg-base ../../build/my_py_pkg build --build-base /ws/build/my_py_pkg/build install --record /ws/build/my_py_pkg/install.log --single-version-externally-managed install_data
[1.427s] Level 1:colcon.colcon_core.environment:checking '/ws/install/my_py_pkg' for CMake module files
[1.428s] DEBUG:colcon.colcon_core.event_handler.log_command:Invoked command in '/ws/src/my_py_pkg' returned '0': PYTHONPATH=/ws/build/my_py_pkg/prefix_override:/usr/lib/python3/dist-packages/colcon_core/task/python/colcon_distutils_commands:/ws/install/my_py_pkg/lib/python3.10/site-packages:${PYTHONPATH} /usr/bin/python3 -W ignore:setup.py install is deprecated setup.py egg_info --egg-base ../../build/my_py_pkg build --build-base /ws/build/my_py_pkg/build install --record /ws/build/my_py_pkg/install.log --single-version-externally-managed install_data
[1.428s] Level 1:colcon.colcon_core.environment:checking '/ws/install/my_py_pkg' for CMake config files
[1.428s] Level 1:colcon.colcon_core.environment:checking '/ws/install/my_py_pkg/lib'
[1.428s] Level 1:colcon.colcon_core.environment:checking '/ws/install/my_py_pkg/bin'
[1.428s] Level 1:colcon.colcon_core.environment:checking '/ws/install/my_py_pkg/lib/pkgconfig/my_py_pkg.pc'
[1.428s] Level 1:colcon.colcon_core.environment:checking '/ws/install/my_py_pkg/lib/python3.10/site-packages'
[1.428s] Level 1:colcon.colcon_core.shell:create_environment_hook('my_py_pkg', 'pythonpath')
[1.429s] INFO:colcon.colcon_core.shell:Creating environment hook '/ws/install/my_py_pkg/share/my_py_pkg/hook/pythonpath.ps1'
[1.429s] INFO:colcon.colcon_core.shell:Creating environment descriptor '/ws/install/my_py_pkg/share/my_py_pkg/hook/pythonpath.dsv'
[1.429s] INFO:colcon.colcon_core.shell:Creating environment hook '/ws/install/my_py_pkg/share/my_py_pkg/hook/pythonpath.sh'
[1.430s] Level 1:colcon.colcon_core.environment:checking '/ws/install/my_py_pkg/bin'
[1.430s] Level 1:colcon.colcon_core.environment:create_environment_scripts_only(my_py_pkg)
[1.430s] INFO:colcon.colcon_core.shell:Creating package script '/ws/install/my_py_pkg/share/my_py_pkg/package.ps1'
[1.430s] INFO:colcon.colcon_core.shell:Creating package descriptor '/ws/install/my_py_pkg/share/my_py_pkg/package.dsv'
[1.430s] INFO:colcon.colcon_core.shell:Creating package script '/ws/install/my_py_pkg/share/my_py_pkg/package.sh'
[1.431s] INFO:colcon.colcon_core.shell:Creating package script '/ws/install/my_py_pkg/share/my_py_pkg/package.bash'
[1.431s] INFO:colcon.colcon_core.shell:Creating package script '/ws/install/my_py_pkg/share/my_py_pkg/package.zsh'
[1.431s] Level 1:colcon.colcon_core.environment:create_file_with_runtime_dependencies(/ws/install/my_py_pkg/share/colcon-core/packages/my_py_pkg)
[1.431s] DEBUG:colcon.colcon_parallel_executor.executor.parallel:closing loop
[1.432s] DEBUG:colcon.colcon_parallel_executor.executor.parallel:loop closed
[1.432s] DEBUG:colcon.colcon_parallel_executor.executor.parallel:run_until_complete finished with '0'
[1.432s] DEBUG:colcon.colcon_core.event_reactor:joining thread
[1.436s] INFO:colcon.colcon_core.plugin_system:Skipping extension 'colcon_notification.desktop_notification.notify_send': Could not find 'notify-send'
[1.436s] INFO:colcon.colcon_core.plugin_system:Skipping extension 'colcon_notification.desktop_notification.terminal_notifier': Not used on non-Darwin systems
[1.436s] INFO:colcon.colcon_core.plugin_system:Skipping extension 'colcon_notification.desktop_notification.win32': Not used on non-Windows systems
[1.436s] INFO:colcon.colcon_notification.desktop_notification:Sending desktop notification using 'notify2'
[1.438s] DEBUG:colcon.colcon_notification.desktop_notification.notify2:Failed to initialize notify2: org.freedesktop.DBus.Error.Spawn.ExecFailed: /usr/bin/dbus-launch terminated abnormally without any error message
[1.438s] DEBUG:colcon.colcon_core.event_reactor:joined thread
[1.439s] INFO:colcon.colcon_core.shell:Creating prefix script '/ws/install/local_setup.ps1'
[1.440s] INFO:colcon.colcon_core.shell:Creating prefix util module '/ws/install/_local_setup_util_ps1.py'
[1.442s] INFO:colcon.colcon_core.shell:Creating prefix chain script '/ws/install/setup.ps1'
[1.443s] INFO:colcon.colcon_core.shell:Creating prefix script '/ws/install/local_setup.sh'
[1.443s] INFO:colcon.colcon_core.shell:Creating prefix util module '/ws/install/_local_setup_util_sh.py'
[1.443s] INFO:colcon.colcon_core.shell:Creating prefix chain script '/ws/install/setup.sh'
[1.444s] INFO:colcon.colcon_core.shell:Creating prefix script '/ws/install/local_setup.bash'
[1.444s] INFO:colcon.colcon_core.shell:Creating prefix chain script '/ws/install/setup.bash'
[1.445s] INFO:colcon.colcon_core.shell:Creating prefix script '/ws/install/local_setup.zsh'
[1.445s] INFO:colcon.colcon_core.shell:Creating prefix chain script '/ws/install/setup.zsh'
