[0.011s] Invoking command in '/ws/build/my_robot_interfaces': CMAKE_PREFIX_PATH=/opt/ros/humble /usr/bin/cmake --build /ws/build/my_robot_interfaces -- -j8 -l8
[0.054s] [  2%] Built target my_robot_interfaces__cpp
[0.056s] [ 12%] Built target my_robot_interfaces__rosidl_generator_c
[0.076s] [ 12%] Built target ament_cmake_python_copy_my_robot_interfaces
[0.086s] [ 23%] Built target my_robot_interfaces__rosidl_typesupport_fastrtps_cpp
[0.089s] [ 33%] Built target my_robot_interfaces__rosidl_typesupport_cpp
[0.089s] [ 43%] Built target my_robot_interfaces__rosidl_typesupport_introspection_cpp
[0.110s] [ 53%] Built target my_robot_interfaces__rosidl_typesupport_introspection_c
[0.112s] [ 64%] Built target my_robot_interfaces__rosidl_typesupport_fastrtps_c
[0.122s] [ 74%] Built target my_robot_interfaces__rosidl_typesupport_c
[0.139s] [ 74%] Built target my_robot_interfaces
[0.157s] [ 76%] Built target my_robot_interfaces__py
[0.176s] [ 84%] Built target my_robot_interfaces__rosidl_generator_py
[0.202s] [ 89%] Built target my_robot_interfaces__rosidl_typesupport_c__pyext
[0.202s] [ 94%] Built target my_robot_interfaces__rosidl_typesupport_introspection_c__pyext
[0.204s] [100%] Built target my_robot_interfaces__rosidl_typesupport_fastrtps_c__pyext
[0.281s] running egg_info
[0.281s] writing my_robot_interfaces.egg-info/PKG-INFO
[0.282s] writing dependency_links to my_robot_interfaces.egg-info/dependency_links.txt
[0.282s] writing top-level names to my_robot_interfaces.egg-info/top_level.txt
[0.285s] reading manifest file 'my_robot_interfaces.egg-info/SOURCES.txt'
[0.286s] writing manifest file 'my_robot_interfaces.egg-info/SOURCES.txt'
[0.310s] [100%] Built target ament_cmake_python_build_my_robot_interfaces_egg
[0.319s] Invoked command in '/ws/build/my_robot_interfaces' returned '0': CMAKE_PREFIX_PATH=/opt/ros/humble /usr/bin/cmake --build /ws/build/my_robot_interfaces -- -j8 -l8
[0.381s] Invoking command in '/ws/build/my_robot_interfaces': CMAKE_PREFIX_PATH=/opt/ros/humble /usr/bin/cmake --install /ws/build/my_robot_interfaces
[0.388s] -- Install configuration: ""
[0.388s] -- Up-to-date: /ws/install/my_robot_interfaces/share/ament_index/resource_index/rosidl_interfaces/my_robot_interfaces
[0.389s] -- Up-to-date: /ws/install/my_robot_interfaces/include/my_robot_interfaces/my_robot_interfaces
[0.389s] -- Up-to-date: /ws/install/my_robot_interfaces/include/my_robot_interfaces/my_robot_interfaces/srv
[0.389s] -- Up-to-date: /ws/install/my_robot_interfaces/include/my_robot_interfaces/my_robot_interfaces/srv/detail
[0.389s] -- Up-to-date: /ws/install/my_robot_interfaces/include/my_robot_interfaces/my_robot_interfaces/srv/detail/compute_rectangle_area__functions.c
[0.390s] -- Up-to-date: /ws/install/my_robot_interfaces/include/my_robot_interfaces/my_robot_interfaces/srv/detail/compute_rectangle_area__type_support.h
[0.390s] -- Up-to-date: /ws/install/my_robot_interfaces/include/my_robot_interfaces/my_robot_interfaces/srv/detail/compute_rectangle_area__struct.h
[0.390s] -- Up-to-date: /ws/install/my_robot_interfaces/include/my_robot_interfaces/my_robot_interfaces/srv/detail/compute_rectangle_area__functions.h
[0.390s] -- Up-to-date: /ws/install/my_robot_interfaces/include/my_robot_interfaces/my_robot_interfaces/srv/compute_rectangle_area.h
[0.390s] -- Up-to-date: /ws/install/my_robot_interfaces/include/my_robot_interfaces/my_robot_interfaces/msg
[0.390s] -- Up-to-date: /ws/install/my_robot_interfaces/include/my_robot_interfaces/my_robot_interfaces/msg/detail
[0.390s] -- Up-to-date: /ws/install/my_robot_interfaces/include/my_robot_interfaces/my_robot_interfaces/msg/detail/hardware_status__type_support.h
[0.390s] -- Up-to-date: /ws/install/my_robot_interfaces/include/my_robot_interfaces/my_robot_interfaces/msg/detail/hardware_status__struct.h
[0.391s] -- Up-to-date: /ws/install/my_robot_interfaces/include/my_robot_interfaces/my_robot_interfaces/msg/detail/hardware_status__functions.h
[0.391s] -- Up-to-date: /ws/install/my_robot_interfaces/include/my_robot_interfaces/my_robot_interfaces/msg/detail/hardware_status__functions.c
[0.391s] -- Up-to-date: /ws/install/my_robot_interfaces/include/my_robot_interfaces/my_robot_interfaces/msg/hardware_status.h
[0.391s] -- Up-to-date: /ws/install/my_robot_interfaces/include/my_robot_interfaces/my_robot_interfaces/msg/rosidl_generator_c__visibility_control.h
[0.392s] -- Up-to-date: /ws/install/my_robot_interfaces/share/my_robot_interfaces/environment/library_path.sh
[0.392s] -- Up-to-date: /ws/install/my_robot_interfaces/share/my_robot_interfaces/environment/library_path.dsv
[0.393s] -- Up-to-date: /ws/install/my_robot_interfaces/lib/libmy_robot_interfaces__rosidl_generator_c.so
[0.393s] -- Up-to-date: /ws/install/my_robot_interfaces/include/my_robot_interfaces/my_robot_interfaces
[0.393s] -- Up-to-date: /ws/install/my_robot_interfaces/include/my_robot_interfaces/my_robot_interfaces/srv
[0.394s] -- Up-to-date: /ws/install/my_robot_interfaces/include/my_robot_interfaces/my_robot_interfaces/srv/detail
[0.394s] -- Up-to-date: /ws/install/my_robot_interfaces/include/my_robot_interfaces/my_robot_interfaces/srv/detail/compute_rectangle_area__rosidl_typesupport_fastrtps_c.h
[0.394s] -- Up-to-date: /ws/install/my_robot_interfaces/include/my_robot_interfaces/my_robot_interfaces/msg
[0.394s] -- Up-to-date: /ws/install/my_robot_interfaces/include/my_robot_interfaces/my_robot_interfaces/msg/detail
[0.394s] -- Up-to-date: /ws/install/my_robot_interfaces/include/my_robot_interfaces/my_robot_interfaces/msg/detail/hardware_status__rosidl_typesupport_fastrtps_c.h
[0.394s] -- Up-to-date: /ws/install/my_robot_interfaces/include/my_robot_interfaces/my_robot_interfaces/msg/rosidl_typesupport_fastrtps_c__visibility_control.h
[0.394s] -- Up-to-date: /ws/install/my_robot_interfaces/lib/libmy_robot_interfaces__rosidl_typesupport_fastrtps_c.so
[0.394s] -- Up-to-date: /ws/install/my_robot_interfaces/include/my_robot_interfaces/my_robot_interfaces
[0.394s] -- Up-to-date: /ws/install/my_robot_interfaces/include/my_robot_interfaces/my_robot_interfaces/srv
[0.394s] -- Up-to-date: /ws/install/my_robot_interfaces/include/my_robot_interfaces/my_robot_interfaces/srv/detail
[0.394s] -- Up-to-date: /ws/install/my_robot_interfaces/include/my_robot_interfaces/my_robot_interfaces/srv/detail/compute_rectangle_area__rosidl_typesupport_introspection_c.h
[0.394s] -- Up-to-date: /ws/install/my_robot_interfaces/include/my_robot_interfaces/my_robot_interfaces/srv/detail/compute_rectangle_area__type_support.c
[0.394s] -- Up-to-date: /ws/install/my_robot_interfaces/include/my_robot_interfaces/my_robot_interfaces/msg
[0.394s] -- Up-to-date: /ws/install/my_robot_interfaces/include/my_robot_interfaces/my_robot_interfaces/msg/detail
[0.395s] -- Up-to-date: /ws/install/my_robot_interfaces/include/my_robot_interfaces/my_robot_interfaces/msg/detail/hardware_status__type_support.c
[0.395s] -- Up-to-date: /ws/install/my_robot_interfaces/include/my_robot_interfaces/my_robot_interfaces/msg/detail/hardware_status__rosidl_typesupport_introspection_c.h
[0.395s] -- Up-to-date: /ws/install/my_robot_interfaces/include/my_robot_interfaces/my_robot_interfaces/msg/rosidl_typesupport_introspection_c__visibility_control.h
[0.395s] -- Up-to-date: /ws/install/my_robot_interfaces/lib/libmy_robot_interfaces__rosidl_typesupport_introspection_c.so
[0.395s] -- Up-to-date: /ws/install/my_robot_interfaces/lib/libmy_robot_interfaces__rosidl_typesupport_c.so
[0.395s] -- Up-to-date: /ws/install/my_robot_interfaces/include/my_robot_interfaces/my_robot_interfaces
[0.395s] -- Up-to-date: /ws/install/my_robot_interfaces/include/my_robot_interfaces/my_robot_interfaces/srv
[0.395s] -- Up-to-date: /ws/install/my_robot_interfaces/include/my_robot_interfaces/my_robot_interfaces/srv/detail
[0.396s] -- Up-to-date: /ws/install/my_robot_interfaces/include/my_robot_interfaces/my_robot_interfaces/srv/detail/compute_rectangle_area__struct.hpp
[0.396s] -- Up-to-date: /ws/install/my_robot_interfaces/include/my_robot_interfaces/my_robot_interfaces/srv/detail/compute_rectangle_area__builder.hpp
[0.396s] -- Up-to-date: /ws/install/my_robot_interfaces/include/my_robot_interfaces/my_robot_interfaces/srv/detail/compute_rectangle_area__traits.hpp
[0.396s] -- Up-to-date: /ws/install/my_robot_interfaces/include/my_robot_interfaces/my_robot_interfaces/srv/compute_rectangle_area.hpp
[0.396s] -- Up-to-date: /ws/install/my_robot_interfaces/include/my_robot_interfaces/my_robot_interfaces/msg
[0.396s] -- Up-to-date: /ws/install/my_robot_interfaces/include/my_robot_interfaces/my_robot_interfaces/msg/detail
[0.396s] -- Up-to-date: /ws/install/my_robot_interfaces/include/my_robot_interfaces/my_robot_interfaces/msg/detail/hardware_status__builder.hpp
[0.396s] -- Up-to-date: /ws/install/my_robot_interfaces/include/my_robot_interfaces/my_robot_interfaces/msg/detail/hardware_status__traits.hpp
[0.396s] -- Up-to-date: /ws/install/my_robot_interfaces/include/my_robot_interfaces/my_robot_interfaces/msg/detail/hardware_status__struct.hpp
[0.396s] -- Up-to-date: /ws/install/my_robot_interfaces/include/my_robot_interfaces/my_robot_interfaces/msg/hardware_status.hpp
[0.396s] -- Up-to-date: /ws/install/my_robot_interfaces/include/my_robot_interfaces/my_robot_interfaces
[0.396s] -- Up-to-date: /ws/install/my_robot_interfaces/include/my_robot_interfaces/my_robot_interfaces/srv
[0.397s] -- Up-to-date: /ws/install/my_robot_interfaces/include/my_robot_interfaces/my_robot_interfaces/srv/detail
[0.397s] -- Up-to-date: /ws/install/my_robot_interfaces/include/my_robot_interfaces/my_robot_interfaces/srv/detail/compute_rectangle_area__rosidl_typesupport_fastrtps_cpp.hpp
[0.397s] -- Up-to-date: /ws/install/my_robot_interfaces/include/my_robot_interfaces/my_robot_interfaces/srv/detail/dds_fastrtps
[0.397s] -- Up-to-date: /ws/install/my_robot_interfaces/include/my_robot_interfaces/my_robot_interfaces/msg
[0.398s] -- Up-to-date: /ws/install/my_robot_interfaces/include/my_robot_interfaces/my_robot_interfaces/msg/detail
[0.398s] -- Up-to-date: /ws/install/my_robot_interfaces/include/my_robot_interfaces/my_robot_interfaces/msg/detail/dds_fastrtps
[0.398s] -- Up-to-date: /ws/install/my_robot_interfaces/include/my_robot_interfaces/my_robot_interfaces/msg/detail/hardware_status__rosidl_typesupport_fastrtps_cpp.hpp
[0.398s] -- Up-to-date: /ws/install/my_robot_interfaces/include/my_robot_interfaces/my_robot_interfaces/msg/rosidl_typesupport_fastrtps_cpp__visibility_control.h
[0.398s] -- Up-to-date: /ws/install/my_robot_interfaces/lib/libmy_robot_interfaces__rosidl_typesupport_fastrtps_cpp.so
[0.398s] -- Up-to-date: /ws/install/my_robot_interfaces/include/my_robot_interfaces/my_robot_interfaces
[0.398s] -- Up-to-date: /ws/install/my_robot_interfaces/include/my_robot_interfaces/my_robot_interfaces/srv
[0.398s] -- Up-to-date: /ws/install/my_robot_interfaces/include/my_robot_interfaces/my_robot_interfaces/srv/detail
[0.398s] -- Up-to-date: /ws/install/my_robot_interfaces/include/my_robot_interfaces/my_robot_interfaces/srv/detail/compute_rectangle_area__rosidl_typesupport_introspection_cpp.hpp
[0.399s] -- Up-to-date: /ws/install/my_robot_interfaces/include/my_robot_interfaces/my_robot_interfaces/srv/detail/compute_rectangle_area__type_support.cpp
[0.399s] -- Up-to-date: /ws/install/my_robot_interfaces/include/my_robot_interfaces/my_robot_interfaces/msg
[0.399s] -- Up-to-date: /ws/install/my_robot_interfaces/include/my_robot_interfaces/my_robot_interfaces/msg/detail
[0.399s] -- Up-to-date: /ws/install/my_robot_interfaces/include/my_robot_interfaces/my_robot_interfaces/msg/detail/hardware_status__type_support.cpp
[0.399s] -- Up-to-date: /ws/install/my_robot_interfaces/include/my_robot_interfaces/my_robot_interfaces/msg/detail/hardware_status__rosidl_typesupport_introspection_cpp.hpp
[0.399s] -- Up-to-date: /ws/install/my_robot_interfaces/lib/libmy_robot_interfaces__rosidl_typesupport_introspection_cpp.so
[0.399s] -- Up-to-date: /ws/install/my_robot_interfaces/lib/libmy_robot_interfaces__rosidl_typesupport_cpp.so
[0.399s] -- Up-to-date: /ws/install/my_robot_interfaces/share/my_robot_interfaces/environment/pythonpath.sh
[0.399s] -- Up-to-date: /ws/install/my_robot_interfaces/share/my_robot_interfaces/environment/pythonpath.dsv
[0.399s] -- Up-to-date: /ws/install/my_robot_interfaces/local/lib/python3.10/dist-packages/my_robot_interfaces-0.0.0-py3.10.egg-info
[0.399s] -- Installing: /ws/install/my_robot_interfaces/local/lib/python3.10/dist-packages/my_robot_interfaces-0.0.0-py3.10.egg-info/top_level.txt
[0.399s] -- Installing: /ws/install/my_robot_interfaces/local/lib/python3.10/dist-packages/my_robot_interfaces-0.0.0-py3.10.egg-info/SOURCES.txt
[0.399s] -- Installing: /ws/install/my_robot_interfaces/local/lib/python3.10/dist-packages/my_robot_interfaces-0.0.0-py3.10.egg-info/PKG-INFO
[0.399s] -- Installing: /ws/install/my_robot_interfaces/local/lib/python3.10/dist-packages/my_robot_interfaces-0.0.0-py3.10.egg-info/dependency_links.txt
[0.399s] -- Up-to-date: /ws/install/my_robot_interfaces/local/lib/python3.10/dist-packages/my_robot_interfaces
[0.400s] -- Up-to-date: /ws/install/my_robot_interfaces/local/lib/python3.10/dist-packages/my_robot_interfaces/__init__.py
[0.400s] -- Up-to-date: /ws/install/my_robot_interfaces/local/lib/python3.10/dist-packages/my_robot_interfaces/my_robot_interfaces_s__rosidl_typesupport_introspection_c.cpython-310-x86_64-linux-gnu.so
[0.400s] -- Up-to-date: /ws/install/my_robot_interfaces/local/lib/python3.10/dist-packages/my_robot_interfaces/my_robot_interfaces_s__rosidl_typesupport_c.cpython-310-x86_64-linux-gnu.so
[0.400s] -- Up-to-date: /ws/install/my_robot_interfaces/local/lib/python3.10/dist-packages/my_robot_interfaces/my_robot_interfaces_s__rosidl_typesupport_fastrtps_c.cpython-310-x86_64-linux-gnu.so
[0.400s] -- Up-to-date: /ws/install/my_robot_interfaces/local/lib/python3.10/dist-packages/my_robot_interfaces/_my_robot_interfaces_s.ep.rosidl_typesupport_introspection_c.c
[0.400s] -- Up-to-date: /ws/install/my_robot_interfaces/local/lib/python3.10/dist-packages/my_robot_interfaces/_my_robot_interfaces_s.ep.rosidl_typesupport_fastrtps_c.c
[0.400s] -- Up-to-date: /ws/install/my_robot_interfaces/local/lib/python3.10/dist-packages/my_robot_interfaces/srv
[0.400s] -- Up-to-date: /ws/install/my_robot_interfaces/local/lib/python3.10/dist-packages/my_robot_interfaces/srv/__init__.py
[0.400s] -- Up-to-date: /ws/install/my_robot_interfaces/local/lib/python3.10/dist-packages/my_robot_interfaces/srv/_compute_rectangle_area.py
[0.400s] -- Up-to-date: /ws/install/my_robot_interfaces/local/lib/python3.10/dist-packages/my_robot_interfaces/srv/_compute_rectangle_area_s.c
[0.400s] -- Up-to-date: /ws/install/my_robot_interfaces/local/lib/python3.10/dist-packages/my_robot_interfaces/msg
[0.400s] -- Up-to-date: /ws/install/my_robot_interfaces/local/lib/python3.10/dist-packages/my_robot_interfaces/msg/__init__.py
[0.401s] -- Up-to-date: /ws/install/my_robot_interfaces/local/lib/python3.10/dist-packages/my_robot_interfaces/msg/_hardware_status.py
[0.401s] -- Up-to-date: /ws/install/my_robot_interfaces/local/lib/python3.10/dist-packages/my_robot_interfaces/msg/_hardware_status_s.c
[0.401s] -- Up-to-date: /ws/install/my_robot_interfaces/local/lib/python3.10/dist-packages/my_robot_interfaces/_my_robot_interfaces_s.ep.rosidl_typesupport_c.c
[0.401s] -- Up-to-date: /ws/install/my_robot_interfaces/local/lib/python3.10/dist-packages/my_robot_interfaces/libmy_robot_interfaces__rosidl_generator_py.so
[0.417s] Listing '/ws/install/my_robot_interfaces/local/lib/python3.10/dist-packages/my_robot_interfaces'...
[0.417s] Listing '/ws/install/my_robot_interfaces/local/lib/python3.10/dist-packages/my_robot_interfaces/msg'...
[0.418s] Listing '/ws/install/my_robot_interfaces/local/lib/python3.10/dist-packages/my_robot_interfaces/srv'...
[0.422s] -- Up-to-date: /ws/install/my_robot_interfaces/local/lib/python3.10/dist-packages/my_robot_interfaces/my_robot_interfaces_s__rosidl_typesupport_fastrtps_c.cpython-310-x86_64-linux-gnu.so
[0.423s] -- Up-to-date: /ws/install/my_robot_interfaces/local/lib/python3.10/dist-packages/my_robot_interfaces/my_robot_interfaces_s__rosidl_typesupport_introspection_c.cpython-310-x86_64-linux-gnu.so
[0.423s] -- Up-to-date: /ws/install/my_robot_interfaces/local/lib/python3.10/dist-packages/my_robot_interfaces/my_robot_interfaces_s__rosidl_typesupport_c.cpython-310-x86_64-linux-gnu.so
[0.423s] -- Up-to-date: /ws/install/my_robot_interfaces/lib/libmy_robot_interfaces__rosidl_generator_py.so
[0.423s] -- Up-to-date: /ws/install/my_robot_interfaces/share/my_robot_interfaces/msg/HardwareStatus.idl
[0.423s] -- Up-to-date: /ws/install/my_robot_interfaces/share/my_robot_interfaces/srv/ComputeRectangleArea.idl
[0.423s] -- Up-to-date: /ws/install/my_robot_interfaces/share/my_robot_interfaces/msg/HardwareStatus.msg
[0.423s] -- Up-to-date: /ws/install/my_robot_interfaces/share/my_robot_interfaces/srv/ComputeRectangleArea.srv
[0.423s] -- Up-to-date: /ws/install/my_robot_interfaces/share/my_robot_interfaces/srv/ComputeRectangleArea_Request.msg
[0.423s] -- Up-to-date: /ws/install/my_robot_interfaces/share/my_robot_interfaces/srv/ComputeRectangleArea_Response.msg
[0.424s] -- Up-to-date: /ws/install/my_robot_interfaces/share/ament_index/resource_index/package_run_dependencies/my_robot_interfaces
[0.424s] -- Up-to-date: /ws/install/my_robot_interfaces/share/ament_index/resource_index/parent_prefix_path/my_robot_interfaces
[0.424s] -- Up-to-date: /ws/install/my_robot_interfaces/share/my_robot_interfaces/environment/ament_prefix_path.sh
[0.424s] -- Up-to-date: /ws/install/my_robot_interfaces/share/my_robot_interfaces/environment/ament_prefix_path.dsv
[0.424s] -- Up-to-date: /ws/install/my_robot_interfaces/share/my_robot_interfaces/environment/path.sh
[0.424s] -- Up-to-date: /ws/install/my_robot_interfaces/share/my_robot_interfaces/environment/path.dsv
[0.424s] -- Up-to-date: /ws/install/my_robot_interfaces/share/my_robot_interfaces/local_setup.bash
[0.424s] -- Up-to-date: /ws/install/my_robot_interfaces/share/my_robot_interfaces/local_setup.sh
[0.424s] -- Up-to-date: /ws/install/my_robot_interfaces/share/my_robot_interfaces/local_setup.zsh
[0.424s] -- Up-to-date: /ws/install/my_robot_interfaces/share/my_robot_interfaces/local_setup.dsv
[0.424s] -- Installing: /ws/install/my_robot_interfaces/share/my_robot_interfaces/package.dsv
[0.424s] -- Up-to-date: /ws/install/my_robot_interfaces/share/ament_index/resource_index/packages/my_robot_interfaces
[0.425s] -- Up-to-date: /ws/install/my_robot_interfaces/share/my_robot_interfaces/cmake/export_my_robot_interfaces__rosidl_generator_cExport.cmake
[0.425s] -- Up-to-date: /ws/install/my_robot_interfaces/share/my_robot_interfaces/cmake/export_my_robot_interfaces__rosidl_generator_cExport-noconfig.cmake
[0.425s] -- Up-to-date: /ws/install/my_robot_interfaces/share/my_robot_interfaces/cmake/export_my_robot_interfaces__rosidl_typesupport_fastrtps_cExport.cmake
[0.425s] -- Up-to-date: /ws/install/my_robot_interfaces/share/my_robot_interfaces/cmake/export_my_robot_interfaces__rosidl_typesupport_fastrtps_cExport-noconfig.cmake
[0.425s] -- Up-to-date: /ws/install/my_robot_interfaces/share/my_robot_interfaces/cmake/my_robot_interfaces__rosidl_typesupport_introspection_cExport.cmake
[0.425s] -- Up-to-date: /ws/install/my_robot_interfaces/share/my_robot_interfaces/cmake/my_robot_interfaces__rosidl_typesupport_introspection_cExport-noconfig.cmake
[0.425s] -- Up-to-date: /ws/install/my_robot_interfaces/share/my_robot_interfaces/cmake/my_robot_interfaces__rosidl_typesupport_cExport.cmake
[0.425s] -- Up-to-date: /ws/install/my_robot_interfaces/share/my_robot_interfaces/cmake/my_robot_interfaces__rosidl_typesupport_cExport-noconfig.cmake
[0.425s] -- Up-to-date: /ws/install/my_robot_interfaces/share/my_robot_interfaces/cmake/export_my_robot_interfaces__rosidl_generator_cppExport.cmake
[0.426s] -- Up-to-date: /ws/install/my_robot_interfaces/share/my_robot_interfaces/cmake/export_my_robot_interfaces__rosidl_typesupport_fastrtps_cppExport.cmake
[0.426s] -- Up-to-date: /ws/install/my_robot_interfaces/share/my_robot_interfaces/cmake/export_my_robot_interfaces__rosidl_typesupport_fastrtps_cppExport-noconfig.cmake
[0.426s] -- Up-to-date: /ws/install/my_robot_interfaces/share/my_robot_interfaces/cmake/my_robot_interfaces__rosidl_typesupport_introspection_cppExport.cmake
[0.426s] -- Up-to-date: /ws/install/my_robot_interfaces/share/my_robot_interfaces/cmake/my_robot_interfaces__rosidl_typesupport_introspection_cppExport-noconfig.cmake
[0.426s] -- Up-to-date: /ws/install/my_robot_interfaces/share/my_robot_interfaces/cmake/my_robot_interfaces__rosidl_typesupport_cppExport.cmake
[0.426s] -- Up-to-date: /ws/install/my_robot_interfaces/share/my_robot_interfaces/cmake/my_robot_interfaces__rosidl_typesupport_cppExport-noconfig.cmake
[0.426s] -- Up-to-date: /ws/install/my_robot_interfaces/share/my_robot_interfaces/cmake/export_my_robot_interfaces__rosidl_generator_pyExport.cmake
[0.426s] -- Up-to-date: /ws/install/my_robot_interfaces/share/my_robot_interfaces/cmake/export_my_robot_interfaces__rosidl_generator_pyExport-noconfig.cmake
[0.426s] -- Up-to-date: /ws/install/my_robot_interfaces/share/my_robot_interfaces/cmake/rosidl_cmake-extras.cmake
[0.427s] -- Up-to-date: /ws/install/my_robot_interfaces/share/my_robot_interfaces/cmake/ament_cmake_export_include_directories-extras.cmake
[0.427s] -- Up-to-date: /ws/install/my_robot_interfaces/share/my_robot_interfaces/cmake/ament_cmake_export_libraries-extras.cmake
[0.427s] -- Up-to-date: /ws/install/my_robot_interfaces/share/my_robot_interfaces/cmake/ament_cmake_export_targets-extras.cmake
[0.427s] -- Up-to-date: /ws/install/my_robot_interfaces/share/my_robot_interfaces/cmake/rosidl_cmake_export_typesupport_targets-extras.cmake
[0.427s] -- Up-to-date: /ws/install/my_robot_interfaces/share/my_robot_interfaces/cmake/ament_cmake_export_dependencies-extras.cmake
[0.427s] -- Up-to-date: /ws/install/my_robot_interfaces/share/my_robot_interfaces/cmake/rosidl_cmake_export_typesupport_libraries-extras.cmake
[0.427s] -- Up-to-date: /ws/install/my_robot_interfaces/share/my_robot_interfaces/cmake/my_robot_interfacesConfig.cmake
[0.427s] -- Up-to-date: /ws/install/my_robot_interfaces/share/my_robot_interfaces/cmake/my_robot_interfacesConfig-version.cmake
[0.427s] -- Up-to-date: /ws/install/my_robot_interfaces/share/my_robot_interfaces/package.xml
[0.439s] Invoked command in '/ws/build/my_robot_interfaces' returned '0': CMAKE_PREFIX_PATH=/opt/ros/humble /usr/bin/cmake --install /ws/build/my_robot_interfaces
