-- Found ament_cmake: 1.3.10 (/opt/ros/humble/share/ament_cmake/cmake)
-- Found rosidl_default_generators: 1.2.0 (/opt/ros/humble/share/rosidl_default_generators/cmake)
-- Using all available rosidl_typesupport_c: rosidl_typesupport_fastrtps_c;rosidl_typesupport_introspection_c
-- Found rosidl_adapter: 3.1.5 (/opt/ros/humble/share/rosidl_adapter/cmake)
-- Using all available rosidl_typesupport_cpp: rosidl_typesupport_fastrtps_cpp;rosidl_typesupport_introspection_cpp
-- Found ament_cmake_ros: 0.10.0 (/opt/ros/humble/share/ament_cmake_ros/cmake)
-- Using all available rosidl_typesupport_c: rosidl_typesupport_fastrtps_c;rosidl_typesupport_introspection_c
-- Using all available rosidl_typesupport_cpp: rosidl_typesupport_fastrtps_cpp;rosidl_typesupport_introspection_cpp
-- Found python_cmake_module: 0.10.0 (/opt/ros/humble/share/python_cmake_module/cmake)
-- Using PYTHON_EXECUTABLE: /usr/bin/python3
-- Using PYTHON_INCLUDE_DIRS: /usr/include/python3.10
-- Using PYTHON_LIBRARIES: /usr/lib/x86_64-linux-gnu/libpython3.10.so
-- Found ament_lint_auto: 0.12.11 (/opt/ros/humble/share/ament_lint_auto/cmake)
-- Added test 'lint_cmake' to check CMake code style
-- Added test 'xmllint' to check XML markup files
-- Configuring done
-- Generating done
-- Build files have been written to: /ws/build/battery_manager
[  2%] [34m[1mGenerating C code for ROS interfaces[0m
[  5%] [34m[1mGenerating C++ code for ROS interfaces[0m
[  5%] Built target ament_cmake_python_copy_battery_manager
[35m[1mConsolidate compiler generated dependencies of target battery_manager__rosidl_generator_c[0m
[  7%] [32mBuilding C object CMakeFiles/battery_manager__rosidl_generator_c.dir/rosidl_generator_c/battery_manager/msg/detail/led_states__functions.c.o[0m
[ 10%] [32mBuilding C object CMakeFiles/battery_manager__rosidl_generator_c.dir/rosidl_generator_c/battery_manager/srv/detail/set_led__functions.c.o[0m
running egg_info
writing battery_manager.egg-info/PKG-INFO
writing dependency_links to battery_manager.egg-info/dependency_links.txt
writing top-level names to battery_manager.egg-info/top_level.txt
reading manifest file 'battery_manager.egg-info/SOURCES.txt'
writing manifest file 'battery_manager.egg-info/SOURCES.txt'
[ 10%] Built target ament_cmake_python_build_battery_manager_egg
[ 12%] [32m[1mLinking C shared library libbattery_manager__rosidl_generator_c.so[0m
[ 12%] Built target battery_manager__rosidl_generator_c
[ 20%] [34m[1mGenerating C introspection for ROS interfaces[0m
[ 20%] [34m[1mGenerating C type support dispatch for ROS interfaces[0m
[ 20%] [34m[1mGenerating C type support for eProsima Fast-RTPS[0m
[ 20%] Built target battery_manager__cpp
[ 23%] [34m[1mGenerating C++ type support for eProsima Fast-RTPS[0m
[ 25%] [34m[1mGenerating C++ introspection for ROS interfaces[0m
[ 28%] [34m[1mGenerating C++ type support dispatch for ROS interfaces[0m
[ 30%] [32mBuilding C object CMakeFiles/battery_manager__rosidl_typesupport_introspection_c.dir/rosidl_typesupport_introspection_c/battery_manager/msg/detail/led_states__type_support.c.o[0m
[ 33%] [32mBuilding C object CMakeFiles/battery_manager__rosidl_typesupport_introspection_c.dir/rosidl_typesupport_introspection_c/battery_manager/srv/detail/set_led__type_support.c.o[0m
[35m[1mConsolidate compiler generated dependencies of target battery_manager__rosidl_typesupport_cpp[0m
[ 35%] [32mBuilding CXX object CMakeFiles/battery_manager__rosidl_typesupport_c.dir/rosidl_typesupport_c/battery_manager/srv/set_led__type_support.cpp.o[0m
[ 38%] [32mBuilding CXX object CMakeFiles/battery_manager__rosidl_typesupport_c.dir/rosidl_typesupport_c/battery_manager/msg/led_states__type_support.cpp.o[0m
[ 41%] [32mBuilding CXX object CMakeFiles/battery_manager__rosidl_typesupport_cpp.dir/rosidl_typesupport_cpp/battery_manager/msg/led_states__type_support.cpp.o[0m
[ 43%] [32mBuilding CXX object CMakeFiles/battery_manager__rosidl_typesupport_cpp.dir/rosidl_typesupport_cpp/battery_manager/srv/set_led__type_support.cpp.o[0m
[ 46%] [32m[1mLinking C shared library libbattery_manager__rosidl_typesupport_introspection_c.so[0m
[ 48%] [32mBuilding CXX object CMakeFiles/battery_manager__rosidl_typesupport_fastrtps_c.dir/rosidl_typesupport_fastrtps_c/battery_manager/msg/detail/led_states__type_support_c.cpp.o[0m
[ 53%] [32mBuilding CXX object CMakeFiles/battery_manager__rosidl_typesupport_fastrtps_c.dir/rosidl_typesupport_fastrtps_c/battery_manager/srv/detail/set_led__type_support_c.cpp.o[0m
[ 53%] [32m[1mLinking CXX shared library libbattery_manager__rosidl_typesupport_c.so[0m
[35m[1mConsolidate compiler generated dependencies of target battery_manager__rosidl_typesupport_introspection_cpp[0m
[35m[1mConsolidate compiler generated dependencies of target battery_manager__rosidl_typesupport_fastrtps_cpp[0m
[ 56%] [32mBuilding CXX object CMakeFiles/battery_manager__rosidl_typesupport_introspection_cpp.dir/rosidl_typesupport_introspection_cpp/battery_manager/msg/detail/led_states__type_support.cpp.o[0m
[ 58%] [32mBuilding CXX object CMakeFiles/battery_manager__rosidl_typesupport_fastrtps_cpp.dir/rosidl_typesupport_fastrtps_cpp/battery_manager/msg/detail/dds_fastrtps/led_states__type_support.cpp.o[0m
[ 58%] Built target battery_manager__rosidl_typesupport_introspection_c
[ 61%] [32mBuilding CXX object CMakeFiles/battery_manager__rosidl_typesupport_fastrtps_cpp.dir/rosidl_typesupport_fastrtps_cpp/battery_manager/srv/detail/dds_fastrtps/set_led__type_support.cpp.o[0m
[ 61%] Built target battery_manager__rosidl_typesupport_c
[ 64%] [32mBuilding CXX object CMakeFiles/battery_manager__rosidl_typesupport_introspection_cpp.dir/rosidl_typesupport_introspection_cpp/battery_manager/srv/detail/set_led__type_support.cpp.o[0m
[ 66%] [32m[1mLinking CXX shared library libbattery_manager__rosidl_typesupport_cpp.so[0m
[ 66%] Built target battery_manager__rosidl_typesupport_cpp
[ 69%] [32m[1mLinking CXX shared library libbattery_manager__rosidl_typesupport_fastrtps_c.so[0m
[ 71%] [32m[1mLinking CXX shared library libbattery_manager__rosidl_typesupport_introspection_cpp.so[0m
[ 71%] Built target battery_manager__rosidl_typesupport_fastrtps_c
[ 71%] Built target battery_manager__rosidl_typesupport_introspection_cpp
[ 74%] [32m[1mLinking CXX shared library libbattery_manager__rosidl_typesupport_fastrtps_cpp.so[0m
[ 74%] Built target battery_manager__rosidl_typesupport_fastrtps_cpp
[ 74%] Built target battery_manager
[ 76%] [34m[1mGenerating Python code for ROS interfaces[0m
[ 76%] Built target battery_manager__py
[ 82%] [32mBuilding C object CMakeFiles/battery_manager__rosidl_generator_py.dir/rosidl_generator_py/battery_manager/msg/_led_states_s.c.o[0m
[ 82%] [32mBuilding C object CMakeFiles/battery_manager__rosidl_generator_py.dir/rosidl_generator_py/battery_manager/srv/_set_led_s.c.o[0m
[ 84%] [32m[1mLinking C shared library rosidl_generator_py/battery_manager/libbattery_manager__rosidl_generator_py.so[0m
[ 84%] Built target battery_manager__rosidl_generator_py
[ 92%] [32mBuilding C object CMakeFiles/battery_manager__rosidl_typesupport_fastrtps_c__pyext.dir/rosidl_generator_py/battery_manager/_battery_manager_s.ep.rosidl_typesupport_fastrtps_c.c.o[0m
[ 92%] [32mBuilding C object CMakeFiles/battery_manager__rosidl_typesupport_introspection_c__pyext.dir/rosidl_generator_py/battery_manager/_battery_manager_s.ep.rosidl_typesupport_introspection_c.c.o[0m
[ 92%] [32mBuilding C object CMakeFiles/battery_manager__rosidl_typesupport_c__pyext.dir/rosidl_generator_py/battery_manager/_battery_manager_s.ep.rosidl_typesupport_c.c.o[0m
[ 97%] [32m[1mLinking C shared library rosidl_generator_py/battery_manager/battery_manager_s__rosidl_typesupport_c.cpython-310-x86_64-linux-gnu.so[0m
[ 97%] [32m[1mLinking C shared library rosidl_generator_py/battery_manager/battery_manager_s__rosidl_typesupport_introspection_c.cpython-310-x86_64-linux-gnu.so[0m
[100%] [32m[1mLinking C shared library rosidl_generator_py/battery_manager/battery_manager_s__rosidl_typesupport_fastrtps_c.cpython-310-x86_64-linux-gnu.so[0m
[100%] Built target battery_manager__rosidl_typesupport_c__pyext
[100%] Built target battery_manager__rosidl_typesupport_introspection_c__pyext
[100%] Built target battery_manager__rosidl_typesupport_fastrtps_c__pyext
-- Install configuration: ""
-- Installing: /ws/install/battery_manager/share/ament_index/resource_index/rosidl_interfaces/battery_manager
-- Installing: /ws/install/battery_manager/include/battery_manager/battery_manager
-- Installing: /ws/install/battery_manager/include/battery_manager/battery_manager/srv
-- Installing: /ws/install/battery_manager/include/battery_manager/battery_manager/srv/detail
-- Installing: /ws/install/battery_manager/include/battery_manager/battery_manager/srv/detail/set_led__struct.h
-- Installing: /ws/install/battery_manager/include/battery_manager/battery_manager/srv/detail/set_led__type_support.h
-- Installing: /ws/install/battery_manager/include/battery_manager/battery_manager/srv/detail/set_led__functions.h
-- Installing: /ws/install/battery_manager/include/battery_manager/battery_manager/srv/detail/set_led__functions.c
-- Installing: /ws/install/battery_manager/include/battery_manager/battery_manager/srv/set_led.h
-- Installing: /ws/install/battery_manager/include/battery_manager/battery_manager/msg
-- Installing: /ws/install/battery_manager/include/battery_manager/battery_manager/msg/detail
-- Installing: /ws/install/battery_manager/include/battery_manager/battery_manager/msg/detail/led_states__struct.h
-- Installing: /ws/install/battery_manager/include/battery_manager/battery_manager/msg/detail/led_states__functions.c
-- Installing: /ws/install/battery_manager/include/battery_manager/battery_manager/msg/detail/led_states__type_support.h
-- Installing: /ws/install/battery_manager/include/battery_manager/battery_manager/msg/detail/led_states__functions.h
-- Installing: /ws/install/battery_manager/include/battery_manager/battery_manager/msg/rosidl_generator_c__visibility_control.h
-- Installing: /ws/install/battery_manager/include/battery_manager/battery_manager/msg/led_states.h
-- Installing: /ws/install/battery_manager/share/battery_manager/environment/library_path.sh
-- Installing: /ws/install/battery_manager/share/battery_manager/environment/library_path.dsv
-- Installing: /ws/install/battery_manager/lib/libbattery_manager__rosidl_generator_c.so
-- Set runtime path of "/ws/install/battery_manager/lib/libbattery_manager__rosidl_generator_c.so" to ""
-- Up-to-date: /ws/install/battery_manager/include/battery_manager/battery_manager
-- Up-to-date: /ws/install/battery_manager/include/battery_manager/battery_manager/srv
-- Up-to-date: /ws/install/battery_manager/include/battery_manager/battery_manager/srv/detail
-- Installing: /ws/install/battery_manager/include/battery_manager/battery_manager/srv/detail/set_led__rosidl_typesupport_fastrtps_c.h
-- Up-to-date: /ws/install/battery_manager/include/battery_manager/battery_manager/msg
-- Up-to-date: /ws/install/battery_manager/include/battery_manager/battery_manager/msg/detail
-- Installing: /ws/install/battery_manager/include/battery_manager/battery_manager/msg/detail/led_states__rosidl_typesupport_fastrtps_c.h
-- Installing: /ws/install/battery_manager/include/battery_manager/battery_manager/msg/rosidl_typesupport_fastrtps_c__visibility_control.h
-- Installing: /ws/install/battery_manager/lib/libbattery_manager__rosidl_typesupport_fastrtps_c.so
-- Set runtime path of "/ws/install/battery_manager/lib/libbattery_manager__rosidl_typesupport_fastrtps_c.so" to ""
-- Up-to-date: /ws/install/battery_manager/include/battery_manager/battery_manager
-- Up-to-date: /ws/install/battery_manager/include/battery_manager/battery_manager/srv
-- Up-to-date: /ws/install/battery_manager/include/battery_manager/battery_manager/srv/detail
-- Installing: /ws/install/battery_manager/include/battery_manager/battery_manager/srv/detail/set_led__type_support.c
-- Installing: /ws/install/battery_manager/include/battery_manager/battery_manager/srv/detail/set_led__rosidl_typesupport_introspection_c.h
-- Up-to-date: /ws/install/battery_manager/include/battery_manager/battery_manager/msg
-- Up-to-date: /ws/install/battery_manager/include/battery_manager/battery_manager/msg/detail
-- Installing: /ws/install/battery_manager/include/battery_manager/battery_manager/msg/detail/led_states__type_support.c
-- Installing: /ws/install/battery_manager/include/battery_manager/battery_manager/msg/detail/led_states__rosidl_typesupport_introspection_c.h
-- Installing: /ws/install/battery_manager/include/battery_manager/battery_manager/msg/rosidl_typesupport_introspection_c__visibility_control.h
-- Installing: /ws/install/battery_manager/lib/libbattery_manager__rosidl_typesupport_introspection_c.so
-- Set runtime path of "/ws/install/battery_manager/lib/libbattery_manager__rosidl_typesupport_introspection_c.so" to ""
-- Installing: /ws/install/battery_manager/lib/libbattery_manager__rosidl_typesupport_c.so
-- Set runtime path of "/ws/install/battery_manager/lib/libbattery_manager__rosidl_typesupport_c.so" to ""
-- Up-to-date: /ws/install/battery_manager/include/battery_manager/battery_manager
-- Up-to-date: /ws/install/battery_manager/include/battery_manager/battery_manager/srv
-- Up-to-date: /ws/install/battery_manager/include/battery_manager/battery_manager/srv/detail
-- Installing: /ws/install/battery_manager/include/battery_manager/battery_manager/srv/detail/set_led__struct.hpp
-- Installing: /ws/install/battery_manager/include/battery_manager/battery_manager/srv/detail/set_led__traits.hpp
-- Installing: /ws/install/battery_manager/include/battery_manager/battery_manager/srv/detail/set_led__builder.hpp
-- Installing: /ws/install/battery_manager/include/battery_manager/battery_manager/srv/set_led.hpp
-- Up-to-date: /ws/install/battery_manager/include/battery_manager/battery_manager/msg
-- Up-to-date: /ws/install/battery_manager/include/battery_manager/battery_manager/msg/detail
-- Installing: /ws/install/battery_manager/include/battery_manager/battery_manager/msg/detail/led_states__traits.hpp
-- Installing: /ws/install/battery_manager/include/battery_manager/battery_manager/msg/detail/led_states__struct.hpp
-- Installing: /ws/install/battery_manager/include/battery_manager/battery_manager/msg/detail/led_states__builder.hpp
-- Installing: /ws/install/battery_manager/include/battery_manager/battery_manager/msg/led_states.hpp
-- Up-to-date: /ws/install/battery_manager/include/battery_manager/battery_manager
-- Up-to-date: /ws/install/battery_manager/include/battery_manager/battery_manager/srv
-- Up-to-date: /ws/install/battery_manager/include/battery_manager/battery_manager/srv/detail
-- Installing: /ws/install/battery_manager/include/battery_manager/battery_manager/srv/detail/set_led__rosidl_typesupport_fastrtps_cpp.hpp
-- Installing: /ws/install/battery_manager/include/battery_manager/battery_manager/srv/detail/dds_fastrtps
-- Up-to-date: /ws/install/battery_manager/include/battery_manager/battery_manager/msg
-- Up-to-date: /ws/install/battery_manager/include/battery_manager/battery_manager/msg/detail
-- Installing: /ws/install/battery_manager/include/battery_manager/battery_manager/msg/detail/led_states__rosidl_typesupport_fastrtps_cpp.hpp
-- Installing: /ws/install/battery_manager/include/battery_manager/battery_manager/msg/detail/dds_fastrtps
-- Installing: /ws/install/battery_manager/include/battery_manager/battery_manager/msg/rosidl_typesupport_fastrtps_cpp__visibility_control.h
-- Installing: /ws/install/battery_manager/lib/libbattery_manager__rosidl_typesupport_fastrtps_cpp.so
-- Set runtime path of "/ws/install/battery_manager/lib/libbattery_manager__rosidl_typesupport_fastrtps_cpp.so" to ""
-- Up-to-date: /ws/install/battery_manager/include/battery_manager/battery_manager
-- Up-to-date: /ws/install/battery_manager/include/battery_manager/battery_manager/srv
-- Up-to-date: /ws/install/battery_manager/include/battery_manager/battery_manager/srv/detail
-- Installing: /ws/install/battery_manager/include/battery_manager/battery_manager/srv/detail/set_led__type_support.cpp
-- Installing: /ws/install/battery_manager/include/battery_manager/battery_manager/srv/detail/set_led__rosidl_typesupport_introspection_cpp.hpp
-- Up-to-date: /ws/install/battery_manager/include/battery_manager/battery_manager/msg
-- Up-to-date: /ws/install/battery_manager/include/battery_manager/battery_manager/msg/detail
-- Installing: /ws/install/battery_manager/include/battery_manager/battery_manager/msg/detail/led_states__rosidl_typesupport_introspection_cpp.hpp
-- Installing: /ws/install/battery_manager/include/battery_manager/battery_manager/msg/detail/led_states__type_support.cpp
-- Installing: /ws/install/battery_manager/lib/libbattery_manager__rosidl_typesupport_introspection_cpp.so
-- Set runtime path of "/ws/install/battery_manager/lib/libbattery_manager__rosidl_typesupport_introspection_cpp.so" to ""
-- Installing: /ws/install/battery_manager/lib/libbattery_manager__rosidl_typesupport_cpp.so
-- Set runtime path of "/ws/install/battery_manager/lib/libbattery_manager__rosidl_typesupport_cpp.so" to ""
-- Installing: /ws/install/battery_manager/share/battery_manager/environment/pythonpath.sh
-- Installing: /ws/install/battery_manager/share/battery_manager/environment/pythonpath.dsv
-- Installing: /ws/install/battery_manager/local/lib/python3.10/dist-packages/battery_manager-0.0.0-py3.10.egg-info
-- Installing: /ws/install/battery_manager/local/lib/python3.10/dist-packages/battery_manager-0.0.0-py3.10.egg-info/top_level.txt
-- Installing: /ws/install/battery_manager/local/lib/python3.10/dist-packages/battery_manager-0.0.0-py3.10.egg-info/SOURCES.txt
-- Installing: /ws/install/battery_manager/local/lib/python3.10/dist-packages/battery_manager-0.0.0-py3.10.egg-info/PKG-INFO
-- Installing: /ws/install/battery_manager/local/lib/python3.10/dist-packages/battery_manager-0.0.0-py3.10.egg-info/dependency_links.txt
-- Installing: /ws/install/battery_manager/local/lib/python3.10/dist-packages/battery_manager
-- Installing: /ws/install/battery_manager/local/lib/python3.10/dist-packages/battery_manager/__init__.py
-- Installing: /ws/install/battery_manager/local/lib/python3.10/dist-packages/battery_manager/_battery_manager_s.ep.rosidl_typesupport_introspection_c.c
-- Installing: /ws/install/battery_manager/local/lib/python3.10/dist-packages/battery_manager/srv
-- Installing: /ws/install/battery_manager/local/lib/python3.10/dist-packages/battery_manager/srv/__init__.py
-- Installing: /ws/install/battery_manager/local/lib/python3.10/dist-packages/battery_manager/srv/_set_led.py
-- Installing: /ws/install/battery_manager/local/lib/python3.10/dist-packages/battery_manager/srv/_set_led_s.c
-- Installing: /ws/install/battery_manager/local/lib/python3.10/dist-packages/battery_manager/libbattery_manager__rosidl_generator_py.so
-- Installing: /ws/install/battery_manager/local/lib/python3.10/dist-packages/battery_manager/_battery_manager_s.ep.rosidl_typesupport_fastrtps_c.c
-- Installing: /ws/install/battery_manager/local/lib/python3.10/dist-packages/battery_manager/msg
-- Installing: /ws/install/battery_manager/local/lib/python3.10/dist-packages/battery_manager/msg/__init__.py
-- Installing: /ws/install/battery_manager/local/lib/python3.10/dist-packages/battery_manager/msg/_led_states_s.c
-- Installing: /ws/install/battery_manager/local/lib/python3.10/dist-packages/battery_manager/msg/_led_states.py
-- Installing: /ws/install/battery_manager/local/lib/python3.10/dist-packages/battery_manager/battery_manager_s__rosidl_typesupport_c.cpython-310-x86_64-linux-gnu.so
-- Installing: /ws/install/battery_manager/local/lib/python3.10/dist-packages/battery_manager/battery_manager_s__rosidl_typesupport_introspection_c.cpython-310-x86_64-linux-gnu.so
-- Installing: /ws/install/battery_manager/local/lib/python3.10/dist-packages/battery_manager/_battery_manager_s.ep.rosidl_typesupport_c.c
-- Installing: /ws/install/battery_manager/local/lib/python3.10/dist-packages/battery_manager/battery_manager_s__rosidl_typesupport_fastrtps_c.cpython-310-x86_64-linux-gnu.so
Listing '/ws/install/battery_manager/local/lib/python3.10/dist-packages/battery_manager'...
Compiling '/ws/install/battery_manager/local/lib/python3.10/dist-packages/battery_manager/__init__.py'...
Listing '/ws/install/battery_manager/local/lib/python3.10/dist-packages/battery_manager/msg'...
Compiling '/ws/install/battery_manager/local/lib/python3.10/dist-packages/battery_manager/msg/__init__.py'...
Compiling '/ws/install/battery_manager/local/lib/python3.10/dist-packages/battery_manager/msg/_led_states.py'...
Listing '/ws/install/battery_manager/local/lib/python3.10/dist-packages/battery_manager/srv'...
Compiling '/ws/install/battery_manager/local/lib/python3.10/dist-packages/battery_manager/srv/__init__.py'...
Compiling '/ws/install/battery_manager/local/lib/python3.10/dist-packages/battery_manager/srv/_set_led.py'...
-- Installing: /ws/install/battery_manager/local/lib/python3.10/dist-packages/battery_manager/battery_manager_s__rosidl_typesupport_fastrtps_c.cpython-310-x86_64-linux-gnu.so
-- Set runtime path of "/ws/install/battery_manager/local/lib/python3.10/dist-packages/battery_manager/battery_manager_s__rosidl_typesupport_fastrtps_c.cpython-310-x86_64-linux-gnu.so" to ""
-- Installing: /ws/install/battery_manager/local/lib/python3.10/dist-packages/battery_manager/battery_manager_s__rosidl_typesupport_introspection_c.cpython-310-x86_64-linux-gnu.so
-- Set runtime path of "/ws/install/battery_manager/local/lib/python3.10/dist-packages/battery_manager/battery_manager_s__rosidl_typesupport_introspection_c.cpython-310-x86_64-linux-gnu.so" to ""
-- Installing: /ws/install/battery_manager/local/lib/python3.10/dist-packages/battery_manager/battery_manager_s__rosidl_typesupport_c.cpython-310-x86_64-linux-gnu.so
-- Set runtime path of "/ws/install/battery_manager/local/lib/python3.10/dist-packages/battery_manager/battery_manager_s__rosidl_typesupport_c.cpython-310-x86_64-linux-gnu.so" to ""
-- Installing: /ws/install/battery_manager/lib/libbattery_manager__rosidl_generator_py.so
-- Set runtime path of "/ws/install/battery_manager/lib/libbattery_manager__rosidl_generator_py.so" to ""
-- Installing: /ws/install/battery_manager/share/battery_manager/msg/LedStates.idl
-- Installing: /ws/install/battery_manager/share/battery_manager/srv/SetLed.idl
-- Installing: /ws/install/battery_manager/share/battery_manager/msg/LedStates.msg
-- Installing: /ws/install/battery_manager/share/battery_manager/srv/SetLed.srv
-- Installing: /ws/install/battery_manager/share/battery_manager/srv/SetLed_Request.msg
-- Installing: /ws/install/battery_manager/share/battery_manager/srv/SetLed_Response.msg
-- Installing: /ws/install/battery_manager/share/ament_index/resource_index/package_run_dependencies/battery_manager
-- Installing: /ws/install/battery_manager/share/ament_index/resource_index/parent_prefix_path/battery_manager
-- Installing: /ws/install/battery_manager/share/battery_manager/environment/ament_prefix_path.sh
-- Installing: /ws/install/battery_manager/share/battery_manager/environment/ament_prefix_path.dsv
-- Installing: /ws/install/battery_manager/share/battery_manager/environment/path.sh
-- Installing: /ws/install/battery_manager/share/battery_manager/environment/path.dsv
-- Installing: /ws/install/battery_manager/share/battery_manager/local_setup.bash
-- Installing: /ws/install/battery_manager/share/battery_manager/local_setup.sh
-- Installing: /ws/install/battery_manager/share/battery_manager/local_setup.zsh
-- Installing: /ws/install/battery_manager/share/battery_manager/local_setup.dsv
-- Installing: /ws/install/battery_manager/share/battery_manager/package.dsv
-- Installing: /ws/install/battery_manager/share/ament_index/resource_index/packages/battery_manager
-- Installing: /ws/install/battery_manager/share/battery_manager/cmake/export_battery_manager__rosidl_generator_cExport.cmake
-- Installing: /ws/install/battery_manager/share/battery_manager/cmake/export_battery_manager__rosidl_generator_cExport-noconfig.cmake
-- Installing: /ws/install/battery_manager/share/battery_manager/cmake/export_battery_manager__rosidl_typesupport_fastrtps_cExport.cmake
-- Installing: /ws/install/battery_manager/share/battery_manager/cmake/export_battery_manager__rosidl_typesupport_fastrtps_cExport-noconfig.cmake
-- Installing: /ws/install/battery_manager/share/battery_manager/cmake/battery_manager__rosidl_typesupport_introspection_cExport.cmake
-- Installing: /ws/install/battery_manager/share/battery_manager/cmake/battery_manager__rosidl_typesupport_introspection_cExport-noconfig.cmake
-- Installing: /ws/install/battery_manager/share/battery_manager/cmake/battery_manager__rosidl_typesupport_cExport.cmake
-- Installing: /ws/install/battery_manager/share/battery_manager/cmake/battery_manager__rosidl_typesupport_cExport-noconfig.cmake
-- Installing: /ws/install/battery_manager/share/battery_manager/cmake/export_battery_manager__rosidl_generator_cppExport.cmake
-- Installing: /ws/install/battery_manager/share/battery_manager/cmake/export_battery_manager__rosidl_typesupport_fastrtps_cppExport.cmake
-- Installing: /ws/install/battery_manager/share/battery_manager/cmake/export_battery_manager__rosidl_typesupport_fastrtps_cppExport-noconfig.cmake
-- Installing: /ws/install/battery_manager/share/battery_manager/cmake/battery_manager__rosidl_typesupport_introspection_cppExport.cmake
-- Installing: /ws/install/battery_manager/share/battery_manager/cmake/battery_manager__rosidl_typesupport_introspection_cppExport-noconfig.cmake
-- Installing: /ws/install/battery_manager/share/battery_manager/cmake/battery_manager__rosidl_typesupport_cppExport.cmake
-- Installing: /ws/install/battery_manager/share/battery_manager/cmake/battery_manager__rosidl_typesupport_cppExport-noconfig.cmake
-- Installing: /ws/install/battery_manager/share/battery_manager/cmake/export_battery_manager__rosidl_generator_pyExport.cmake
-- Installing: /ws/install/battery_manager/share/battery_manager/cmake/export_battery_manager__rosidl_generator_pyExport-noconfig.cmake
-- Installing: /ws/install/battery_manager/share/battery_manager/cmake/rosidl_cmake-extras.cmake
-- Installing: /ws/install/battery_manager/share/battery_manager/cmake/ament_cmake_export_include_directories-extras.cmake
-- Installing: /ws/install/battery_manager/share/battery_manager/cmake/ament_cmake_export_libraries-extras.cmake
-- Installing: /ws/install/battery_manager/share/battery_manager/cmake/ament_cmake_export_targets-extras.cmake
-- Installing: /ws/install/battery_manager/share/battery_manager/cmake/rosidl_cmake_export_typesupport_targets-extras.cmake
-- Installing: /ws/install/battery_manager/share/battery_manager/cmake/ament_cmake_export_dependencies-extras.cmake
-- Installing: /ws/install/battery_manager/share/battery_manager/cmake/rosidl_cmake_export_typesupport_libraries-extras.cmake
-- Installing: /ws/install/battery_manager/share/battery_manager/cmake/battery_managerConfig.cmake
-- Installing: /ws/install/battery_manager/share/battery_manager/cmake/battery_managerConfig-version.cmake
-- Installing: /ws/install/battery_manager/share/battery_manager/package.xml
