[0.008s] Invoking command in '/ws/build/robot_bringup': AMENT_PREFIX_PATH=/ws/install/my_py_pkg:/ws/install/robot_bringup:/ws/install/my_robot_interfaces:/ws/install/battery_manager:/opt/ros/humble CMAKE_PREFIX_PATH=/ws/install/my_robot_interfaces:/ws/install/robot_bringup:/ws/install/battery_manager:/ws/install/my_py_pkg:/opt/ros/humble /usr/bin/cmake --build /ws/build/robot_bringup -- -j8 -l8
[0.039s] Invoked command in '/ws/build/robot_bringup' returned '0': AMENT_PREFIX_PATH=/ws/install/my_py_pkg:/ws/install/robot_bringup:/ws/install/my_robot_interfaces:/ws/install/battery_manager:/opt/ros/humble CMAKE_PREFIX_PATH=/ws/install/my_robot_interfaces:/ws/install/robot_bringup:/ws/install/battery_manager:/ws/install/my_py_pkg:/opt/ros/humble /usr/bin/cmake --build /ws/build/robot_bringup -- -j8 -l8
[0.055s] Invoking command in '/ws/build/robot_bringup': AMENT_PREFIX_PATH=/ws/install/my_py_pkg:/ws/install/robot_bringup:/ws/install/my_robot_interfaces:/ws/install/battery_manager:/opt/ros/humble CMAKE_PREFIX_PATH=/ws/install/my_robot_interfaces:/ws/install/robot_bringup:/ws/install/battery_manager:/ws/install/my_py_pkg:/opt/ros/humble /usr/bin/cmake --install /ws/build/robot_bringup
[0.061s] -- Install configuration: ""
[0.061s] -- Up-to-date: /ws/install/robot_bringup/share/robot_bringup/launch
[0.061s] -- Up-to-date: /ws/install/robot_bringup/share/robot_bringup/launch/robot.launch.py
[0.061s] -- Up-to-date: /ws/install/robot_bringup/share/ament_index/resource_index/package_run_dependencies/robot_bringup
[0.062s] -- Up-to-date: /ws/install/robot_bringup/share/ament_index/resource_index/parent_prefix_path/robot_bringup
[0.062s] -- Up-to-date: /ws/install/robot_bringup/share/robot_bringup/environment/ament_prefix_path.sh
[0.062s] -- Up-to-date: /ws/install/robot_bringup/share/robot_bringup/environment/ament_prefix_path.dsv
[0.062s] -- Up-to-date: /ws/install/robot_bringup/share/robot_bringup/environment/path.sh
[0.062s] -- Up-to-date: /ws/install/robot_bringup/share/robot_bringup/environment/path.dsv
[0.062s] -- Up-to-date: /ws/install/robot_bringup/share/robot_bringup/local_setup.bash
[0.062s] -- Up-to-date: /ws/install/robot_bringup/share/robot_bringup/local_setup.sh
[0.062s] -- Up-to-date: /ws/install/robot_bringup/share/robot_bringup/local_setup.zsh
[0.062s] -- Up-to-date: /ws/install/robot_bringup/share/robot_bringup/local_setup.dsv
[0.062s] -- Up-to-date: /ws/install/robot_bringup/share/robot_bringup/package.dsv
[0.062s] -- Up-to-date: /ws/install/robot_bringup/share/ament_index/resource_index/packages/robot_bringup
[0.062s] -- Up-to-date: /ws/install/robot_bringup/share/robot_bringup/cmake/robot_bringupConfig.cmake
[0.063s] -- Up-to-date: /ws/install/robot_bringup/share/robot_bringup/cmake/robot_bringupConfig-version.cmake
[0.063s] -- Up-to-date: /ws/install/robot_bringup/share/robot_bringup/package.xml
[0.063s] Invoked command in '/ws/build/robot_bringup' returned '0': AMENT_PREFIX_PATH=/ws/install/my_py_pkg:/ws/install/robot_bringup:/ws/install/my_robot_interfaces:/ws/install/battery_manager:/opt/ros/humble CMAKE_PREFIX_PATH=/ws/install/my_robot_interfaces:/ws/install/robot_bringup:/ws/install/battery_manager:/ws/install/my_py_pkg:/opt/ros/humble /usr/bin/cmake --install /ws/build/robot_bringup
