[0.010s] Invoking command in '/ws/build/my_robot_description': CMAKE_PREFIX_PATH=/opt/ros/humble /usr/bin/cmake /ws/src/my_robot_description -DCMAKE_INSTALL_PREFIX=/ws/install/my_robot_description
[0.197s] -- The C compiler identification is GNU 11.4.0
[0.296s] -- The CXX compiler identification is GNU 11.4.0
[0.305s] -- Detecting C compiler ABI info
[0.371s] -- Detecting C compiler ABI info - done
[0.376s] -- Check for working C compiler: /usr/bin/cc - skipped
[0.376s] -- Detecting C compile features
[0.377s] -- Detecting C compile features - done
[0.379s] -- Detecting CXX compiler ABI info
[0.447s] -- Detecting CXX compiler ABI info - done
[0.456s] -- Check for working CXX compiler: /usr/bin/c++ - skipped
[0.456s] -- Detecting CXX compile features
[0.457s] -- Detecting CXX compile features - done
[0.474s] -- Found ament_cmake: 1.3.10 (/opt/ros/humble/share/ament_cmake/cmake)
[0.608s] -- Found Python3: /usr/bin/python3 (found version "3.10.12") found components: Interpreter 
[0.746s] -- Configuring done
[0.748s] -- Generating done
[0.748s] -- Build files have been written to: /ws/build/my_robot_description
[0.753s] Invoked command in '/ws/build/my_robot_description' returned '0': CMAKE_PREFIX_PATH=/opt/ros/humble /usr/bin/cmake /ws/src/my_robot_description -DCMAKE_INSTALL_PREFIX=/ws/install/my_robot_description
[0.753s] Invoking command in '/ws/build/my_robot_description': CMAKE_PREFIX_PATH=/opt/ros/humble /usr/bin/cmake --build /ws/build/my_robot_description -- -j8 -l8
[0.784s] Invoked command in '/ws/build/my_robot_description' returned '0': CMAKE_PREFIX_PATH=/opt/ros/humble /usr/bin/cmake --build /ws/build/my_robot_description -- -j8 -l8
[0.809s] Invoking command in '/ws/build/my_robot_description': CMAKE_PREFIX_PATH=/opt/ros/humble /usr/bin/cmake --install /ws/build/my_robot_description
[0.815s] -- Install configuration: ""
[0.815s] -- Installing: /ws/install/my_robot_description/share/my_robot_description//urdf
[0.815s] -- Installing: /ws/install/my_robot_description/share/my_robot_description//urdf/my_robot.urdf
[0.816s] -- Installing: /ws/install/my_robot_description/share/ament_index/resource_index/package_run_dependencies/my_robot_description
[0.816s] -- Installing: /ws/install/my_robot_description/share/ament_index/resource_index/parent_prefix_path/my_robot_description
[0.816s] -- Installing: /ws/install/my_robot_description/share/my_robot_description/environment/ament_prefix_path.sh
[0.816s] -- Installing: /ws/install/my_robot_description/share/my_robot_description/environment/ament_prefix_path.dsv
[0.816s] -- Installing: /ws/install/my_robot_description/share/my_robot_description/environment/path.sh
[0.816s] -- Installing: /ws/install/my_robot_description/share/my_robot_description/environment/path.dsv
[0.816s] -- Installing: /ws/install/my_robot_description/share/my_robot_description/local_setup.bash
[0.817s] -- Installing: /ws/install/my_robot_description/share/my_robot_description/local_setup.sh
[0.817s] -- Installing: /ws/install/my_robot_description/share/my_robot_description/local_setup.zsh
[0.817s] -- Installing: /ws/install/my_robot_description/share/my_robot_description/local_setup.dsv
[0.817s] -- Installing: /ws/install/my_robot_description/share/my_robot_description/package.dsv
[0.817s] -- Installing: /ws/install/my_robot_description/share/ament_index/resource_index/packages/my_robot_description
[0.817s] -- Installing: /ws/install/my_robot_description/share/my_robot_description/cmake/my_robot_descriptionConfig.cmake
[0.817s] -- Installing: /ws/install/my_robot_description/share/my_robot_description/cmake/my_robot_descriptionConfig-version.cmake
[0.817s] -- Installing: /ws/install/my_robot_description/share/my_robot_description/package.xml
[0.820s] Invoked command in '/ws/build/my_robot_description' returned '0': CMAKE_PREFIX_PATH=/opt/ros/humble /usr/bin/cmake --install /ws/build/my_robot_description
