[0.980s] Invoking command in '/ws/src/my_py_pkg': PYTHONPATH=/ws/build/my_py_pkg/prefix_override:/usr/lib/python3/dist-packages/colcon_core/task/python/colcon_distutils_commands:/ws/install/my_py_pkg/lib/python3.10/site-packages:${PYTHONPATH} /usr/bin/python3 -W ignore:setup.py install is deprecated setup.py egg_info --egg-base ../../build/my_py_pkg build --build-base /ws/build/my_py_pkg/build install --record /ws/build/my_py_pkg/install.log --single-version-externally-managed install_data
[1.363s] running egg_info
[1.364s] writing ../../build/my_py_pkg/my_py_pkg.egg-info/PKG-INFO
[1.364s] writing dependency_links to ../../build/my_py_pkg/my_py_pkg.egg-info/dependency_links.txt
[1.365s] writing entry points to ../../build/my_py_pkg/my_py_pkg.egg-info/entry_points.txt
[1.365s] writing requirements to ../../build/my_py_pkg/my_py_pkg.egg-info/requires.txt
[1.365s] writing top-level names to ../../build/my_py_pkg/my_py_pkg.egg-info/top_level.txt
[1.368s] reading manifest file '../../build/my_py_pkg/my_py_pkg.egg-info/SOURCES.txt'
[1.369s] writing manifest file '../../build/my_py_pkg/my_py_pkg.egg-info/SOURCES.txt'
[1.370s] running build
[1.370s] running build_py
[1.370s] copying my_py_pkg/my_first_node.py -> /ws/build/my_py_pkg/build/lib/my_py_pkg
[1.370s] running install
[1.371s] running install_lib
[1.372s] copying /ws/build/my_py_pkg/build/lib/my_py_pkg/my_first_node.py -> /ws/install/my_py_pkg/lib/python3.10/site-packages/my_py_pkg
[1.373s] byte-compiling /ws/install/my_py_pkg/lib/python3.10/site-packages/my_py_pkg/my_first_node.py to my_first_node.cpython-310.pyc
[1.374s]   File "/ws/install/my_py_pkg/lib/python3.10/site-packages/my_py_pkg/my_first_node.py", line 14
[1.374s]     		self.get_logger().info("Hello" str(self.counter_))
[1.374s]     		                       ^^^^^^^^^^^^^^^^^^^^^^^^^^
[1.374s] SyntaxError: invalid syntax. Perhaps you forgot a comma?
[1.375s] 
[1.375s] running install_data
[1.375s] running install_egg_info
[1.377s] removing '/ws/install/my_py_pkg/lib/python3.10/site-packages/my_py_pkg-0.0.0-py3.10.egg-info' (and everything under it)
[1.378s] Copying ../../build/my_py_pkg/my_py_pkg.egg-info to /ws/install/my_py_pkg/lib/python3.10/site-packages/my_py_pkg-0.0.0-py3.10.egg-info
[1.379s] running install_scripts
[1.416s] Installing py_node script to /ws/install/my_py_pkg/lib/my_py_pkg
[1.417s] writing list of installed files to '/ws/build/my_py_pkg/install.log'
[1.460s] Invoked command in '/ws/src/my_py_pkg' returned '0': PYTHONPATH=/ws/build/my_py_pkg/prefix_override:/usr/lib/python3/dist-packages/colcon_core/task/python/colcon_distutils_commands:/ws/install/my_py_pkg/lib/python3.10/site-packages:${PYTHONPATH} /usr/bin/python3 -W ignore:setup.py install is deprecated setup.py egg_info --egg-base ../../build/my_py_pkg build --build-base /ws/build/my_py_pkg/build install --record /ws/build/my_py_pkg/install.log --single-version-externally-managed install_data
